{"obj": {"type": "AssignString", "path": ["sys", "name"], "value": "Untitled"}, "version": 1}
{"obj": {"type": "AssignString", "path": ["sys", "description"], "value": ""}, "version": 2}
{"obj": {"type": "AssignString", "path": ["sys", "hostname"], "value": "nipa2019-0087"}, "version": 3}
{"obj": {"type": "AssignBool", "path": ["sys", "failed"], "value": false}, "version": 4}
{"obj": {"type": "ClearStringLog", "path": ["monitoring", "stdout"]}, "version": 5}
{"obj": {"type": "ClearStringLog", "path": ["monitoring", "stderr"]}, "version": 6}
{"obj": {"type": "AssignString", "path": ["source_code", "entrypoint"], "value": "main.py"}, "version": 7}
{"obj": {"type": "UploadFileSet", "path": ["source_code", "files"], "file_globs": ["/home/jaeho3690/Meta/main.py"], "reset": "False"}, "version": 8}
{"obj": {"type": "ConfigFloatSeries", "path": ["monitoring", "cpu"], "min": 0.0, "max": 100.0, "unit": "%"}, "version": 9}
{"obj": {"type": "ClearFloatLog", "path": ["monitoring", "cpu"]}, "version": 10}
{"obj": {"type": "ConfigFloatSeries", "path": ["monitoring", "memory"], "min": 0.0, "max": 88.49047470092773, "unit": "GB"}, "version": 11}
{"obj": {"type": "ClearFloatLog", "path": ["monitoring", "memory"]}, "version": 12}
{"obj": {"type": "ConfigFloatSeries", "path": ["monitoring", "gpu"], "min": 0.0, "max": 100.0, "unit": "%"}, "version": 13}
{"obj": {"type": "ClearFloatLog", "path": ["monitoring", "gpu"]}, "version": 14}
{"obj": {"type": "ConfigFloatSeries", "path": ["monitoring", "gpu_memory"], "min": 0.0, "max": 31.71923828125, "unit": "GB"}, "version": 15}
{"obj": {"type": "ClearFloatLog", "path": ["monitoring", "gpu_memory"]}, "version": 16}
{"obj": {"type": "LogFloats", "path": ["monitoring", "cpu"], "values": [{"value": 9.4, "step": null, "ts": 1639186272.2782001}]}, "version": 17}
{"obj": {"type": "LogFloats", "path": ["monitoring", "memory"], "values": [{"value": 6.354465484619141, "step": null, "ts": 1639186272.2782001}]}, "version": 18}
{"obj": {"type": "LogFloats", "path": ["monitoring", "gpu_memory"], "values": [{"value": 1.5211181640625, "step": null, "ts": 1639186272.2782001}]}, "version": 19}
{"obj": {"type": "LogStrings", "path": ["monitoring", "stdout"], "values": [{"value": "", "step": null, "ts": 1639186272.2917736}]}, "version": 20}
{"obj": {"type": "LogStrings", "path": ["monitoring", "stdout"], "values": [{"value": "https://app.neptune.ai/jaeho3690/metalearningCW/e/MET-48\n", "step": null, "ts": 1639186272.3005903}]}, "version": 21}
{"obj": {"type": "AddStrings", "path": ["sys", "tags"], "values": ["15", "5", "1", "proto", "miniimagenet"]}, "version": 22}
{"obj": {"type": "AssignString", "path": ["meta_config", "model"], "value": "proto"}, "version": 23}
{"obj": {"type": "AssignString", "path": ["meta_config", "dataset"], "value": "miniimagenet"}, "version": 24}
{"obj": {"type": "AssignString", "path": ["meta_config", "device"], "value": "cuda"}, "version": 25}
{"obj": {"type": "AssignInt", "path": ["meta_config", "num_workers"], "value": 1}, "version": 26}
{"obj": {"type": "AssignInt", "path": ["meta_config", "N"], "value": 5}, "version": 27}
{"obj": {"type": "AssignInt", "path": ["meta_config", "K"], "value": 1}, "version": 28}
{"obj": {"type": "AssignInt", "path": ["meta_config", "Q"], "value": 15}, "version": 29}
{"obj": {"type": "AssignInt", "path": ["meta_config", "total_episode_num"], "value": 60000}, "version": 30}
{"obj": {"type": "AssignInt", "path": ["meta_config", "train_iter"], "value": 5000}, "version": 31}
{"obj": {"type": "AssignInt", "path": ["meta_config", "val_iter"], "value": 5000}, "version": 32}
{"obj": {"type": "AssignInt", "path": ["meta_config", "test_iter"], "value": 600}, "version": 33}
{"obj": {"type": "AssignString", "path": ["meta_config", "load_pt"], "value": "None"}, "version": 34}
{"obj": {"type": "AssignString", "path": ["meta_config", "save_pt"], "value": "proto-miniimagenet-5way-1shot-15"}, "version": 35}
{"obj": {"type": "AssignInt", "path": ["meta_config", "seed"], "value": 0}, "version": 36}
{"obj": {"type": "AssignInt", "path": ["model_config", "inner_loop"], "value": 1}, "version": 37}
{"obj": {"type": "AssignInt", "path": ["model_config", "embedding-size"], "value": 64}, "version": 38}
{"obj": {"type": "AssignInt", "path": ["model_config", "in_channels"], "value": 3}, "version": 39}
{"obj": {"type": "AssignInt", "path": ["model_config", "out_channels"], "value": 64}, "version": 40}
{"obj": {"type": "AssignFloat", "path": ["model_config", "lr"], "value": 0.0001}, "version": 41}
{"obj": {"type": "LogStrings", "path": ["monitoring", "stdout"], "values": [{"value": "LOADED EPISODE FILE FOR train: miniimagenet-train-5way-1shot-15query-60000episodes.pkl", "step": null, "ts": 1639186279.6217043}]}, "version": 42}
{"obj": {"type": "LogStrings", "path": ["monitoring", "stdout"], "values": [{"value": "\n", "step": null, "ts": 1639186279.6221128}]}, "version": 43}
{"obj": {"type": "LogStrings", "path": ["monitoring", "stdout"], "values": [{"value": "LOADED EPISODE FILE FOR val: miniimagenet-val-5way-1shot-15query-60000episodes.pkl", "step": null, "ts": 1639186281.757296}]}, "version": 44}
{"obj": {"type": "LogStrings", "path": ["monitoring", "stdout"], "values": [{"value": "\n", "step": null, "ts": 1639186281.757685}]}, "version": 45}
{"obj": {"type": "LogFloats", "path": ["monitoring", "cpu"], "values": [{"value": 18.2, "step": null, "ts": 1639186282.2829332}]}, "version": 46}
{"obj": {"type": "LogFloats", "path": ["monitoring", "memory"], "values": [{"value": 10.831966400146484, "step": null, "ts": 1639186282.2829332}]}, "version": 47}
{"obj": {"type": "LogFloats", "path": ["monitoring", "gpu_memory"], "values": [{"value": 2.6490478515625, "step": null, "ts": 1639186282.2829332}]}, "version": 48}
{"obj": {"type": "LogStrings", "path": ["monitoring", "stdout"], "values": [{"value": "LOADED EPISODE FILE FOR test: miniimagenet-test-5way-1shot-15query-60000episodes.pkl", "step": null, "ts": 1639186283.4322045}]}, "version": 49}
{"obj": {"type": "LogStrings", "path": ["monitoring", "stdout"], "values": [{"value": "\n", "step": null, "ts": 1639186283.4327807}]}, "version": 50}
{"obj": {"type": "LogStrings", "path": ["monitoring", "stderr"], "values": [{"value": "\r  0%|                                                                                                                                                                                                                                               | 0/60000 [00:00<?, ?it/s]", "step": null, "ts": 1639186283.4410565}]}, "version": 51}
{"obj": {"type": "LogStrings", "path": ["monitoring", "stderr"], "values": [{"value": "", "step": null, "ts": 1639186284.3182256}]}, "version": 52}
{"obj": {"type": "LogStrings", "path": ["monitoring", "stderr"], "values": [{"value": "\r  0%|                                                                                                                                                                                                                                               | 0/60000 [00:00<?, ?it/s]", "step": null, "ts": 1639186284.3210182}]}, "version": 53}
{"obj": {"type": "LogStrings", "path": ["monitoring", "stderr"], "values": [{"value": "\n", "step": null, "ts": 1639186284.3218946}]}, "version": 54}
{"obj": {"type": "LogFloats", "path": ["monitoring", "cpu"], "values": [{"value": 4.0, "step": null, "ts": 1639186292.2993565}]}, "version": 55}
{"obj": {"type": "LogFloats", "path": ["monitoring", "memory"], "values": [{"value": 11.155384063720703, "step": null, "ts": 1639186292.2993565}]}, "version": 56}
{"obj": {"type": "LogFloats", "path": ["monitoring", "gpu_memory"], "values": [{"value": 2.6490478515625, "step": null, "ts": 1639186292.2993565}]}, "version": 57}
{"obj": {"type": "LogFloats", "path": ["monitoring", "cpu"], "values": [{"value": 2.8, "step": null, "ts": 1639186302.3029332}]}, "version": 58}
{"obj": {"type": "LogFloats", "path": ["monitoring", "memory"], "values": [{"value": 11.172298431396484, "step": null, "ts": 1639186302.3029332}]}, "version": 59}
{"obj": {"type": "LogFloats", "path": ["monitoring", "gpu_memory"], "values": [{"value": 2.6490478515625, "step": null, "ts": 1639186302.3029332}]}, "version": 60}
{"obj": {"type": "LogFloats", "path": ["monitoring", "cpu"], "values": [{"value": 3.5, "step": null, "ts": 1639186312.30541}]}, "version": 61}
{"obj": {"type": "LogFloats", "path": ["monitoring", "memory"], "values": [{"value": 11.038555145263672, "step": null, "ts": 1639186312.30541}]}, "version": 62}
{"obj": {"type": "LogFloats", "path": ["monitoring", "gpu_memory"], "values": [{"value": 2.6490478515625, "step": null, "ts": 1639186312.30541}]}, "version": 63}
{"obj": {"type": "LogFloats", "path": ["monitoring", "cpu"], "values": [{"value": 0.8, "step": null, "ts": 1639186322.3079464}]}, "version": 64}
{"obj": {"type": "LogFloats", "path": ["monitoring", "memory"], "values": [{"value": 11.039257049560547, "step": null, "ts": 1639186322.3079464}]}, "version": 65}
{"obj": {"type": "LogFloats", "path": ["monitoring", "gpu_memory"], "values": [{"value": 2.6490478515625, "step": null, "ts": 1639186322.3079464}]}, "version": 66}
{"obj": {"type": "LogFloats", "path": ["monitoring", "cpu"], "values": [{"value": 0.7, "step": null, "ts": 1639186332.3106055}]}, "version": 67}
{"obj": {"type": "LogFloats", "path": ["monitoring", "memory"], "values": [{"value": 11.038253784179688, "step": null, "ts": 1639186332.3106055}]}, "version": 68}
{"obj": {"type": "LogFloats", "path": ["monitoring", "gpu_memory"], "values": [{"value": 2.6490478515625, "step": null, "ts": 1639186332.3106055}]}, "version": 69}
{"obj": {"type": "LogFloats", "path": ["monitoring", "cpu"], "values": [{"value": 0.5, "step": null, "ts": 1639186342.3131003}]}, "version": 70}
{"obj": {"type": "LogFloats", "path": ["monitoring", "memory"], "values": [{"value": 11.038585662841797, "step": null, "ts": 1639186342.3131003}]}, "version": 71}
{"obj": {"type": "LogFloats", "path": ["monitoring", "gpu_memory"], "values": [{"value": 2.6490478515625, "step": null, "ts": 1639186342.3131003}]}, "version": 72}
{"obj": {"type": "LogFloats", "path": ["monitoring", "cpu"], "values": [{"value": 0.5, "step": null, "ts": 1639186352.3157146}]}, "version": 73}
{"obj": {"type": "LogFloats", "path": ["monitoring", "memory"], "values": [{"value": 11.038963317871094, "step": null, "ts": 1639186352.3157146}]}, "version": 74}
{"obj": {"type": "LogFloats", "path": ["monitoring", "gpu_memory"], "values": [{"value": 2.6490478515625, "step": null, "ts": 1639186352.3157146}]}, "version": 75}
{"obj": {"type": "LogFloats", "path": ["monitoring", "cpu"], "values": [{"value": 1.4, "step": null, "ts": 1639186362.3182795}]}, "version": 76}
{"obj": {"type": "LogFloats", "path": ["monitoring", "memory"], "values": [{"value": 11.040584564208984, "step": null, "ts": 1639186362.3182795}]}, "version": 77}
{"obj": {"type": "LogFloats", "path": ["monitoring", "gpu_memory"], "values": [{"value": 2.6490478515625, "step": null, "ts": 1639186362.3182795}]}, "version": 78}
