{"obj": {"type": "AssignString", "path": ["sys", "name"], "value": "Untitled"}, "version": 1}
{"obj": {"type": "AssignString", "path": ["sys", "description"], "value": ""}, "version": 2}
{"obj": {"type": "AssignString", "path": ["sys", "hostname"], "value": "nipa2019-0087"}, "version": 3}
{"obj": {"type": "AssignBool", "path": ["sys", "failed"], "value": false}, "version": 4}
{"obj": {"type": "ClearStringLog", "path": ["monitoring", "stdout"]}, "version": 5}
{"obj": {"type": "ClearStringLog", "path": ["monitoring", "stderr"]}, "version": 6}
{"obj": {"type": "AssignString", "path": ["source_code", "entrypoint"], "value": "main.py"}, "version": 7}
{"obj": {"type": "UploadFileSet", "path": ["source_code", "files"], "file_globs": ["/home/jaeho3690/Meta/main.py"], "reset": "False"}, "version": 8}
{"obj": {"type": "ConfigFloatSeries", "path": ["monitoring", "cpu"], "min": 0.0, "max": 100.0, "unit": "%"}, "version": 9}
{"obj": {"type": "ClearFloatLog", "path": ["monitoring", "cpu"]}, "version": 10}
{"obj": {"type": "ConfigFloatSeries", "path": ["monitoring", "memory"], "min": 0.0, "max": 88.49047470092773, "unit": "GB"}, "version": 11}
{"obj": {"type": "ClearFloatLog", "path": ["monitoring", "memory"]}, "version": 12}
{"obj": {"type": "ConfigFloatSeries", "path": ["monitoring", "gpu"], "min": 0.0, "max": 100.0, "unit": "%"}, "version": 13}
{"obj": {"type": "ClearFloatLog", "path": ["monitoring", "gpu"]}, "version": 14}
{"obj": {"type": "ConfigFloatSeries", "path": ["monitoring", "gpu_memory"], "min": 0.0, "max": 31.71923828125, "unit": "GB"}, "version": 15}
{"obj": {"type": "ClearFloatLog", "path": ["monitoring", "gpu_memory"]}, "version": 16}
{"obj": {"type": "LogFloats", "path": ["monitoring", "cpu"], "values": [{"value": 9.0, "step": null, "ts": 1639184509.8162801}]}, "version": 17}
{"obj": {"type": "LogFloats", "path": ["monitoring", "memory"], "values": [{"value": 6.695484161376953, "step": null, "ts": 1639184509.8162801}]}, "version": 18}
{"obj": {"type": "LogFloats", "path": ["monitoring", "gpu_memory"], "values": [{"value": 1.5211181640625, "step": null, "ts": 1639184509.8162801}]}, "version": 19}
{"obj": {"type": "LogStrings", "path": ["monitoring", "stdout"], "values": [{"value": "", "step": null, "ts": 1639184509.8374987}]}, "version": 20}
{"obj": {"type": "LogStrings", "path": ["monitoring", "stdout"], "values": [{"value": "https://app.neptune.ai/jaeho3690/metalearningCW/e/MET-45\n", "step": null, "ts": 1639184509.8382795}]}, "version": 21}
{"obj": {"type": "AddStrings", "path": ["sys", "tags"], "values": ["15", "proto", "miniimagenet", "1", "5"]}, "version": 22}
{"obj": {"type": "AssignString", "path": ["meta_config", "model"], "value": "proto"}, "version": 23}
{"obj": {"type": "AssignString", "path": ["meta_config", "dataset"], "value": "miniimagenet"}, "version": 24}
{"obj": {"type": "AssignString", "path": ["meta_config", "device"], "value": "cuda"}, "version": 25}
{"obj": {"type": "AssignInt", "path": ["meta_config", "num_workers"], "value": 1}, "version": 26}
{"obj": {"type": "AssignInt", "path": ["meta_config", "N"], "value": 5}, "version": 27}
{"obj": {"type": "AssignInt", "path": ["meta_config", "K"], "value": 1}, "version": 28}
{"obj": {"type": "AssignInt", "path": ["meta_config", "Q"], "value": 15}, "version": 29}
{"obj": {"type": "AssignInt", "path": ["meta_config", "total_episode_num"], "value": 60000}, "version": 30}
{"obj": {"type": "AssignInt", "path": ["meta_config", "train_iter"], "value": 5000}, "version": 31}
{"obj": {"type": "AssignInt", "path": ["meta_config", "val_iter"], "value": 5000}, "version": 32}
{"obj": {"type": "AssignInt", "path": ["meta_config", "test_iter"], "value": 600}, "version": 33}
{"obj": {"type": "AssignString", "path": ["meta_config", "load_pt"], "value": "None"}, "version": 34}
{"obj": {"type": "AssignString", "path": ["meta_config", "save_pt"], "value": "proto-miniimagenet-5way-1shot-15"}, "version": 35}
{"obj": {"type": "AssignInt", "path": ["meta_config", "seed"], "value": 0}, "version": 36}
{"obj": {"type": "AssignInt", "path": ["model_config", "inner_loop"], "value": 1}, "version": 37}
{"obj": {"type": "AssignInt", "path": ["model_config", "embedding-size"], "value": 64}, "version": 38}
{"obj": {"type": "AssignInt", "path": ["model_config", "in_channels"], "value": 3}, "version": 39}
{"obj": {"type": "AssignInt", "path": ["model_config", "out_channels"], "value": 64}, "version": 40}
{"obj": {"type": "AssignFloat", "path": ["model_config", "lr"], "value": 0.0001}, "version": 41}
{"obj": {"type": "LogStrings", "path": ["monitoring", "stdout"], "values": [{"value": "LOADED EPISODE FILE FOR train: miniimagenet-train-5way-1shot-15query-60000episodes.pkl", "step": null, "ts": 1639184517.1805189}]}, "version": 42}
{"obj": {"type": "LogStrings", "path": ["monitoring", "stdout"], "values": [{"value": "\n", "step": null, "ts": 1639184517.1809022}]}, "version": 43}
{"obj": {"type": "LogStrings", "path": ["monitoring", "stdout"], "values": [{"value": "LOADED EPISODE FILE FOR val: miniimagenet-val-5way-1shot-15query-60000episodes.pkl", "step": null, "ts": 1639184519.3042123}]}, "version": 44}
{"obj": {"type": "LogStrings", "path": ["monitoring", "stdout"], "values": [{"value": "\n", "step": null, "ts": 1639184519.3045938}]}, "version": 45}
{"obj": {"type": "LogFloats", "path": ["monitoring", "cpu"], "values": [{"value": 18.6, "step": null, "ts": 1639184519.8206792}]}, "version": 46}
{"obj": {"type": "LogFloats", "path": ["monitoring", "memory"], "values": [{"value": 11.212520599365234, "step": null, "ts": 1639184519.8206792}]}, "version": 47}
{"obj": {"type": "LogFloats", "path": ["monitoring", "gpu_memory"], "values": [{"value": 2.6490478515625, "step": null, "ts": 1639184519.8206792}]}, "version": 48}
{"obj": {"type": "LogStrings", "path": ["monitoring", "stdout"], "values": [{"value": "LOADED EPISODE FILE FOR test: miniimagenet-test-5way-1shot-15query-60000episodes.pkl", "step": null, "ts": 1639184520.9688878}]}, "version": 49}
{"obj": {"type": "LogStrings", "path": ["monitoring", "stdout"], "values": [{"value": "\n", "step": null, "ts": 1639184520.9692767}]}, "version": 50}
{"obj": {"type": "LogStrings", "path": ["monitoring", "stderr"], "values": [{"value": "\r  0%|                                                                                                                                                                                                                                               | 0/60000 [00:00<?, ?it/s]", "step": null, "ts": 1639184520.977394}]}, "version": 51}
{"obj": {"type": "LogFloats", "path": ["monitoring", "cpu"], "values": [{"value": 2.4, "step": null, "ts": 1639184529.8365648}]}, "version": 52}
{"obj": {"type": "LogFloats", "path": ["monitoring", "memory"], "values": [{"value": 11.53030014038086, "step": null, "ts": 1639184529.8365648}]}, "version": 53}
{"obj": {"type": "LogFloats", "path": ["monitoring", "gpu_memory"], "values": [{"value": 2.6490478515625, "step": null, "ts": 1639184529.8365648}]}, "version": 54}
{"obj": {"type": "LogFloats", "path": ["monitoring", "cpu"], "values": [{"value": 0.9, "step": null, "ts": 1639184539.839424}]}, "version": 55}
{"obj": {"type": "LogFloats", "path": ["monitoring", "memory"], "values": [{"value": 11.517684936523438, "step": null, "ts": 1639184539.839424}]}, "version": 56}
{"obj": {"type": "LogFloats", "path": ["monitoring", "gpu_memory"], "values": [{"value": 2.6490478515625, "step": null, "ts": 1639184539.839424}]}, "version": 57}
{"obj": {"type": "LogFloats", "path": ["monitoring", "cpu"], "values": [{"value": 3.0, "step": null, "ts": 1639184549.8415983}]}, "version": 58}
{"obj": {"type": "LogFloats", "path": ["monitoring", "memory"], "values": [{"value": 11.470474243164062, "step": null, "ts": 1639184549.8415983}]}, "version": 59}
{"obj": {"type": "LogFloats", "path": ["monitoring", "gpu_memory"], "values": [{"value": 2.6490478515625, "step": null, "ts": 1639184549.8415983}]}, "version": 60}
{"obj": {"type": "LogFloats", "path": ["monitoring", "cpu"], "values": [{"value": 2.3, "step": null, "ts": 1639184559.8437479}]}, "version": 61}
{"obj": {"type": "LogFloats", "path": ["monitoring", "memory"], "values": [{"value": 11.495960235595703, "step": null, "ts": 1639184559.8437479}]}, "version": 62}
{"obj": {"type": "LogFloats", "path": ["monitoring", "gpu_memory"], "values": [{"value": 2.6490478515625, "step": null, "ts": 1639184559.8437479}]}, "version": 63}
{"obj": {"type": "LogFloats", "path": ["monitoring", "cpu"], "values": [{"value": 3.4, "step": null, "ts": 1639184569.8460512}]}, "version": 64}
{"obj": {"type": "LogFloats", "path": ["monitoring", "memory"], "values": [{"value": 11.467300415039062, "step": null, "ts": 1639184569.8460512}]}, "version": 65}
{"obj": {"type": "LogFloats", "path": ["monitoring", "gpu_memory"], "values": [{"value": 2.6490478515625, "step": null, "ts": 1639184569.8460512}]}, "version": 66}
{"obj": {"type": "LogFloats", "path": ["monitoring", "cpu"], "values": [{"value": 0.9, "step": null, "ts": 1639184579.848467}]}, "version": 67}
{"obj": {"type": "LogFloats", "path": ["monitoring", "memory"], "values": [{"value": 11.470367431640625, "step": null, "ts": 1639184579.848467}]}, "version": 68}
{"obj": {"type": "LogFloats", "path": ["monitoring", "gpu_memory"], "values": [{"value": 2.6490478515625, "step": null, "ts": 1639184579.848467}]}, "version": 69}
{"obj": {"type": "LogFloats", "path": ["monitoring", "cpu"], "values": [{"value": 0.5, "step": null, "ts": 1639184589.8533297}]}, "version": 70}
{"obj": {"type": "LogFloats", "path": ["monitoring", "memory"], "values": [{"value": 11.472053527832031, "step": null, "ts": 1639184589.8533297}]}, "version": 71}
{"obj": {"type": "LogFloats", "path": ["monitoring", "gpu_memory"], "values": [{"value": 2.6490478515625, "step": null, "ts": 1639184589.8533297}]}, "version": 72}
{"obj": {"type": "LogFloats", "path": ["monitoring", "cpu"], "values": [{"value": 0.1, "step": null, "ts": 1639184599.8556526}]}, "version": 73}
{"obj": {"type": "LogFloats", "path": ["monitoring", "memory"], "values": [{"value": 11.472484588623047, "step": null, "ts": 1639184599.8556526}]}, "version": 74}
{"obj": {"type": "LogFloats", "path": ["monitoring", "gpu_memory"], "values": [{"value": 2.6490478515625, "step": null, "ts": 1639184599.8556526}]}, "version": 75}
{"obj": {"type": "LogFloats", "path": ["monitoring", "cpu"], "values": [{"value": 0.1, "step": null, "ts": 1639184609.857898}]}, "version": 76}
{"obj": {"type": "LogFloats", "path": ["monitoring", "memory"], "values": [{"value": 11.472541809082031, "step": null, "ts": 1639184609.857898}]}, "version": 77}
{"obj": {"type": "LogFloats", "path": ["monitoring", "gpu_memory"], "values": [{"value": 2.6490478515625, "step": null, "ts": 1639184609.857898}]}, "version": 78}
{"obj": {"type": "LogFloats", "path": ["monitoring", "cpu"], "values": [{"value": 0.1, "step": null, "ts": 1639184619.860141}]}, "version": 79}
{"obj": {"type": "LogFloats", "path": ["monitoring", "memory"], "values": [{"value": 11.473014831542969, "step": null, "ts": 1639184619.860141}]}, "version": 80}
{"obj": {"type": "LogFloats", "path": ["monitoring", "gpu_memory"], "values": [{"value": 2.6490478515625, "step": null, "ts": 1639184619.860141}]}, "version": 81}
{"obj": {"type": "LogFloats", "path": ["monitoring", "cpu"], "values": [{"value": 0.1, "step": null, "ts": 1639184629.8624072}]}, "version": 82}
{"obj": {"type": "LogFloats", "path": ["monitoring", "memory"], "values": [{"value": 11.473163604736328, "step": null, "ts": 1639184629.8624072}]}, "version": 83}
{"obj": {"type": "LogFloats", "path": ["monitoring", "gpu_memory"], "values": [{"value": 2.6490478515625, "step": null, "ts": 1639184629.8624072}]}, "version": 84}
{"obj": {"type": "LogFloats", "path": ["monitoring", "cpu"], "values": [{"value": 0.1, "step": null, "ts": 1639184639.8646235}]}, "version": 85}
{"obj": {"type": "LogFloats", "path": ["monitoring", "memory"], "values": [{"value": 11.472759246826172, "step": null, "ts": 1639184639.8646235}]}, "version": 86}
{"obj": {"type": "LogFloats", "path": ["monitoring", "gpu_memory"], "values": [{"value": 2.6490478515625, "step": null, "ts": 1639184639.8646235}]}, "version": 87}
{"obj": {"type": "LogFloats", "path": ["monitoring", "cpu"], "values": [{"value": 0.2, "step": null, "ts": 1639184649.8668213}]}, "version": 88}
{"obj": {"type": "LogFloats", "path": ["monitoring", "memory"], "values": [{"value": 11.470745086669922, "step": null, "ts": 1639184649.8668213}]}, "version": 89}
{"obj": {"type": "LogFloats", "path": ["monitoring", "gpu_memory"], "values": [{"value": 2.6490478515625, "step": null, "ts": 1639184649.8668213}]}, "version": 90}
{"obj": {"type": "LogFloats", "path": ["monitoring", "cpu"], "values": [{"value": 0.1, "step": null, "ts": 1639184659.8689897}]}, "version": 91}
{"obj": {"type": "LogFloats", "path": ["monitoring", "memory"], "values": [{"value": 11.469928741455078, "step": null, "ts": 1639184659.8689897}]}, "version": 92}
{"obj": {"type": "LogFloats", "path": ["monitoring", "gpu_memory"], "values": [{"value": 2.6490478515625, "step": null, "ts": 1639184659.8689897}]}, "version": 93}
{"obj": {"type": "LogFloats", "path": ["monitoring", "cpu"], "values": [{"value": 0.1, "step": null, "ts": 1639184669.8713257}]}, "version": 94}
{"obj": {"type": "LogFloats", "path": ["monitoring", "memory"], "values": [{"value": 11.470447540283203, "step": null, "ts": 1639184669.8713257}]}, "version": 95}
{"obj": {"type": "LogFloats", "path": ["monitoring", "gpu_memory"], "values": [{"value": 2.6490478515625, "step": null, "ts": 1639184669.8713257}]}, "version": 96}
{"obj": {"type": "LogFloats", "path": ["monitoring", "cpu"], "values": [{"value": 0.1, "step": null, "ts": 1639184679.874815}]}, "version": 97}
{"obj": {"type": "LogFloats", "path": ["monitoring", "memory"], "values": [{"value": 11.470890045166016, "step": null, "ts": 1639184679.874815}]}, "version": 98}
{"obj": {"type": "LogFloats", "path": ["monitoring", "gpu_memory"], "values": [{"value": 2.6490478515625, "step": null, "ts": 1639184679.874815}]}, "version": 99}
{"obj": {"type": "LogFloats", "path": ["monitoring", "cpu"], "values": [{"value": 0.9, "step": null, "ts": 1639184689.8773386}]}, "version": 100}
{"obj": {"type": "LogFloats", "path": ["monitoring", "memory"], "values": [{"value": 11.471561431884766, "step": null, "ts": 1639184689.8773386}]}, "version": 101}
{"obj": {"type": "LogFloats", "path": ["monitoring", "gpu_memory"], "values": [{"value": 2.6490478515625, "step": null, "ts": 1639184689.8773386}]}, "version": 102}
{"obj": {"type": "LogFloats", "path": ["monitoring", "cpu"], "values": [{"value": 0.2, "step": null, "ts": 1639184699.8805969}]}, "version": 103}
{"obj": {"type": "LogFloats", "path": ["monitoring", "memory"], "values": [{"value": 11.47176742553711, "step": null, "ts": 1639184699.8805969}]}, "version": 104}
{"obj": {"type": "LogFloats", "path": ["monitoring", "gpu_memory"], "values": [{"value": 2.6490478515625, "step": null, "ts": 1639184699.8805969}]}, "version": 105}
{"obj": {"type": "LogFloats", "path": ["monitoring", "cpu"], "values": [{"value": 0.1, "step": null, "ts": 1639184709.8831265}]}, "version": 106}
{"obj": {"type": "LogFloats", "path": ["monitoring", "memory"], "values": [{"value": 11.470882415771484, "step": null, "ts": 1639184709.8831265}]}, "version": 107}
{"obj": {"type": "LogFloats", "path": ["monitoring", "gpu_memory"], "values": [{"value": 2.6490478515625, "step": null, "ts": 1639184709.8831265}]}, "version": 108}
{"obj": {"type": "LogFloats", "path": ["monitoring", "cpu"], "values": [{"value": 0.1, "step": null, "ts": 1639184719.8880706}]}, "version": 109}
{"obj": {"type": "LogFloats", "path": ["monitoring", "memory"], "values": [{"value": 11.469669342041016, "step": null, "ts": 1639184719.8880706}]}, "version": 110}
{"obj": {"type": "LogFloats", "path": ["monitoring", "gpu_memory"], "values": [{"value": 2.6490478515625, "step": null, "ts": 1639184719.8880706}]}, "version": 111}
{"obj": {"type": "LogFloats", "path": ["monitoring", "cpu"], "values": [{"value": 0.2, "step": null, "ts": 1639184729.8902462}]}, "version": 112}
{"obj": {"type": "LogFloats", "path": ["monitoring", "memory"], "values": [{"value": 11.47052001953125, "step": null, "ts": 1639184729.8902462}]}, "version": 113}
{"obj": {"type": "LogFloats", "path": ["monitoring", "gpu_memory"], "values": [{"value": 2.6490478515625, "step": null, "ts": 1639184729.8902462}]}, "version": 114}
{"obj": {"type": "LogFloats", "path": ["monitoring", "cpu"], "values": [{"value": 0.1, "step": null, "ts": 1639184739.892418}]}, "version": 115}
{"obj": {"type": "LogFloats", "path": ["monitoring", "memory"], "values": [{"value": 11.47039794921875, "step": null, "ts": 1639184739.892418}]}, "version": 116}
{"obj": {"type": "LogFloats", "path": ["monitoring", "gpu_memory"], "values": [{"value": 2.6490478515625, "step": null, "ts": 1639184739.892418}]}, "version": 117}
{"obj": {"type": "LogFloats", "path": ["monitoring", "cpu"], "values": [{"value": 0.1, "step": null, "ts": 1639184749.8945627}]}, "version": 118}
{"obj": {"type": "LogFloats", "path": ["monitoring", "memory"], "values": [{"value": 11.469718933105469, "step": null, "ts": 1639184749.8945627}]}, "version": 119}
{"obj": {"type": "LogFloats", "path": ["monitoring", "gpu_memory"], "values": [{"value": 2.6490478515625, "step": null, "ts": 1639184749.8945627}]}, "version": 120}
{"obj": {"type": "LogFloats", "path": ["monitoring", "cpu"], "values": [{"value": 0.1, "step": null, "ts": 1639184759.896686}]}, "version": 121}
{"obj": {"type": "LogFloats", "path": ["monitoring", "memory"], "values": [{"value": 11.46963882446289, "step": null, "ts": 1639184759.896686}]}, "version": 122}
{"obj": {"type": "LogFloats", "path": ["monitoring", "gpu_memory"], "values": [{"value": 2.6490478515625, "step": null, "ts": 1639184759.896686}]}, "version": 123}
{"obj": {"type": "LogFloats", "path": ["monitoring", "cpu"], "values": [{"value": 0.1, "step": null, "ts": 1639184769.8989897}]}, "version": 124}
{"obj": {"type": "LogFloats", "path": ["monitoring", "memory"], "values": [{"value": 11.470367431640625, "step": null, "ts": 1639184769.8989897}]}, "version": 125}
{"obj": {"type": "LogFloats", "path": ["monitoring", "gpu_memory"], "values": [{"value": 2.6490478515625, "step": null, "ts": 1639184769.8989897}]}, "version": 126}
{"obj": {"type": "LogFloats", "path": ["monitoring", "cpu"], "values": [{"value": 0.1, "step": null, "ts": 1639184779.9011571}]}, "version": 127}
{"obj": {"type": "LogFloats", "path": ["monitoring", "memory"], "values": [{"value": 11.47024917602539, "step": null, "ts": 1639184779.9011571}]}, "version": 128}
{"obj": {"type": "LogFloats", "path": ["monitoring", "gpu_memory"], "values": [{"value": 2.6490478515625, "step": null, "ts": 1639184779.9011571}]}, "version": 129}
{"obj": {"type": "LogFloats", "path": ["monitoring", "cpu"], "values": [{"value": 0.2, "step": null, "ts": 1639184789.9034216}]}, "version": 130}
{"obj": {"type": "LogFloats", "path": ["monitoring", "memory"], "values": [{"value": 11.470752716064453, "step": null, "ts": 1639184789.9034216}]}, "version": 131}
{"obj": {"type": "LogFloats", "path": ["monitoring", "gpu_memory"], "values": [{"value": 2.6490478515625, "step": null, "ts": 1639184789.9034216}]}, "version": 132}
{"obj": {"type": "LogFloats", "path": ["monitoring", "cpu"], "values": [{"value": 1.1, "step": null, "ts": 1639184799.9056299}]}, "version": 133}
{"obj": {"type": "LogFloats", "path": ["monitoring", "memory"], "values": [{"value": 11.472747802734375, "step": null, "ts": 1639184799.9056299}]}, "version": 134}
{"obj": {"type": "LogFloats", "path": ["monitoring", "gpu_memory"], "values": [{"value": 2.6490478515625, "step": null, "ts": 1639184799.9056299}]}, "version": 135}
{"obj": {"type": "LogFloats", "path": ["monitoring", "cpu"], "values": [{"value": 0.7, "step": null, "ts": 1639184809.908006}]}, "version": 136}
{"obj": {"type": "LogFloats", "path": ["monitoring", "memory"], "values": [{"value": 10.970401763916016, "step": null, "ts": 1639184809.908006}]}, "version": 137}
{"obj": {"type": "LogFloats", "path": ["monitoring", "gpu_memory"], "values": [{"value": 2.6490478515625, "step": null, "ts": 1639184809.908006}]}, "version": 138}
{"obj": {"type": "LogFloats", "path": ["monitoring", "cpu"], "values": [{"value": 0.5, "step": null, "ts": 1639184819.9103074}]}, "version": 139}
{"obj": {"type": "LogFloats", "path": ["monitoring", "memory"], "values": [{"value": 10.972465515136719, "step": null, "ts": 1639184819.9103074}]}, "version": 140}
{"obj": {"type": "LogFloats", "path": ["monitoring", "gpu_memory"], "values": [{"value": 2.6490478515625, "step": null, "ts": 1639184819.9103074}]}, "version": 141}
{"obj": {"type": "LogFloats", "path": ["monitoring", "cpu"], "values": [{"value": 0.9, "step": null, "ts": 1639184829.9125824}]}, "version": 142}
{"obj": {"type": "LogFloats", "path": ["monitoring", "memory"], "values": [{"value": 10.957576751708984, "step": null, "ts": 1639184829.9125824}]}, "version": 143}
{"obj": {"type": "LogFloats", "path": ["monitoring", "gpu_memory"], "values": [{"value": 2.6490478515625, "step": null, "ts": 1639184829.9125824}]}, "version": 144}
{"obj": {"type": "LogFloats", "path": ["monitoring", "cpu"], "values": [{"value": 0.5, "step": null, "ts": 1639184839.9149766}]}, "version": 145}
{"obj": {"type": "LogFloats", "path": ["monitoring", "memory"], "values": [{"value": 10.958694458007812, "step": null, "ts": 1639184839.9149766}]}, "version": 146}
{"obj": {"type": "LogFloats", "path": ["monitoring", "gpu_memory"], "values": [{"value": 2.6490478515625, "step": null, "ts": 1639184839.9149766}]}, "version": 147}
{"obj": {"type": "LogFloats", "path": ["monitoring", "cpu"], "values": [{"value": 0.1, "step": null, "ts": 1639184849.917202}]}, "version": 148}
{"obj": {"type": "LogFloats", "path": ["monitoring", "memory"], "values": [{"value": 10.95943832397461, "step": null, "ts": 1639184849.917202}]}, "version": 149}
{"obj": {"type": "LogFloats", "path": ["monitoring", "gpu_memory"], "values": [{"value": 2.6490478515625, "step": null, "ts": 1639184849.917202}]}, "version": 150}
{"obj": {"type": "LogFloats", "path": ["monitoring", "cpu"], "values": [{"value": 0.8, "step": null, "ts": 1639184859.9198332}]}, "version": 151}
{"obj": {"type": "LogFloats", "path": ["monitoring", "memory"], "values": [{"value": 10.961200714111328, "step": null, "ts": 1639184859.9198332}]}, "version": 152}
{"obj": {"type": "LogFloats", "path": ["monitoring", "gpu_memory"], "values": [{"value": 2.6490478515625, "step": null, "ts": 1639184859.9198332}]}, "version": 153}
{"obj": {"type": "LogFloats", "path": ["monitoring", "cpu"], "values": [{"value": 0.1, "step": null, "ts": 1639184869.9220014}]}, "version": 154}
{"obj": {"type": "LogFloats", "path": ["monitoring", "memory"], "values": [{"value": 10.960102081298828, "step": null, "ts": 1639184869.9220014}]}, "version": 155}
{"obj": {"type": "LogFloats", "path": ["monitoring", "gpu_memory"], "values": [{"value": 2.6490478515625, "step": null, "ts": 1639184869.9220014}]}, "version": 156}
{"obj": {"type": "LogFloats", "path": ["monitoring", "cpu"], "values": [{"value": 0.2, "step": null, "ts": 1639184879.9242063}]}, "version": 157}
{"obj": {"type": "LogFloats", "path": ["monitoring", "memory"], "values": [{"value": 10.95806884765625, "step": null, "ts": 1639184879.9242063}]}, "version": 158}
{"obj": {"type": "LogFloats", "path": ["monitoring", "gpu_memory"], "values": [{"value": 2.6490478515625, "step": null, "ts": 1639184879.9242063}]}, "version": 159}
{"obj": {"type": "LogFloats", "path": ["monitoring", "cpu"], "values": [{"value": 3.6, "step": null, "ts": 1639184889.9269414}]}, "version": 160}
{"obj": {"type": "LogFloats", "path": ["monitoring", "memory"], "values": [{"value": 10.987239837646484, "step": null, "ts": 1639184889.9269414}]}, "version": 161}
{"obj": {"type": "LogFloats", "path": ["monitoring", "gpu_memory"], "values": [{"value": 2.6490478515625, "step": null, "ts": 1639184889.9269414}]}, "version": 162}
{"obj": {"type": "LogFloats", "path": ["monitoring", "cpu"], "values": [{"value": 1.3, "step": null, "ts": 1639184899.9291258}]}, "version": 163}
{"obj": {"type": "LogFloats", "path": ["monitoring", "memory"], "values": [{"value": 10.996223449707031, "step": null, "ts": 1639184899.9291258}]}, "version": 164}
{"obj": {"type": "LogFloats", "path": ["monitoring", "gpu_memory"], "values": [{"value": 2.6490478515625, "step": null, "ts": 1639184899.9291258}]}, "version": 165}
{"obj": {"type": "LogFloats", "path": ["monitoring", "cpu"], "values": [{"value": 1.6, "step": null, "ts": 1639184909.931395}]}, "version": 166}
{"obj": {"type": "LogFloats", "path": ["monitoring", "memory"], "values": [{"value": 11.008098602294922, "step": null, "ts": 1639184909.931395}]}, "version": 167}
{"obj": {"type": "LogFloats", "path": ["monitoring", "gpu_memory"], "values": [{"value": 2.6490478515625, "step": null, "ts": 1639184909.931395}]}, "version": 168}
{"obj": {"type": "LogFloats", "path": ["monitoring", "cpu"], "values": [{"value": 3.3, "step": null, "ts": 1639184919.933686}]}, "version": 169}
{"obj": {"type": "LogFloats", "path": ["monitoring", "memory"], "values": [{"value": 10.984710693359375, "step": null, "ts": 1639184919.933686}]}, "version": 170}
{"obj": {"type": "LogFloats", "path": ["monitoring", "gpu_memory"], "values": [{"value": 2.6490478515625, "step": null, "ts": 1639184919.933686}]}, "version": 171}
{"obj": {"type": "LogFloats", "path": ["monitoring", "cpu"], "values": [{"value": 1.0, "step": null, "ts": 1639184929.9358892}]}, "version": 172}
{"obj": {"type": "LogFloats", "path": ["monitoring", "memory"], "values": [{"value": 11.001636505126953, "step": null, "ts": 1639184929.9358892}]}, "version": 173}
{"obj": {"type": "LogFloats", "path": ["monitoring", "gpu_memory"], "values": [{"value": 2.6490478515625, "step": null, "ts": 1639184929.9358892}]}, "version": 174}
{"obj": {"type": "LogFloats", "path": ["monitoring", "cpu"], "values": [{"value": 0.7, "step": null, "ts": 1639184939.9380147}]}, "version": 175}
{"obj": {"type": "LogFloats", "path": ["monitoring", "memory"], "values": [{"value": 10.984508514404297, "step": null, "ts": 1639184939.9380147}]}, "version": 176}
{"obj": {"type": "LogFloats", "path": ["monitoring", "gpu_memory"], "values": [{"value": 2.6490478515625, "step": null, "ts": 1639184939.9380147}]}, "version": 177}
{"obj": {"type": "LogFloats", "path": ["monitoring", "cpu"], "values": [{"value": 0.5, "step": null, "ts": 1639184949.940524}]}, "version": 178}
{"obj": {"type": "LogFloats", "path": ["monitoring", "memory"], "values": [{"value": 10.985702514648438, "step": null, "ts": 1639184949.940524}]}, "version": 179}
{"obj": {"type": "LogFloats", "path": ["monitoring", "gpu_memory"], "values": [{"value": 2.6490478515625, "step": null, "ts": 1639184949.940524}]}, "version": 180}
{"obj": {"type": "LogFloats", "path": ["monitoring", "cpu"], "values": [{"value": 0.3, "step": null, "ts": 1639184959.942746}]}, "version": 181}
{"obj": {"type": "LogFloats", "path": ["monitoring", "memory"], "values": [{"value": 10.98361587524414, "step": null, "ts": 1639184959.942746}]}, "version": 182}
{"obj": {"type": "LogFloats", "path": ["monitoring", "gpu_memory"], "values": [{"value": 2.6490478515625, "step": null, "ts": 1639184959.942746}]}, "version": 183}
{"obj": {"type": "LogFloats", "path": ["monitoring", "cpu"], "values": [{"value": 0.1, "step": null, "ts": 1639184969.9450061}]}, "version": 184}
{"obj": {"type": "LogFloats", "path": ["monitoring", "memory"], "values": [{"value": 10.98447036743164, "step": null, "ts": 1639184969.9450061}]}, "version": 185}
{"obj": {"type": "LogFloats", "path": ["monitoring", "gpu_memory"], "values": [{"value": 2.6490478515625, "step": null, "ts": 1639184969.9450061}]}, "version": 186}
{"obj": {"type": "LogFloats", "path": ["monitoring", "cpu"], "values": [{"value": 0.2, "step": null, "ts": 1639184979.9479191}]}, "version": 187}
{"obj": {"type": "LogFloats", "path": ["monitoring", "memory"], "values": [{"value": 10.98455810546875, "step": null, "ts": 1639184979.9479191}]}, "version": 188}
{"obj": {"type": "LogFloats", "path": ["monitoring", "gpu_memory"], "values": [{"value": 2.6490478515625, "step": null, "ts": 1639184979.9479191}]}, "version": 189}
{"obj": {"type": "LogFloats", "path": ["monitoring", "cpu"], "values": [{"value": 0.1, "step": null, "ts": 1639184989.950075}]}, "version": 190}
{"obj": {"type": "LogFloats", "path": ["monitoring", "memory"], "values": [{"value": 10.984054565429688, "step": null, "ts": 1639184989.950075}]}, "version": 191}
{"obj": {"type": "LogFloats", "path": ["monitoring", "gpu_memory"], "values": [{"value": 2.6490478515625, "step": null, "ts": 1639184989.950075}]}, "version": 192}
{"obj": {"type": "LogFloats", "path": ["monitoring", "cpu"], "values": [{"value": 0.1, "step": null, "ts": 1639184999.9522567}]}, "version": 193}
{"obj": {"type": "LogFloats", "path": ["monitoring", "memory"], "values": [{"value": 10.984256744384766, "step": null, "ts": 1639184999.9522567}]}, "version": 194}
{"obj": {"type": "LogFloats", "path": ["monitoring", "gpu_memory"], "values": [{"value": 2.6490478515625, "step": null, "ts": 1639184999.9522567}]}, "version": 195}
{"obj": {"type": "LogFloats", "path": ["monitoring", "cpu"], "values": [{"value": 0.1, "step": null, "ts": 1639185009.9544203}]}, "version": 196}
{"obj": {"type": "LogFloats", "path": ["monitoring", "memory"], "values": [{"value": 10.983753204345703, "step": null, "ts": 1639185009.9544203}]}, "version": 197}
{"obj": {"type": "LogFloats", "path": ["monitoring", "gpu_memory"], "values": [{"value": 2.6490478515625, "step": null, "ts": 1639185009.9544203}]}, "version": 198}
{"obj": {"type": "LogFloats", "path": ["monitoring", "cpu"], "values": [{"value": 0.1, "step": null, "ts": 1639185019.9565916}]}, "version": 199}
{"obj": {"type": "LogFloats", "path": ["monitoring", "memory"], "values": [{"value": 10.983116149902344, "step": null, "ts": 1639185019.9565916}]}, "version": 200}
{"obj": {"type": "LogFloats", "path": ["monitoring", "gpu_memory"], "values": [{"value": 2.6490478515625, "step": null, "ts": 1639185019.9565916}]}, "version": 201}
{"obj": {"type": "LogFloats", "path": ["monitoring", "cpu"], "values": [{"value": 0.1, "step": null, "ts": 1639185029.9588387}]}, "version": 202}
{"obj": {"type": "LogFloats", "path": ["monitoring", "memory"], "values": [{"value": 10.981369018554688, "step": null, "ts": 1639185029.9588387}]}, "version": 203}
{"obj": {"type": "LogFloats", "path": ["monitoring", "gpu_memory"], "values": [{"value": 2.6490478515625, "step": null, "ts": 1639185029.9588387}]}, "version": 204}
{"obj": {"type": "LogFloats", "path": ["monitoring", "cpu"], "values": [{"value": 0.3, "step": null, "ts": 1639185039.9637408}]}, "version": 205}
{"obj": {"type": "LogFloats", "path": ["monitoring", "memory"], "values": [{"value": 11.011661529541016, "step": null, "ts": 1639185039.9637408}]}, "version": 206}
{"obj": {"type": "LogFloats", "path": ["monitoring", "gpu_memory"], "values": [{"value": 2.6490478515625, "step": null, "ts": 1639185039.9637408}]}, "version": 207}
{"obj": {"type": "LogFloats", "path": ["monitoring", "cpu"], "values": [{"value": 0.6, "step": null, "ts": 1639185049.9659529}]}, "version": 208}
{"obj": {"type": "LogFloats", "path": ["monitoring", "memory"], "values": [{"value": 10.983081817626953, "step": null, "ts": 1639185049.9659529}]}, "version": 209}
{"obj": {"type": "LogFloats", "path": ["monitoring", "gpu_memory"], "values": [{"value": 2.6490478515625, "step": null, "ts": 1639185049.9659529}]}, "version": 210}
{"obj": {"type": "LogFloats", "path": ["monitoring", "cpu"], "values": [{"value": 0.1, "step": null, "ts": 1639185059.9681282}]}, "version": 211}
{"obj": {"type": "LogFloats", "path": ["monitoring", "memory"], "values": [{"value": 10.982009887695312, "step": null, "ts": 1639185059.9681282}]}, "version": 212}
{"obj": {"type": "LogFloats", "path": ["monitoring", "gpu_memory"], "values": [{"value": 2.6490478515625, "step": null, "ts": 1639185059.9681282}]}, "version": 213}
{"obj": {"type": "LogFloats", "path": ["monitoring", "cpu"], "values": [{"value": 0.6, "step": null, "ts": 1639185069.970298}]}, "version": 214}
{"obj": {"type": "LogFloats", "path": ["monitoring", "memory"], "values": [{"value": 10.984123229980469, "step": null, "ts": 1639185069.970298}]}, "version": 215}
{"obj": {"type": "LogFloats", "path": ["monitoring", "gpu_memory"], "values": [{"value": 2.6490478515625, "step": null, "ts": 1639185069.970298}]}, "version": 216}
{"obj": {"type": "LogFloats", "path": ["monitoring", "cpu"], "values": [{"value": 0.3, "step": null, "ts": 1639185079.972532}]}, "version": 217}
{"obj": {"type": "LogFloats", "path": ["monitoring", "memory"], "values": [{"value": 10.983535766601562, "step": null, "ts": 1639185079.972532}]}, "version": 218}
{"obj": {"type": "LogFloats", "path": ["monitoring", "gpu_memory"], "values": [{"value": 2.6490478515625, "step": null, "ts": 1639185079.972532}]}, "version": 219}
{"obj": {"type": "LogFloats", "path": ["monitoring", "cpu"], "values": [{"value": 0.1, "step": null, "ts": 1639185089.974726}]}, "version": 220}
{"obj": {"type": "LogFloats", "path": ["monitoring", "memory"], "values": [{"value": 10.984275817871094, "step": null, "ts": 1639185089.974726}]}, "version": 221}
{"obj": {"type": "LogFloats", "path": ["monitoring", "gpu_memory"], "values": [{"value": 2.6490478515625, "step": null, "ts": 1639185089.974726}]}, "version": 222}
{"obj": {"type": "LogFloats", "path": ["monitoring", "cpu"], "values": [{"value": 0.2, "step": null, "ts": 1639185099.978101}]}, "version": 223}
{"obj": {"type": "LogFloats", "path": ["monitoring", "memory"], "values": [{"value": 10.983562469482422, "step": null, "ts": 1639185099.978101}]}, "version": 224}
{"obj": {"type": "LogFloats", "path": ["monitoring", "gpu_memory"], "values": [{"value": 2.6490478515625, "step": null, "ts": 1639185099.978101}]}, "version": 225}
{"obj": {"type": "LogFloats", "path": ["monitoring", "cpu"], "values": [{"value": 0.8, "step": null, "ts": 1639185109.9814153}]}, "version": 226}
{"obj": {"type": "LogFloats", "path": ["monitoring", "memory"], "values": [{"value": 10.984336853027344, "step": null, "ts": 1639185109.9814153}]}, "version": 227}
{"obj": {"type": "LogFloats", "path": ["monitoring", "gpu_memory"], "values": [{"value": 2.6490478515625, "step": null, "ts": 1639185109.9814153}]}, "version": 228}
{"obj": {"type": "LogFloats", "path": ["monitoring", "cpu"], "values": [{"value": 0.1, "step": null, "ts": 1639185119.98362}]}, "version": 229}
{"obj": {"type": "LogFloats", "path": ["monitoring", "memory"], "values": [{"value": 10.984485626220703, "step": null, "ts": 1639185119.98362}]}, "version": 230}
{"obj": {"type": "LogFloats", "path": ["monitoring", "gpu_memory"], "values": [{"value": 2.6490478515625, "step": null, "ts": 1639185119.98362}]}, "version": 231}
{"obj": {"type": "LogFloats", "path": ["monitoring", "cpu"], "values": [{"value": 0.8, "step": null, "ts": 1639185129.9888995}]}, "version": 232}
{"obj": {"type": "LogFloats", "path": ["monitoring", "memory"], "values": [{"value": 10.986675262451172, "step": null, "ts": 1639185129.9888995}]}, "version": 233}
{"obj": {"type": "LogFloats", "path": ["monitoring", "gpu_memory"], "values": [{"value": 2.6490478515625, "step": null, "ts": 1639185129.9888995}]}, "version": 234}
{"obj": {"type": "LogFloats", "path": ["monitoring", "cpu"], "values": [{"value": 0.1, "step": null, "ts": 1639185139.9910479}]}, "version": 235}
{"obj": {"type": "LogFloats", "path": ["monitoring", "memory"], "values": [{"value": 10.98691177368164, "step": null, "ts": 1639185139.9910479}]}, "version": 236}
{"obj": {"type": "LogFloats", "path": ["monitoring", "gpu_memory"], "values": [{"value": 2.6490478515625, "step": null, "ts": 1639185139.9910479}]}, "version": 237}
{"obj": {"type": "LogFloats", "path": ["monitoring", "cpu"], "values": [{"value": 0.1, "step": null, "ts": 1639185149.9932208}]}, "version": 238}
{"obj": {"type": "LogFloats", "path": ["monitoring", "memory"], "values": [{"value": 10.987770080566406, "step": null, "ts": 1639185149.9932208}]}, "version": 239}
{"obj": {"type": "LogFloats", "path": ["monitoring", "gpu_memory"], "values": [{"value": 2.6490478515625, "step": null, "ts": 1639185149.9932208}]}, "version": 240}
{"obj": {"type": "LogFloats", "path": ["monitoring", "cpu"], "values": [{"value": 0.2, "step": null, "ts": 1639185159.9955637}]}, "version": 241}
{"obj": {"type": "LogFloats", "path": ["monitoring", "memory"], "values": [{"value": 10.98720932006836, "step": null, "ts": 1639185159.9955637}]}, "version": 242}
{"obj": {"type": "LogFloats", "path": ["monitoring", "gpu_memory"], "values": [{"value": 2.6490478515625, "step": null, "ts": 1639185159.9955637}]}, "version": 243}
{"obj": {"type": "LogFloats", "path": ["monitoring", "cpu"], "values": [{"value": 0.8, "step": null, "ts": 1639185169.9986727}]}, "version": 244}
{"obj": {"type": "LogFloats", "path": ["monitoring", "memory"], "values": [{"value": 10.987422943115234, "step": null, "ts": 1639185169.9986727}]}, "version": 245}
{"obj": {"type": "LogFloats", "path": ["monitoring", "gpu_memory"], "values": [{"value": 2.6490478515625, "step": null, "ts": 1639185169.9986727}]}, "version": 246}
{"obj": {"type": "LogFloats", "path": ["monitoring", "cpu"], "values": [{"value": 0.1, "step": null, "ts": 1639185180.0008154}]}, "version": 247}
{"obj": {"type": "LogFloats", "path": ["monitoring", "memory"], "values": [{"value": 10.986438751220703, "step": null, "ts": 1639185180.0008154}]}, "version": 248}
{"obj": {"type": "LogFloats", "path": ["monitoring", "gpu_memory"], "values": [{"value": 2.6490478515625, "step": null, "ts": 1639185180.0008154}]}, "version": 249}
{"obj": {"type": "LogFloats", "path": ["monitoring", "cpu"], "values": [{"value": 0.1, "step": null, "ts": 1639185190.0029845}]}, "version": 250}
{"obj": {"type": "LogFloats", "path": ["monitoring", "memory"], "values": [{"value": 10.986164093017578, "step": null, "ts": 1639185190.0029845}]}, "version": 251}
{"obj": {"type": "LogFloats", "path": ["monitoring", "gpu_memory"], "values": [{"value": 2.6490478515625, "step": null, "ts": 1639185190.0029845}]}, "version": 252}
{"obj": {"type": "LogFloats", "path": ["monitoring", "cpu"], "values": [{"value": 0.1, "step": null, "ts": 1639185200.0052688}]}, "version": 253}
{"obj": {"type": "LogFloats", "path": ["monitoring", "memory"], "values": [{"value": 10.986446380615234, "step": null, "ts": 1639185200.0052688}]}, "version": 254}
{"obj": {"type": "LogFloats", "path": ["monitoring", "gpu_memory"], "values": [{"value": 2.6490478515625, "step": null, "ts": 1639185200.0052688}]}, "version": 255}
{"obj": {"type": "LogFloats", "path": ["monitoring", "cpu"], "values": [{"value": 0.1, "step": null, "ts": 1639185210.007598}]}, "version": 256}
{"obj": {"type": "LogFloats", "path": ["monitoring", "memory"], "values": [{"value": 10.984268188476562, "step": null, "ts": 1639185210.007598}]}, "version": 257}
{"obj": {"type": "LogFloats", "path": ["monitoring", "gpu_memory"], "values": [{"value": 2.6490478515625, "step": null, "ts": 1639185210.007598}]}, "version": 258}
{"obj": {"type": "LogFloats", "path": ["monitoring", "cpu"], "values": [{"value": 0.2, "step": null, "ts": 1639185220.0097554}]}, "version": 259}
{"obj": {"type": "LogFloats", "path": ["monitoring", "memory"], "values": [{"value": 10.984275817871094, "step": null, "ts": 1639185220.0097554}]}, "version": 260}
{"obj": {"type": "LogFloats", "path": ["monitoring", "gpu_memory"], "values": [{"value": 2.6490478515625, "step": null, "ts": 1639185220.0097554}]}, "version": 261}
{"obj": {"type": "LogFloats", "path": ["monitoring", "cpu"], "values": [{"value": 0.7, "step": null, "ts": 1639185230.0120232}]}, "version": 262}
{"obj": {"type": "LogFloats", "path": ["monitoring", "memory"], "values": [{"value": 10.984962463378906, "step": null, "ts": 1639185230.0120232}]}, "version": 263}
{"obj": {"type": "LogFloats", "path": ["monitoring", "gpu_memory"], "values": [{"value": 2.6490478515625, "step": null, "ts": 1639185230.0120232}]}, "version": 264}
{"obj": {"type": "LogFloats", "path": ["monitoring", "cpu"], "values": [{"value": 0.1, "step": null, "ts": 1639185240.0142014}]}, "version": 265}
{"obj": {"type": "LogFloats", "path": ["monitoring", "memory"], "values": [{"value": 10.983261108398438, "step": null, "ts": 1639185240.0142014}]}, "version": 266}
{"obj": {"type": "LogFloats", "path": ["monitoring", "gpu_memory"], "values": [{"value": 2.6490478515625, "step": null, "ts": 1639185240.0142014}]}, "version": 267}
{"obj": {"type": "LogFloats", "path": ["monitoring", "cpu"], "values": [{"value": 0.2, "step": null, "ts": 1639185250.0164633}]}, "version": 268}
{"obj": {"type": "LogFloats", "path": ["monitoring", "memory"], "values": [{"value": 10.982376098632812, "step": null, "ts": 1639185250.0164633}]}, "version": 269}
{"obj": {"type": "LogFloats", "path": ["monitoring", "gpu_memory"], "values": [{"value": 2.6490478515625, "step": null, "ts": 1639185250.0164633}]}, "version": 270}
{"obj": {"type": "LogFloats", "path": ["monitoring", "cpu"], "values": [{"value": 0.1, "step": null, "ts": 1639185260.0188174}]}, "version": 271}
{"obj": {"type": "LogFloats", "path": ["monitoring", "memory"], "values": [{"value": 10.98263931274414, "step": null, "ts": 1639185260.0188174}]}, "version": 272}
{"obj": {"type": "LogFloats", "path": ["monitoring", "gpu_memory"], "values": [{"value": 2.6490478515625, "step": null, "ts": 1639185260.0188174}]}, "version": 273}
{"obj": {"type": "LogFloats", "path": ["monitoring", "cpu"], "values": [{"value": 0.1, "step": null, "ts": 1639185270.0209634}]}, "version": 274}
{"obj": {"type": "LogFloats", "path": ["monitoring", "memory"], "values": [{"value": 10.982963562011719, "step": null, "ts": 1639185270.0209634}]}, "version": 275}
{"obj": {"type": "LogFloats", "path": ["monitoring", "gpu_memory"], "values": [{"value": 2.6490478515625, "step": null, "ts": 1639185270.0209634}]}, "version": 276}
{"obj": {"type": "LogFloats", "path": ["monitoring", "cpu"], "values": [{"value": 0.6, "step": null, "ts": 1639185280.023179}]}, "version": 277}
{"obj": {"type": "LogFloats", "path": ["monitoring", "memory"], "values": [{"value": 11.030288696289062, "step": null, "ts": 1639185280.023179}]}, "version": 278}
{"obj": {"type": "LogFloats", "path": ["monitoring", "gpu_memory"], "values": [{"value": 2.6490478515625, "step": null, "ts": 1639185280.023179}]}, "version": 279}
{"obj": {"type": "LogFloats", "path": ["monitoring", "cpu"], "values": [{"value": 0.4, "step": null, "ts": 1639185290.0254507}]}, "version": 280}
{"obj": {"type": "LogFloats", "path": ["monitoring", "memory"], "values": [{"value": 10.98281478881836, "step": null, "ts": 1639185290.0254507}]}, "version": 281}
{"obj": {"type": "LogFloats", "path": ["monitoring", "gpu_memory"], "values": [{"value": 2.6490478515625, "step": null, "ts": 1639185290.0254507}]}, "version": 282}
{"obj": {"type": "LogFloats", "path": ["monitoring", "cpu"], "values": [{"value": 0.1, "step": null, "ts": 1639185300.0277517}]}, "version": 283}
{"obj": {"type": "LogFloats", "path": ["monitoring", "memory"], "values": [{"value": 10.98257064819336, "step": null, "ts": 1639185300.0277517}]}, "version": 284}
{"obj": {"type": "LogFloats", "path": ["monitoring", "gpu_memory"], "values": [{"value": 2.6490478515625, "step": null, "ts": 1639185300.0277517}]}, "version": 285}
{"obj": {"type": "LogFloats", "path": ["monitoring", "cpu"], "values": [{"value": 0.1, "step": null, "ts": 1639185310.0299737}]}, "version": 286}
{"obj": {"type": "LogFloats", "path": ["monitoring", "memory"], "values": [{"value": 10.981945037841797, "step": null, "ts": 1639185310.0299737}]}, "version": 287}
{"obj": {"type": "LogFloats", "path": ["monitoring", "gpu_memory"], "values": [{"value": 2.6490478515625, "step": null, "ts": 1639185310.0299737}]}, "version": 288}
{"obj": {"type": "LogFloats", "path": ["monitoring", "cpu"], "values": [{"value": 0.1, "step": null, "ts": 1639185320.0323167}]}, "version": 289}
{"obj": {"type": "LogFloats", "path": ["monitoring", "memory"], "values": [{"value": 10.981220245361328, "step": null, "ts": 1639185320.0323167}]}, "version": 290}
{"obj": {"type": "LogFloats", "path": ["monitoring", "gpu_memory"], "values": [{"value": 2.6490478515625, "step": null, "ts": 1639185320.0323167}]}, "version": 291}
{"obj": {"type": "LogFloats", "path": ["monitoring", "cpu"], "values": [{"value": 0.1, "step": null, "ts": 1639185330.0353777}]}, "version": 292}
{"obj": {"type": "LogFloats", "path": ["monitoring", "memory"], "values": [{"value": 10.980777740478516, "step": null, "ts": 1639185330.0353777}]}, "version": 293}
{"obj": {"type": "LogFloats", "path": ["monitoring", "gpu_memory"], "values": [{"value": 2.6490478515625, "step": null, "ts": 1639185330.0353777}]}, "version": 294}
{"obj": {"type": "LogFloats", "path": ["monitoring", "cpu"], "values": [{"value": 0.4, "step": null, "ts": 1639185340.0376034}]}, "version": 295}
{"obj": {"type": "LogFloats", "path": ["monitoring", "memory"], "values": [{"value": 10.982574462890625, "step": null, "ts": 1639185340.0376034}]}, "version": 296}
{"obj": {"type": "LogFloats", "path": ["monitoring", "gpu_memory"], "values": [{"value": 2.6490478515625, "step": null, "ts": 1639185340.0376034}]}, "version": 297}
{"obj": {"type": "LogFloats", "path": ["monitoring", "cpu"], "values": [{"value": 1.3, "step": null, "ts": 1639185350.0399044}]}, "version": 298}
{"obj": {"type": "LogFloats", "path": ["monitoring", "memory"], "values": [{"value": 10.983924865722656, "step": null, "ts": 1639185350.0399044}]}, "version": 299}
{"obj": {"type": "LogFloats", "path": ["monitoring", "gpu_memory"], "values": [{"value": 2.6490478515625, "step": null, "ts": 1639185350.0399044}]}, "version": 300}
{"obj": {"type": "LogFloats", "path": ["monitoring", "cpu"], "values": [{"value": 0.3, "step": null, "ts": 1639185360.042145}]}, "version": 301}
{"obj": {"type": "LogFloats", "path": ["monitoring", "memory"], "values": [{"value": 10.982131958007812, "step": null, "ts": 1639185360.042145}]}, "version": 302}
{"obj": {"type": "LogFloats", "path": ["monitoring", "gpu_memory"], "values": [{"value": 2.6490478515625, "step": null, "ts": 1639185360.042145}]}, "version": 303}
{"obj": {"type": "LogFloats", "path": ["monitoring", "cpu"], "values": [{"value": 1.3, "step": null, "ts": 1639185370.0443761}]}, "version": 304}
{"obj": {"type": "LogFloats", "path": ["monitoring", "memory"], "values": [{"value": 11.743141174316406, "step": null, "ts": 1639185370.0443761}]}, "version": 305}
{"obj": {"type": "LogFloats", "path": ["monitoring", "gpu_memory"], "values": [{"value": 2.6490478515625, "step": null, "ts": 1639185370.0443761}]}, "version": 306}
{"obj": {"type": "LogFloats", "path": ["monitoring", "cpu"], "values": [{"value": 0.4, "step": null, "ts": 1639185380.0465403}]}, "version": 307}
{"obj": {"type": "LogFloats", "path": ["monitoring", "memory"], "values": [{"value": 11.744075775146484, "step": null, "ts": 1639185380.0465403}]}, "version": 308}
{"obj": {"type": "LogFloats", "path": ["monitoring", "gpu_memory"], "values": [{"value": 2.6490478515625, "step": null, "ts": 1639185380.0465403}]}, "version": 309}
{"obj": {"type": "LogFloats", "path": ["monitoring", "cpu"], "values": [{"value": 0.1, "step": null, "ts": 1639185390.0486794}]}, "version": 310}
{"obj": {"type": "LogFloats", "path": ["monitoring", "memory"], "values": [{"value": 11.744335174560547, "step": null, "ts": 1639185390.0486794}]}, "version": 311}
{"obj": {"type": "LogFloats", "path": ["monitoring", "gpu_memory"], "values": [{"value": 2.6490478515625, "step": null, "ts": 1639185390.0486794}]}, "version": 312}
{"obj": {"type": "LogFloats", "path": ["monitoring", "cpu"], "values": [{"value": 0.2, "step": null, "ts": 1639185400.050896}]}, "version": 313}
{"obj": {"type": "LogFloats", "path": ["monitoring", "memory"], "values": [{"value": 11.742229461669922, "step": null, "ts": 1639185400.050896}]}, "version": 314}
{"obj": {"type": "LogFloats", "path": ["monitoring", "gpu_memory"], "values": [{"value": 2.6490478515625, "step": null, "ts": 1639185400.050896}]}, "version": 315}
{"obj": {"type": "LogFloats", "path": ["monitoring", "cpu"], "values": [{"value": 0.8, "step": null, "ts": 1639185410.0559251}]}, "version": 316}
{"obj": {"type": "LogFloats", "path": ["monitoring", "memory"], "values": [{"value": 11.74142837524414, "step": null, "ts": 1639185410.0559251}]}, "version": 317}
{"obj": {"type": "LogFloats", "path": ["monitoring", "gpu_memory"], "values": [{"value": 2.6490478515625, "step": null, "ts": 1639185410.0559251}]}, "version": 318}
{"obj": {"type": "LogFloats", "path": ["monitoring", "cpu"], "values": [{"value": 0.1, "step": null, "ts": 1639185420.0589755}]}, "version": 319}
{"obj": {"type": "LogFloats", "path": ["monitoring", "memory"], "values": [{"value": 11.74127197265625, "step": null, "ts": 1639185420.0589755}]}, "version": 320}
{"obj": {"type": "LogFloats", "path": ["monitoring", "gpu_memory"], "values": [{"value": 2.6490478515625, "step": null, "ts": 1639185420.0589755}]}, "version": 321}
{"obj": {"type": "LogFloats", "path": ["monitoring", "cpu"], "values": [{"value": 0.7, "step": null, "ts": 1639185430.0612614}]}, "version": 322}
{"obj": {"type": "LogFloats", "path": ["monitoring", "memory"], "values": [{"value": 11.742931365966797, "step": null, "ts": 1639185430.0612614}]}, "version": 323}
{"obj": {"type": "LogFloats", "path": ["monitoring", "gpu_memory"], "values": [{"value": 2.6490478515625, "step": null, "ts": 1639185430.0612614}]}, "version": 324}
{"obj": {"type": "LogFloats", "path": ["monitoring", "cpu"], "values": [{"value": 0.7, "step": null, "ts": 1639185440.066131}]}, "version": 325}
{"obj": {"type": "LogFloats", "path": ["monitoring", "memory"], "values": [{"value": 11.744430541992188, "step": null, "ts": 1639185440.066131}]}, "version": 326}
{"obj": {"type": "LogFloats", "path": ["monitoring", "gpu_memory"], "values": [{"value": 2.6490478515625, "step": null, "ts": 1639185440.066131}]}, "version": 327}
{"obj": {"type": "LogFloats", "path": ["monitoring", "cpu"], "values": [{"value": 0.7, "step": null, "ts": 1639185450.0682824}]}, "version": 328}
{"obj": {"type": "LogFloats", "path": ["monitoring", "memory"], "values": [{"value": 11.741199493408203, "step": null, "ts": 1639185450.0682824}]}, "version": 329}
{"obj": {"type": "LogFloats", "path": ["monitoring", "gpu_memory"], "values": [{"value": 2.6490478515625, "step": null, "ts": 1639185450.0682824}]}, "version": 330}
{"obj": {"type": "LogFloats", "path": ["monitoring", "cpu"], "values": [{"value": 0.3, "step": null, "ts": 1639185460.0704432}]}, "version": 331}
{"obj": {"type": "LogFloats", "path": ["monitoring", "memory"], "values": [{"value": 11.743614196777344, "step": null, "ts": 1639185460.0704432}]}, "version": 332}
{"obj": {"type": "LogFloats", "path": ["monitoring", "gpu_memory"], "values": [{"value": 2.6490478515625, "step": null, "ts": 1639185460.0704432}]}, "version": 333}
{"obj": {"type": "LogFloats", "path": ["monitoring", "cpu"], "values": [{"value": 0.1, "step": null, "ts": 1639185470.072697}]}, "version": 334}
{"obj": {"type": "LogFloats", "path": ["monitoring", "memory"], "values": [{"value": 11.742813110351562, "step": null, "ts": 1639185470.072697}]}, "version": 335}
{"obj": {"type": "LogFloats", "path": ["monitoring", "gpu_memory"], "values": [{"value": 2.6490478515625, "step": null, "ts": 1639185470.072697}]}, "version": 336}
{"obj": {"type": "LogFloats", "path": ["monitoring", "cpu"], "values": [{"value": 0.2, "step": null, "ts": 1639185480.0748827}]}, "version": 337}
{"obj": {"type": "LogFloats", "path": ["monitoring", "memory"], "values": [{"value": 11.742015838623047, "step": null, "ts": 1639185480.0748827}]}, "version": 338}
{"obj": {"type": "LogFloats", "path": ["monitoring", "gpu_memory"], "values": [{"value": 2.6490478515625, "step": null, "ts": 1639185480.0748827}]}, "version": 339}
{"obj": {"type": "LogFloats", "path": ["monitoring", "cpu"], "values": [{"value": 0.3, "step": null, "ts": 1639185490.08016}]}, "version": 340}
{"obj": {"type": "LogFloats", "path": ["monitoring", "memory"], "values": [{"value": 11.742660522460938, "step": null, "ts": 1639185490.08016}]}, "version": 341}
{"obj": {"type": "LogFloats", "path": ["monitoring", "gpu_memory"], "values": [{"value": 2.6490478515625, "step": null, "ts": 1639185490.08016}]}, "version": 342}
{"obj": {"type": "LogFloats", "path": ["monitoring", "cpu"], "values": [{"value": 0.1, "step": null, "ts": 1639185500.0823796}]}, "version": 343}
{"obj": {"type": "LogFloats", "path": ["monitoring", "memory"], "values": [{"value": 11.741817474365234, "step": null, "ts": 1639185500.0823796}]}, "version": 344}
{"obj": {"type": "LogFloats", "path": ["monitoring", "gpu_memory"], "values": [{"value": 2.6490478515625, "step": null, "ts": 1639185500.0823796}]}, "version": 345}
{"obj": {"type": "LogFloats", "path": ["monitoring", "cpu"], "values": [{"value": 1.1, "step": null, "ts": 1639185510.0859582}]}, "version": 346}
{"obj": {"type": "LogFloats", "path": ["monitoring", "memory"], "values": [{"value": 11.75387191772461, "step": null, "ts": 1639185510.0859582}]}, "version": 347}
{"obj": {"type": "LogFloats", "path": ["monitoring", "gpu_memory"], "values": [{"value": 2.6490478515625, "step": null, "ts": 1639185510.0859582}]}, "version": 348}
{"obj": {"type": "LogFloats", "path": ["monitoring", "cpu"], "values": [{"value": 0.5, "step": null, "ts": 1639185520.0881104}]}, "version": 349}
{"obj": {"type": "LogFloats", "path": ["monitoring", "memory"], "values": [{"value": 11.751537322998047, "step": null, "ts": 1639185520.0881104}]}, "version": 350}
{"obj": {"type": "LogFloats", "path": ["monitoring", "gpu_memory"], "values": [{"value": 2.6490478515625, "step": null, "ts": 1639185520.0881104}]}, "version": 351}
{"obj": {"type": "LogFloats", "path": ["monitoring", "cpu"], "values": [{"value": 1.3, "step": null, "ts": 1639185530.090378}]}, "version": 352}
{"obj": {"type": "LogFloats", "path": ["monitoring", "memory"], "values": [{"value": 11.752994537353516, "step": null, "ts": 1639185530.090378}]}, "version": 353}
{"obj": {"type": "LogFloats", "path": ["monitoring", "gpu_memory"], "values": [{"value": 2.6490478515625, "step": null, "ts": 1639185530.090378}]}, "version": 354}
{"obj": {"type": "LogFloats", "path": ["monitoring", "cpu"], "values": [{"value": 0.5, "step": null, "ts": 1639185540.092488}]}, "version": 355}
{"obj": {"type": "LogFloats", "path": ["monitoring", "memory"], "values": [{"value": 11.7545166015625, "step": null, "ts": 1639185540.092488}]}, "version": 356}
{"obj": {"type": "LogFloats", "path": ["monitoring", "gpu_memory"], "values": [{"value": 2.6490478515625, "step": null, "ts": 1639185540.092488}]}, "version": 357}
{"obj": {"type": "LogFloats", "path": ["monitoring", "cpu"], "values": [{"value": 0.7, "step": null, "ts": 1639185550.0946503}]}, "version": 358}
{"obj": {"type": "LogFloats", "path": ["monitoring", "memory"], "values": [{"value": 11.753345489501953, "step": null, "ts": 1639185550.0946503}]}, "version": 359}
{"obj": {"type": "LogFloats", "path": ["monitoring", "gpu_memory"], "values": [{"value": 2.6490478515625, "step": null, "ts": 1639185550.0946503}]}, "version": 360}
{"obj": {"type": "LogFloats", "path": ["monitoring", "cpu"], "values": [{"value": 0.6, "step": null, "ts": 1639185560.096917}]}, "version": 361}
{"obj": {"type": "LogFloats", "path": ["monitoring", "memory"], "values": [{"value": 11.752922058105469, "step": null, "ts": 1639185560.096917}]}, "version": 362}
{"obj": {"type": "LogFloats", "path": ["monitoring", "gpu_memory"], "values": [{"value": 2.6490478515625, "step": null, "ts": 1639185560.096917}]}, "version": 363}
{"obj": {"type": "LogFloats", "path": ["monitoring", "cpu"], "values": [{"value": 0.5, "step": null, "ts": 1639185570.0993536}]}, "version": 364}
{"obj": {"type": "LogFloats", "path": ["monitoring", "memory"], "values": [{"value": 11.75375747680664, "step": null, "ts": 1639185570.0993536}]}, "version": 365}
{"obj": {"type": "LogFloats", "path": ["monitoring", "gpu_memory"], "values": [{"value": 2.6490478515625, "step": null, "ts": 1639185570.0993536}]}, "version": 366}
{"obj": {"type": "LogFloats", "path": ["monitoring", "cpu"], "values": [{"value": 0.5, "step": null, "ts": 1639185580.1015272}]}, "version": 367}
{"obj": {"type": "LogFloats", "path": ["monitoring", "memory"], "values": [{"value": 11.752723693847656, "step": null, "ts": 1639185580.1015272}]}, "version": 368}
{"obj": {"type": "LogFloats", "path": ["monitoring", "gpu_memory"], "values": [{"value": 2.6490478515625, "step": null, "ts": 1639185580.1015272}]}, "version": 369}
{"obj": {"type": "LogFloats", "path": ["monitoring", "cpu"], "values": [{"value": 1.1, "step": null, "ts": 1639185590.1035967}]}, "version": 370}
{"obj": {"type": "LogFloats", "path": ["monitoring", "memory"], "values": [{"value": 11.753776550292969, "step": null, "ts": 1639185590.1035967}]}, "version": 371}
{"obj": {"type": "LogFloats", "path": ["monitoring", "gpu_memory"], "values": [{"value": 2.6490478515625, "step": null, "ts": 1639185590.1035967}]}, "version": 372}
{"obj": {"type": "LogFloats", "path": ["monitoring", "cpu"], "values": [{"value": 0.3, "step": null, "ts": 1639185600.1056976}]}, "version": 373}
{"obj": {"type": "LogFloats", "path": ["monitoring", "memory"], "values": [{"value": 11.754989624023438, "step": null, "ts": 1639185600.1056976}]}, "version": 374}
{"obj": {"type": "LogFloats", "path": ["monitoring", "gpu_memory"], "values": [{"value": 2.6490478515625, "step": null, "ts": 1639185600.1056976}]}, "version": 375}
{"obj": {"type": "LogFloats", "path": ["monitoring", "cpu"], "values": [{"value": 0.1, "step": null, "ts": 1639185610.1078231}]}, "version": 376}
{"obj": {"type": "LogFloats", "path": ["monitoring", "memory"], "values": [{"value": 11.755290985107422, "step": null, "ts": 1639185610.1078231}]}, "version": 377}
{"obj": {"type": "LogFloats", "path": ["monitoring", "gpu_memory"], "values": [{"value": 2.6490478515625, "step": null, "ts": 1639185610.1078231}]}, "version": 378}
{"obj": {"type": "LogFloats", "path": ["monitoring", "cpu"], "values": [{"value": 0.1, "step": null, "ts": 1639185620.1099634}]}, "version": 379}
{"obj": {"type": "LogFloats", "path": ["monitoring", "memory"], "values": [{"value": 11.754730224609375, "step": null, "ts": 1639185620.1099634}]}, "version": 380}
{"obj": {"type": "LogFloats", "path": ["monitoring", "gpu_memory"], "values": [{"value": 2.6490478515625, "step": null, "ts": 1639185620.1099634}]}, "version": 381}
{"obj": {"type": "LogFloats", "path": ["monitoring", "cpu"], "values": [{"value": 0.1, "step": null, "ts": 1639185630.1122313}]}, "version": 382}
{"obj": {"type": "LogFloats", "path": ["monitoring", "memory"], "values": [{"value": 11.75307846069336, "step": null, "ts": 1639185630.1122313}]}, "version": 383}
{"obj": {"type": "LogFloats", "path": ["monitoring", "gpu_memory"], "values": [{"value": 2.6490478515625, "step": null, "ts": 1639185630.1122313}]}, "version": 384}
{"obj": {"type": "LogFloats", "path": ["monitoring", "cpu"], "values": [{"value": 0.5, "step": null, "ts": 1639185640.1144617}]}, "version": 385}
{"obj": {"type": "LogFloats", "path": ["monitoring", "memory"], "values": [{"value": 11.753654479980469, "step": null, "ts": 1639185640.1144617}]}, "version": 386}
{"obj": {"type": "LogFloats", "path": ["monitoring", "gpu_memory"], "values": [{"value": 2.6490478515625, "step": null, "ts": 1639185640.1144617}]}, "version": 387}
{"obj": {"type": "LogFloats", "path": ["monitoring", "cpu"], "values": [{"value": 0.3, "step": null, "ts": 1639185650.1167002}]}, "version": 388}
{"obj": {"type": "LogFloats", "path": ["monitoring", "memory"], "values": [{"value": 11.752941131591797, "step": null, "ts": 1639185650.1167002}]}, "version": 389}
{"obj": {"type": "LogFloats", "path": ["monitoring", "gpu_memory"], "values": [{"value": 2.6490478515625, "step": null, "ts": 1639185650.1167002}]}, "version": 390}
{"obj": {"type": "LogFloats", "path": ["monitoring", "cpu"], "values": [{"value": 0.7, "step": null, "ts": 1639185660.1192007}]}, "version": 391}
{"obj": {"type": "LogFloats", "path": ["monitoring", "memory"], "values": [{"value": 11.753860473632812, "step": null, "ts": 1639185660.1192007}]}, "version": 392}
{"obj": {"type": "LogFloats", "path": ["monitoring", "gpu_memory"], "values": [{"value": 2.6490478515625, "step": null, "ts": 1639185660.1192007}]}, "version": 393}
{"obj": {"type": "LogFloats", "path": ["monitoring", "cpu"], "values": [{"value": 0.6, "step": null, "ts": 1639185670.121393}]}, "version": 394}
{"obj": {"type": "LogFloats", "path": ["monitoring", "memory"], "values": [{"value": 11.751468658447266, "step": null, "ts": 1639185670.121393}]}, "version": 395}
{"obj": {"type": "LogFloats", "path": ["monitoring", "gpu_memory"], "values": [{"value": 2.6490478515625, "step": null, "ts": 1639185670.121393}]}, "version": 396}
{"obj": {"type": "LogFloats", "path": ["monitoring", "cpu"], "values": [{"value": 0.6, "step": null, "ts": 1639185680.1252384}]}, "version": 397}
{"obj": {"type": "LogFloats", "path": ["monitoring", "memory"], "values": [{"value": 11.89767837524414, "step": null, "ts": 1639185680.1252384}]}, "version": 398}
{"obj": {"type": "LogFloats", "path": ["monitoring", "gpu_memory"], "values": [{"value": 2.6490478515625, "step": null, "ts": 1639185680.1252384}]}, "version": 399}
{"obj": {"type": "LogFloats", "path": ["monitoring", "cpu"], "values": [{"value": 0.5, "step": null, "ts": 1639185690.127472}]}, "version": 400}
{"obj": {"type": "LogFloats", "path": ["monitoring", "memory"], "values": [{"value": 11.898326873779297, "step": null, "ts": 1639185690.127472}]}, "version": 401}
{"obj": {"type": "LogFloats", "path": ["monitoring", "gpu_memory"], "values": [{"value": 2.6490478515625, "step": null, "ts": 1639185690.127472}]}, "version": 402}
{"obj": {"type": "LogFloats", "path": ["monitoring", "cpu"], "values": [{"value": 0.5, "step": null, "ts": 1639185700.1296384}]}, "version": 403}
{"obj": {"type": "LogFloats", "path": ["monitoring", "memory"], "values": [{"value": 11.898151397705078, "step": null, "ts": 1639185700.1296384}]}, "version": 404}
{"obj": {"type": "LogFloats", "path": ["monitoring", "gpu_memory"], "values": [{"value": 2.6490478515625, "step": null, "ts": 1639185700.1296384}]}, "version": 405}
{"obj": {"type": "LogFloats", "path": ["monitoring", "cpu"], "values": [{"value": 0.4, "step": null, "ts": 1639185710.1319861}]}, "version": 406}
{"obj": {"type": "LogFloats", "path": ["monitoring", "memory"], "values": [{"value": 11.898418426513672, "step": null, "ts": 1639185710.1319861}]}, "version": 407}
{"obj": {"type": "LogFloats", "path": ["monitoring", "gpu_memory"], "values": [{"value": 2.6490478515625, "step": null, "ts": 1639185710.1319861}]}, "version": 408}
{"obj": {"type": "LogFloats", "path": ["monitoring", "cpu"], "values": [{"value": 1.1, "step": null, "ts": 1639185720.1370625}]}, "version": 409}
{"obj": {"type": "LogFloats", "path": ["monitoring", "memory"], "values": [{"value": 11.900405883789062, "step": null, "ts": 1639185720.1370625}]}, "version": 410}
{"obj": {"type": "LogFloats", "path": ["monitoring", "gpu_memory"], "values": [{"value": 2.6490478515625, "step": null, "ts": 1639185720.1370625}]}, "version": 411}
{"obj": {"type": "LogFloats", "path": ["monitoring", "cpu"], "values": [{"value": 0.6, "step": null, "ts": 1639185730.1393824}]}, "version": 412}
{"obj": {"type": "LogFloats", "path": ["monitoring", "memory"], "values": [{"value": 11.898021697998047, "step": null, "ts": 1639185730.1393824}]}, "version": 413}
{"obj": {"type": "LogFloats", "path": ["monitoring", "gpu_memory"], "values": [{"value": 2.6490478515625, "step": null, "ts": 1639185730.1393824}]}, "version": 414}
{"obj": {"type": "LogFloats", "path": ["monitoring", "cpu"], "values": [{"value": 0.5, "step": null, "ts": 1639185740.1429033}]}, "version": 415}
{"obj": {"type": "LogFloats", "path": ["monitoring", "memory"], "values": [{"value": 11.898113250732422, "step": null, "ts": 1639185740.1429033}]}, "version": 416}
{"obj": {"type": "LogFloats", "path": ["monitoring", "gpu_memory"], "values": [{"value": 2.6490478515625, "step": null, "ts": 1639185740.1429033}]}, "version": 417}
{"obj": {"type": "LogFloats", "path": ["monitoring", "cpu"], "values": [{"value": 0.5, "step": null, "ts": 1639185750.1450794}]}, "version": 418}
{"obj": {"type": "LogFloats", "path": ["monitoring", "memory"], "values": [{"value": 11.899681091308594, "step": null, "ts": 1639185750.1450794}]}, "version": 419}
{"obj": {"type": "LogFloats", "path": ["monitoring", "gpu_memory"], "values": [{"value": 2.6490478515625, "step": null, "ts": 1639185750.1450794}]}, "version": 420}
{"obj": {"type": "LogFloats", "path": ["monitoring", "cpu"], "values": [{"value": 0.6, "step": null, "ts": 1639185760.1474373}]}, "version": 421}
{"obj": {"type": "LogFloats", "path": ["monitoring", "memory"], "values": [{"value": 11.899799346923828, "step": null, "ts": 1639185760.1474373}]}, "version": 422}
{"obj": {"type": "LogFloats", "path": ["monitoring", "gpu_memory"], "values": [{"value": 2.6490478515625, "step": null, "ts": 1639185760.1474373}]}, "version": 423}
{"obj": {"type": "LogFloats", "path": ["monitoring", "cpu"], "values": [{"value": 0.5, "step": null, "ts": 1639185770.151601}]}, "version": 424}
{"obj": {"type": "LogFloats", "path": ["monitoring", "memory"], "values": [{"value": 11.903644561767578, "step": null, "ts": 1639185770.151601}]}, "version": 425}
{"obj": {"type": "LogFloats", "path": ["monitoring", "gpu_memory"], "values": [{"value": 2.6490478515625, "step": null, "ts": 1639185770.151601}]}, "version": 426}
{"obj": {"type": "LogFloats", "path": ["monitoring", "cpu"], "values": [{"value": 0.7, "step": null, "ts": 1639185780.1537497}]}, "version": 427}
{"obj": {"type": "LogFloats", "path": ["monitoring", "memory"], "values": [{"value": 11.90621566772461, "step": null, "ts": 1639185780.1537497}]}, "version": 428}
{"obj": {"type": "LogFloats", "path": ["monitoring", "gpu_memory"], "values": [{"value": 2.6490478515625, "step": null, "ts": 1639185780.1537497}]}, "version": 429}
{"obj": {"type": "LogFloats", "path": ["monitoring", "cpu"], "values": [{"value": 0.7, "step": null, "ts": 1639185790.156085}]}, "version": 430}
{"obj": {"type": "LogFloats", "path": ["monitoring", "memory"], "values": [{"value": 11.910335540771484, "step": null, "ts": 1639185790.156085}]}, "version": 431}
{"obj": {"type": "LogFloats", "path": ["monitoring", "gpu_memory"], "values": [{"value": 2.6490478515625, "step": null, "ts": 1639185790.156085}]}, "version": 432}
{"obj": {"type": "LogFloats", "path": ["monitoring", "cpu"], "values": [{"value": 0.5, "step": null, "ts": 1639185800.1582527}]}, "version": 433}
{"obj": {"type": "LogFloats", "path": ["monitoring", "memory"], "values": [{"value": 11.911273956298828, "step": null, "ts": 1639185800.1582527}]}, "version": 434}
{"obj": {"type": "LogFloats", "path": ["monitoring", "gpu_memory"], "values": [{"value": 2.6490478515625, "step": null, "ts": 1639185800.1582527}]}, "version": 435}
{"obj": {"type": "LogFloats", "path": ["monitoring", "cpu"], "values": [{"value": 0.6, "step": null, "ts": 1639185810.160578}]}, "version": 436}
{"obj": {"type": "LogFloats", "path": ["monitoring", "memory"], "values": [{"value": 11.910240173339844, "step": null, "ts": 1639185810.160578}]}, "version": 437}
{"obj": {"type": "LogFloats", "path": ["monitoring", "gpu_memory"], "values": [{"value": 2.6490478515625, "step": null, "ts": 1639185810.160578}]}, "version": 438}
{"obj": {"type": "LogFloats", "path": ["monitoring", "cpu"], "values": [{"value": 0.7, "step": null, "ts": 1639185820.1628544}]}, "version": 439}
{"obj": {"type": "LogFloats", "path": ["monitoring", "memory"], "values": [{"value": 11.91122055053711, "step": null, "ts": 1639185820.1628544}]}, "version": 440}
{"obj": {"type": "LogFloats", "path": ["monitoring", "gpu_memory"], "values": [{"value": 2.6490478515625, "step": null, "ts": 1639185820.1628544}]}, "version": 441}
{"obj": {"type": "LogFloats", "path": ["monitoring", "cpu"], "values": [{"value": 5.5, "step": null, "ts": 1639185830.1650627}]}, "version": 442}
{"obj": {"type": "LogFloats", "path": ["monitoring", "memory"], "values": [{"value": 11.916786193847656, "step": null, "ts": 1639185830.1650627}]}, "version": 443}
{"obj": {"type": "LogFloats", "path": ["monitoring", "gpu_memory"], "values": [{"value": 2.6490478515625, "step": null, "ts": 1639185830.1650627}]}, "version": 444}
{"obj": {"type": "LogFloats", "path": ["monitoring", "cpu"], "values": [{"value": 3.7, "step": null, "ts": 1639185840.1672306}]}, "version": 445}
{"obj": {"type": "LogFloats", "path": ["monitoring", "memory"], "values": [{"value": 11.889179229736328, "step": null, "ts": 1639185840.1672306}]}, "version": 446}
{"obj": {"type": "LogFloats", "path": ["monitoring", "gpu_memory"], "values": [{"value": 2.6490478515625, "step": null, "ts": 1639185840.1672306}]}, "version": 447}
{"obj": {"type": "LogFloats", "path": ["monitoring", "cpu"], "values": [{"value": 2.9, "step": null, "ts": 1639185850.1694617}]}, "version": 448}
{"obj": {"type": "LogFloats", "path": ["monitoring", "memory"], "values": [{"value": 11.887954711914062, "step": null, "ts": 1639185850.1694617}]}, "version": 449}
{"obj": {"type": "LogFloats", "path": ["monitoring", "gpu_memory"], "values": [{"value": 2.6490478515625, "step": null, "ts": 1639185850.1694617}]}, "version": 450}
{"obj": {"type": "LogFloats", "path": ["monitoring", "cpu"], "values": [{"value": 1.6, "step": null, "ts": 1639185860.171687}]}, "version": 451}
{"obj": {"type": "LogFloats", "path": ["monitoring", "memory"], "values": [{"value": 11.883979797363281, "step": null, "ts": 1639185860.171687}]}, "version": 452}
{"obj": {"type": "LogFloats", "path": ["monitoring", "gpu_memory"], "values": [{"value": 2.6490478515625, "step": null, "ts": 1639185860.171687}]}, "version": 453}
{"obj": {"type": "LogFloats", "path": ["monitoring", "cpu"], "values": [{"value": 3.8, "step": null, "ts": 1639185870.1738558}]}, "version": 454}
{"obj": {"type": "LogFloats", "path": ["monitoring", "memory"], "values": [{"value": 11.892379760742188, "step": null, "ts": 1639185870.1738558}]}, "version": 455}
{"obj": {"type": "LogFloats", "path": ["monitoring", "gpu_memory"], "values": [{"value": 2.6490478515625, "step": null, "ts": 1639185870.1738558}]}, "version": 456}
{"obj": {"type": "LogFloats", "path": ["monitoring", "cpu"], "values": [{"value": 1.3, "step": null, "ts": 1639185880.1761942}]}, "version": 457}
{"obj": {"type": "LogFloats", "path": ["monitoring", "memory"], "values": [{"value": 11.888351440429688, "step": null, "ts": 1639185880.1761942}]}, "version": 458}
{"obj": {"type": "LogFloats", "path": ["monitoring", "gpu_memory"], "values": [{"value": 2.6490478515625, "step": null, "ts": 1639185880.1761942}]}, "version": 459}
{"obj": {"type": "LogFloats", "path": ["monitoring", "cpu"], "values": [{"value": 0.7, "step": null, "ts": 1639185890.1785145}]}, "version": 460}
{"obj": {"type": "LogFloats", "path": ["monitoring", "memory"], "values": [{"value": 11.885818481445312, "step": null, "ts": 1639185890.1785145}]}, "version": 461}
{"obj": {"type": "LogFloats", "path": ["monitoring", "gpu_memory"], "values": [{"value": 2.6490478515625, "step": null, "ts": 1639185890.1785145}]}, "version": 462}
{"obj": {"type": "LogFloats", "path": ["monitoring", "cpu"], "values": [{"value": 2.6, "step": null, "ts": 1639185900.180657}]}, "version": 463}
{"obj": {"type": "LogFloats", "path": ["monitoring", "memory"], "values": [{"value": 11.866039276123047, "step": null, "ts": 1639185900.180657}]}, "version": 464}
{"obj": {"type": "LogFloats", "path": ["monitoring", "gpu_memory"], "values": [{"value": 2.6490478515625, "step": null, "ts": 1639185900.180657}]}, "version": 465}
{"obj": {"type": "LogFloats", "path": ["monitoring", "cpu"], "values": [{"value": 1.8, "step": null, "ts": 1639185910.183275}]}, "version": 466}
{"obj": {"type": "LogFloats", "path": ["monitoring", "memory"], "values": [{"value": 11.86849594116211, "step": null, "ts": 1639185910.183275}]}, "version": 467}
{"obj": {"type": "LogFloats", "path": ["monitoring", "gpu_memory"], "values": [{"value": 2.6490478515625, "step": null, "ts": 1639185910.183275}]}, "version": 468}
{"obj": {"type": "LogFloats", "path": ["monitoring", "cpu"], "values": [{"value": 3.6, "step": null, "ts": 1639185920.1856568}]}, "version": 469}
{"obj": {"type": "LogFloats", "path": ["monitoring", "memory"], "values": [{"value": 11.9033203125, "step": null, "ts": 1639185920.1856568}]}, "version": 470}
{"obj": {"type": "LogFloats", "path": ["monitoring", "gpu_memory"], "values": [{"value": 2.6490478515625, "step": null, "ts": 1639185920.1856568}]}, "version": 471}
{"obj": {"type": "LogFloats", "path": ["monitoring", "cpu"], "values": [{"value": 2.0, "step": null, "ts": 1639185930.1880078}]}, "version": 472}
{"obj": {"type": "LogFloats", "path": ["monitoring", "memory"], "values": [{"value": 11.90201187133789, "step": null, "ts": 1639185930.1880078}]}, "version": 473}
{"obj": {"type": "LogFloats", "path": ["monitoring", "gpu_memory"], "values": [{"value": 2.6490478515625, "step": null, "ts": 1639185930.1880078}]}, "version": 474}
{"obj": {"type": "LogFloats", "path": ["monitoring", "cpu"], "values": [{"value": 2.6, "step": null, "ts": 1639185940.1904473}]}, "version": 475}
{"obj": {"type": "LogFloats", "path": ["monitoring", "memory"], "values": [{"value": 11.914436340332031, "step": null, "ts": 1639185940.1904473}]}, "version": 476}
{"obj": {"type": "LogFloats", "path": ["monitoring", "gpu_memory"], "values": [{"value": 2.6490478515625, "step": null, "ts": 1639185940.1904473}]}, "version": 477}
{"obj": {"type": "LogFloats", "path": ["monitoring", "cpu"], "values": [{"value": 1.0, "step": null, "ts": 1639185950.1926346}]}, "version": 478}
{"obj": {"type": "LogFloats", "path": ["monitoring", "memory"], "values": [{"value": 11.917098999023438, "step": null, "ts": 1639185950.1926346}]}, "version": 479}
{"obj": {"type": "LogFloats", "path": ["monitoring", "gpu_memory"], "values": [{"value": 2.6490478515625, "step": null, "ts": 1639185950.1926346}]}, "version": 480}
{"obj": {"type": "LogFloats", "path": ["monitoring", "cpu"], "values": [{"value": 5.1, "step": null, "ts": 1639185960.1947684}]}, "version": 481}
{"obj": {"type": "LogFloats", "path": ["monitoring", "memory"], "values": [{"value": 11.89846420288086, "step": null, "ts": 1639185960.1947684}]}, "version": 482}
{"obj": {"type": "LogFloats", "path": ["monitoring", "gpu_memory"], "values": [{"value": 2.6490478515625, "step": null, "ts": 1639185960.1947684}]}, "version": 483}
{"obj": {"type": "LogFloats", "path": ["monitoring", "cpu"], "values": [{"value": 2.2, "step": null, "ts": 1639185970.196963}]}, "version": 484}
{"obj": {"type": "LogFloats", "path": ["monitoring", "memory"], "values": [{"value": 11.887630462646484, "step": null, "ts": 1639185970.196963}]}, "version": 485}
{"obj": {"type": "LogFloats", "path": ["monitoring", "gpu_memory"], "values": [{"value": 2.6490478515625, "step": null, "ts": 1639185970.196963}]}, "version": 486}
{"obj": {"type": "LogFloats", "path": ["monitoring", "cpu"], "values": [{"value": 2.9, "step": null, "ts": 1639185980.1996648}]}, "version": 487}
{"obj": {"type": "LogFloats", "path": ["monitoring", "memory"], "values": [{"value": 11.866325378417969, "step": null, "ts": 1639185980.1996648}]}, "version": 488}
{"obj": {"type": "LogFloats", "path": ["monitoring", "gpu_memory"], "values": [{"value": 2.6490478515625, "step": null, "ts": 1639185980.1996648}]}, "version": 489}
{"obj": {"type": "LogFloats", "path": ["monitoring", "cpu"], "values": [{"value": 1.4, "step": null, "ts": 1639185990.2023404}]}, "version": 490}
{"obj": {"type": "LogFloats", "path": ["monitoring", "memory"], "values": [{"value": 11.883968353271484, "step": null, "ts": 1639185990.2023404}]}, "version": 491}
{"obj": {"type": "LogFloats", "path": ["monitoring", "gpu_memory"], "values": [{"value": 2.6490478515625, "step": null, "ts": 1639185990.2023404}]}, "version": 492}
{"obj": {"type": "LogFloats", "path": ["monitoring", "cpu"], "values": [{"value": 1.1, "step": null, "ts": 1639186000.2046773}]}, "version": 493}
{"obj": {"type": "LogFloats", "path": ["monitoring", "memory"], "values": [{"value": 11.941482543945312, "step": null, "ts": 1639186000.2046773}]}, "version": 494}
{"obj": {"type": "LogFloats", "path": ["monitoring", "gpu_memory"], "values": [{"value": 2.6490478515625, "step": null, "ts": 1639186000.2046773}]}, "version": 495}
{"obj": {"type": "LogFloats", "path": ["monitoring", "cpu"], "values": [{"value": 7.1, "step": null, "ts": 1639186010.207004}]}, "version": 496}
{"obj": {"type": "LogFloats", "path": ["monitoring", "memory"], "values": [{"value": 11.94997787475586, "step": null, "ts": 1639186010.207004}]}, "version": 497}
{"obj": {"type": "LogFloats", "path": ["monitoring", "gpu_memory"], "values": [{"value": 2.6490478515625, "step": null, "ts": 1639186010.207004}]}, "version": 498}
{"obj": {"type": "LogFloats", "path": ["monitoring", "cpu"], "values": [{"value": 2.3, "step": null, "ts": 1639186020.2094061}]}, "version": 499}
{"obj": {"type": "LogFloats", "path": ["monitoring", "memory"], "values": [{"value": 11.961067199707031, "step": null, "ts": 1639186020.2094061}]}, "version": 500}
{"obj": {"type": "LogFloats", "path": ["monitoring", "gpu_memory"], "values": [{"value": 2.6490478515625, "step": null, "ts": 1639186020.2094061}]}, "version": 501}
{"obj": {"type": "LogFloats", "path": ["monitoring", "cpu"], "values": [{"value": 1.2, "step": null, "ts": 1639186030.2119823}]}, "version": 502}
{"obj": {"type": "LogFloats", "path": ["monitoring", "memory"], "values": [{"value": 11.945720672607422, "step": null, "ts": 1639186030.2119823}]}, "version": 503}
{"obj": {"type": "LogFloats", "path": ["monitoring", "gpu_memory"], "values": [{"value": 2.6490478515625, "step": null, "ts": 1639186030.2119823}]}, "version": 504}
{"obj": {"type": "LogFloats", "path": ["monitoring", "cpu"], "values": [{"value": 5.5, "step": null, "ts": 1639186040.2143188}]}, "version": 505}
{"obj": {"type": "LogFloats", "path": ["monitoring", "memory"], "values": [{"value": 11.943817138671875, "step": null, "ts": 1639186040.2143188}]}, "version": 506}
{"obj": {"type": "LogFloats", "path": ["monitoring", "gpu_memory"], "values": [{"value": 2.6490478515625, "step": null, "ts": 1639186040.2143188}]}, "version": 507}
{"obj": {"type": "LogFloats", "path": ["monitoring", "cpu"], "values": [{"value": 6.4, "step": null, "ts": 1639186050.2164876}]}, "version": 508}
{"obj": {"type": "LogFloats", "path": ["monitoring", "memory"], "values": [{"value": 11.954788208007812, "step": null, "ts": 1639186050.2164876}]}, "version": 509}
{"obj": {"type": "LogFloats", "path": ["monitoring", "gpu_memory"], "values": [{"value": 2.6490478515625, "step": null, "ts": 1639186050.2164876}]}, "version": 510}
{"obj": {"type": "LogFloats", "path": ["monitoring", "cpu"], "values": [{"value": 1.7, "step": null, "ts": 1639186060.218578}]}, "version": 511}
{"obj": {"type": "LogFloats", "path": ["monitoring", "memory"], "values": [{"value": 11.967582702636719, "step": null, "ts": 1639186060.218578}]}, "version": 512}
{"obj": {"type": "LogFloats", "path": ["monitoring", "gpu_memory"], "values": [{"value": 2.6490478515625, "step": null, "ts": 1639186060.218578}]}, "version": 513}
{"obj": {"type": "LogFloats", "path": ["monitoring", "cpu"], "values": [{"value": 5.5, "step": null, "ts": 1639186070.220651}]}, "version": 514}
{"obj": {"type": "LogFloats", "path": ["monitoring", "memory"], "values": [{"value": 11.979988098144531, "step": null, "ts": 1639186070.220651}]}, "version": 515}
{"obj": {"type": "LogFloats", "path": ["monitoring", "gpu_memory"], "values": [{"value": 2.6490478515625, "step": null, "ts": 1639186070.220651}]}, "version": 516}
{"obj": {"type": "LogFloats", "path": ["monitoring", "cpu"], "values": [{"value": 2.0, "step": null, "ts": 1639186080.2231066}]}, "version": 517}
{"obj": {"type": "LogFloats", "path": ["monitoring", "memory"], "values": [{"value": 11.978511810302734, "step": null, "ts": 1639186080.2231066}]}, "version": 518}
{"obj": {"type": "LogFloats", "path": ["monitoring", "gpu_memory"], "values": [{"value": 2.6490478515625, "step": null, "ts": 1639186080.2231066}]}, "version": 519}
{"obj": {"type": "LogFloats", "path": ["monitoring", "cpu"], "values": [{"value": 1.7, "step": null, "ts": 1639186090.225668}]}, "version": 520}
{"obj": {"type": "LogFloats", "path": ["monitoring", "memory"], "values": [{"value": 11.979965209960938, "step": null, "ts": 1639186090.225668}]}, "version": 521}
{"obj": {"type": "LogFloats", "path": ["monitoring", "gpu_memory"], "values": [{"value": 2.6490478515625, "step": null, "ts": 1639186090.225668}]}, "version": 522}
{"obj": {"type": "LogFloats", "path": ["monitoring", "cpu"], "values": [{"value": 2.6, "step": null, "ts": 1639186100.2279513}]}, "version": 523}
{"obj": {"type": "LogFloats", "path": ["monitoring", "memory"], "values": [{"value": 11.979415893554688, "step": null, "ts": 1639186100.2279513}]}, "version": 524}
{"obj": {"type": "LogFloats", "path": ["monitoring", "gpu_memory"], "values": [{"value": 2.6490478515625, "step": null, "ts": 1639186100.2279513}]}, "version": 525}
{"obj": {"type": "LogFloats", "path": ["monitoring", "cpu"], "values": [{"value": 1.5, "step": null, "ts": 1639186110.230104}]}, "version": 526}
{"obj": {"type": "LogFloats", "path": ["monitoring", "memory"], "values": [{"value": 11.959297180175781, "step": null, "ts": 1639186110.230104}]}, "version": 527}
{"obj": {"type": "LogFloats", "path": ["monitoring", "gpu_memory"], "values": [{"value": 2.6490478515625, "step": null, "ts": 1639186110.230104}]}, "version": 528}
{"obj": {"type": "LogFloats", "path": ["monitoring", "cpu"], "values": [{"value": 2.7, "step": null, "ts": 1639186120.232286}]}, "version": 529}
{"obj": {"type": "LogFloats", "path": ["monitoring", "memory"], "values": [{"value": 11.975677490234375, "step": null, "ts": 1639186120.232286}]}, "version": 530}
{"obj": {"type": "LogFloats", "path": ["monitoring", "gpu_memory"], "values": [{"value": 2.6490478515625, "step": null, "ts": 1639186120.232286}]}, "version": 531}
