{"obj": {"type": "AssignString", "path": ["sys", "name"], "value": "Untitled"}, "version": 1}
{"obj": {"type": "AssignString", "path": ["sys", "description"], "value": ""}, "version": 2}
{"obj": {"type": "AssignString", "path": ["sys", "hostname"], "value": "nipa2019-0087"}, "version": 3}
{"obj": {"type": "AssignBool", "path": ["sys", "failed"], "value": false}, "version": 4}
{"obj": {"type": "ClearStringLog", "path": ["monitoring", "stdout"]}, "version": 5}
{"obj": {"type": "ClearStringLog", "path": ["monitoring", "stderr"]}, "version": 6}
{"obj": {"type": "AssignString", "path": ["source_code", "entrypoint"], "value": "main.py"}, "version": 7}
{"obj": {"type": "UploadFileSet", "path": ["source_code", "files"], "file_globs": ["/home/jaeho3690/Meta/main.py"], "reset": "False"}, "version": 8}
{"obj": {"type": "ConfigFloatSeries", "path": ["monitoring", "cpu"], "min": 0.0, "max": 100.0, "unit": "%"}, "version": 9}
{"obj": {"type": "ClearFloatLog", "path": ["monitoring", "cpu"]}, "version": 10}
{"obj": {"type": "ConfigFloatSeries", "path": ["monitoring", "memory"], "min": 0.0, "max": 88.49047470092773, "unit": "GB"}, "version": 11}
{"obj": {"type": "ClearFloatLog", "path": ["monitoring", "memory"]}, "version": 12}
{"obj": {"type": "ConfigFloatSeries", "path": ["monitoring", "gpu"], "min": 0.0, "max": 100.0, "unit": "%"}, "version": 13}
{"obj": {"type": "ClearFloatLog", "path": ["monitoring", "gpu"]}, "version": 14}
{"obj": {"type": "ConfigFloatSeries", "path": ["monitoring", "gpu_memory"], "min": 0.0, "max": 31.71923828125, "unit": "GB"}, "version": 15}
{"obj": {"type": "ClearFloatLog", "path": ["monitoring", "gpu_memory"]}, "version": 16}
{"obj": {"type": "LogFloats", "path": ["monitoring", "cpu"], "values": [{"value": 52.2, "step": null, "ts": 1639276843.706298}]}, "version": 17}
{"obj": {"type": "LogFloats", "path": ["monitoring", "memory"], "values": [{"value": 19.97393035888672, "step": null, "ts": 1639276843.706298}]}, "version": 18}
{"obj": {"type": "LogFloats", "path": ["monitoring", "gpu"], "values": [{"value": 99.0, "step": null, "ts": 1639276843.706298}]}, "version": 19}
{"obj": {"type": "LogFloats", "path": ["monitoring", "gpu_memory"], "values": [{"value": 29.2701416015625, "step": null, "ts": 1639276843.706298}]}, "version": 20}
{"obj": {"type": "LogStrings", "path": ["monitoring", "stdout"], "values": [{"value": "", "step": null, "ts": 1639276843.7268906}]}, "version": 21}
{"obj": {"type": "LogStrings", "path": ["monitoring", "stdout"], "values": [{"value": "https://app.neptune.ai/jaeho3690/metalearningCW/e/MET-56\n", "step": null, "ts": 1639276843.7278106}]}, "version": 22}
{"obj": {"type": "AddStrings", "path": ["sys", "tags"], "values": ["miniimagenet", "5", "maml", "15", "1"]}, "version": 23}
{"obj": {"type": "AssignString", "path": ["meta_config", "model"], "value": "maml"}, "version": 24}
{"obj": {"type": "AssignString", "path": ["meta_config", "dataset"], "value": "miniimagenet"}, "version": 25}
{"obj": {"type": "AssignString", "path": ["meta_config", "device"], "value": "cuda"}, "version": 26}
{"obj": {"type": "AssignInt", "path": ["meta_config", "num_workers"], "value": 1}, "version": 27}
{"obj": {"type": "AssignInt", "path": ["meta_config", "N"], "value": 5}, "version": 28}
{"obj": {"type": "AssignInt", "path": ["meta_config", "K"], "value": 1}, "version": 29}
{"obj": {"type": "AssignInt", "path": ["meta_config", "Q"], "value": 15}, "version": 30}
{"obj": {"type": "AssignInt", "path": ["meta_config", "total_train_episode_num"], "value": 60000}, "version": 31}
{"obj": {"type": "AssignInt", "path": ["meta_config", "total_val_episode_num"], "value": 60000}, "version": 32}
{"obj": {"type": "AssignInt", "path": ["meta_config", "total_test_episode_num"], "value": 600}, "version": 33}
{"obj": {"type": "AssignInt", "path": ["meta_config", "train_iter"], "value": 5000}, "version": 34}
{"obj": {"type": "AssignInt", "path": ["meta_config", "val_iter"], "value": 5000}, "version": 35}
{"obj": {"type": "AssignInt", "path": ["meta_config", "test_iter"], "value": 600}, "version": 36}
{"obj": {"type": "AssignString", "path": ["meta_config", "load_pt"], "value": "None"}, "version": 37}
{"obj": {"type": "AssignString", "path": ["meta_config", "save_pt"], "value": "maml-miniimagenet-5way-1shot-15"}, "version": 38}
{"obj": {"type": "AssignInt", "path": ["meta_config", "seed"], "value": 0}, "version": 39}
{"obj": {"type": "AssignInt", "path": ["model_config", "inner_loop"], "value": 4}, "version": 40}
{"obj": {"type": "AssignInt", "path": ["model_config", "inner_update_steps"], "value": 1}, "version": 41}
{"obj": {"type": "AssignFloat", "path": ["model_config", "inner_lr"], "value": 0.0001}, "version": 42}
{"obj": {"type": "AssignFloat", "path": ["model_config", "outer_lr"], "value": 0.0001}, "version": 43}
{"obj": {"type": "LogStrings", "path": ["monitoring", "stderr"], "values": [{"value": "Traceback (most recent call last):\n", "step": null, "ts": 1639276843.936176}]}, "version": 44}
{"obj": {"type": "LogStrings", "path": ["monitoring", "stderr"], "values": [{"value": "", "step": null, "ts": 1639276843.9375277}]}, "version": 45}
{"obj": {"type": "LogStrings", "path": ["monitoring", "stderr"], "values": [{"value": "  File \"/home/ubuntu/.vscode-server/extensions/ms-python.python-2021.12.1559732655/pythonFiles/lib/python/debugpy/_vendored/pydevd/_pydevd_bundle/pydevd_comm.py\", line 267, in _on_run\n    self.process_net_command_json(self.py_db, json_contents)\n", "step": null, "ts": 1639276843.937685}]}, "version": 46}
{"obj": {"type": "LogStrings", "path": ["monitoring", "stderr"], "values": [{"value": "", "step": null, "ts": 1639276843.9377816}]}, "version": 47}
{"obj": {"type": "LogStrings", "path": ["monitoring", "stderr"], "values": [{"value": "  File \"/home/ubuntu/.vscode-server/extensions/ms-python.python-2021.12.1559732655/pythonFiles/lib/python/debugpy/_vendored/pydevd/_pydevd_bundle/pydevd_process_net_command_json.py\", line 193, in process_net_command_json\n    cmd = on_request(py_db, request)\n", "step": null, "ts": 1639276843.9378762}]}, "version": 48}
{"obj": {"type": "LogStrings", "path": ["monitoring", "stderr"], "values": [{"value": "", "step": null, "ts": 1639276843.9379656}]}, "version": 49}
{"obj": {"type": "LogStrings", "path": ["monitoring", "stderr"], "values": [{"value": "  File \"/home/ubuntu/.vscode-server/extensions/ms-python.python-2021.12.1559732655/pythonFiles/lib/python/debugpy/_vendored/pydevd/_pydevd_bundle/pydevd_process_net_command_json.py\", line 949, in on_scopes_request\n    Scope('Locals', ScopeRequest(int(variables_reference), 'locals'), False, presentationHint='locals'),\n", "step": null, "ts": 1639276843.9380593}]}, "version": 50}
{"obj": {"type": "LogStrings", "path": ["monitoring", "stderr"], "values": [{"value": "", "step": null, "ts": 1639276843.9381437}]}, "version": 51}
{"obj": {"type": "LogStrings", "path": ["monitoring", "stderr"], "values": [{"value": "ValueError: invalid literal for int() with base 10: 'pid_28985_id_140647168249968'\n", "step": null, "ts": 1639276843.9382422}]}, "version": 52}
{"obj": {"type": "LogStrings", "path": ["monitoring", "stderr"], "values": [{"value": "", "step": null, "ts": 1639276843.9383237}]}, "version": 53}
{"obj": {"type": "LogFloats", "path": ["monitoring", "cpu"], "values": [{"value": 61.3, "step": null, "ts": 1639276853.7100196}]}, "version": 54}
{"obj": {"type": "LogFloats", "path": ["monitoring", "memory"], "values": [{"value": 23.178939819335938, "step": null, "ts": 1639276853.7100196}]}, "version": 55}
{"obj": {"type": "LogFloats", "path": ["monitoring", "gpu"], "values": [{"value": 100.0, "step": null, "ts": 1639276853.7100196}]}, "version": 56}
{"obj": {"type": "LogFloats", "path": ["monitoring", "gpu_memory"], "values": [{"value": 30.3980712890625, "step": null, "ts": 1639276853.7100196}]}, "version": 57}
{"obj": {"type": "LogStrings", "path": ["monitoring", "stdout"], "values": [{"value": "LOADED EPISODE FILE FOR train: miniimagenet-train-5way-1shot-15query-60000episodes.pkl", "step": null, "ts": 1639276855.9919453}]}, "version": 58}
{"obj": {"type": "LogStrings", "path": ["monitoring", "stdout"], "values": [{"value": "\n", "step": null, "ts": 1639276855.9930434}]}, "version": 59}
{"obj": {"type": "LogStrings", "path": ["monitoring", "stdout"], "values": [{"value": "LOADED EPISODE FILE FOR val: miniimagenet-val-5way-1shot-15query-60000episodes.pkl", "step": null, "ts": 1639276858.1958163}]}, "version": 60}
{"obj": {"type": "LogStrings", "path": ["monitoring", "stdout"], "values": [{"value": "\n", "step": null, "ts": 1639276858.1962605}]}, "version": 61}
{"obj": {"type": "LogStrings", "path": ["monitoring", "stdout"], "values": [{"value": "LOADED EPISODE FILE FOR test: miniimagenet-test-5way-1shot-15query-600episodes.pkl", "step": null, "ts": 1639276858.6198516}]}, "version": 62}
{"obj": {"type": "LogStrings", "path": ["monitoring", "stdout"], "values": [{"value": "\n", "step": null, "ts": 1639276858.6202445}]}, "version": 63}
{"obj": {"type": "LogStrings", "path": ["monitoring", "stderr"], "values": [{"value": "\r  0%|                                                                                                                                                                                                                                               | 0/15000 [00:00<?, ?it/s]", "step": null, "ts": 1639276858.6261468}]}, "version": 64}
{"obj": {"type": "LogFloats", "path": ["monitoring", "cpu"], "values": [{"value": 50.4, "step": null, "ts": 1639276863.712261}]}, "version": 65}
{"obj": {"type": "LogFloats", "path": ["monitoring", "memory"], "values": [{"value": 24.414085388183594, "step": null, "ts": 1639276863.712261}]}, "version": 66}
{"obj": {"type": "LogFloats", "path": ["monitoring", "gpu"], "values": [{"value": 99.0, "step": null, "ts": 1639276863.712261}]}, "version": 67}
{"obj": {"type": "LogFloats", "path": ["monitoring", "gpu_memory"], "values": [{"value": 30.3980712890625, "step": null, "ts": 1639276863.712261}]}, "version": 68}
{"obj": {"type": "LogFloats", "path": ["monitoring", "cpu"], "values": [{"value": 44.2, "step": null, "ts": 1639276873.71518}]}, "version": 69}
{"obj": {"type": "LogFloats", "path": ["monitoring", "memory"], "values": [{"value": 24.41809844970703, "step": null, "ts": 1639276873.71518}]}, "version": 70}
{"obj": {"type": "LogFloats", "path": ["monitoring", "gpu"], "values": [{"value": 100.0, "step": null, "ts": 1639276873.71518}]}, "version": 71}
{"obj": {"type": "LogFloats", "path": ["monitoring", "gpu_memory"], "values": [{"value": 30.3980712890625, "step": null, "ts": 1639276873.71518}]}, "version": 72}
{"obj": {"type": "LogFloats", "path": ["monitoring", "cpu"], "values": [{"value": 44.4, "step": null, "ts": 1639276883.7175906}]}, "version": 73}
{"obj": {"type": "LogFloats", "path": ["monitoring", "memory"], "values": [{"value": 24.42259979248047, "step": null, "ts": 1639276883.7175906}]}, "version": 74}
{"obj": {"type": "LogFloats", "path": ["monitoring", "gpu"], "values": [{"value": 100.0, "step": null, "ts": 1639276883.7175906}]}, "version": 75}
{"obj": {"type": "LogFloats", "path": ["monitoring", "gpu_memory"], "values": [{"value": 30.3980712890625, "step": null, "ts": 1639276883.7175906}]}, "version": 76}
{"obj": {"type": "LogFloats", "path": ["monitoring", "cpu"], "values": [{"value": 44.5, "step": null, "ts": 1639276893.7198982}]}, "version": 77}
{"obj": {"type": "LogFloats", "path": ["monitoring", "memory"], "values": [{"value": 24.427234649658203, "step": null, "ts": 1639276893.7198982}]}, "version": 78}
{"obj": {"type": "LogFloats", "path": ["monitoring", "gpu"], "values": [{"value": 100.0, "step": null, "ts": 1639276893.7198982}]}, "version": 79}
{"obj": {"type": "LogFloats", "path": ["monitoring", "gpu_memory"], "values": [{"value": 30.3980712890625, "step": null, "ts": 1639276893.7198982}]}, "version": 80}
{"obj": {"type": "LogFloats", "path": ["monitoring", "cpu"], "values": [{"value": 46.2, "step": null, "ts": 1639276903.7220101}]}, "version": 81}
{"obj": {"type": "LogFloats", "path": ["monitoring", "memory"], "values": [{"value": 24.350704193115234, "step": null, "ts": 1639276903.7220101}]}, "version": 82}
{"obj": {"type": "LogFloats", "path": ["monitoring", "gpu"], "values": [{"value": 100.0, "step": null, "ts": 1639276903.7220101}]}, "version": 83}
{"obj": {"type": "LogFloats", "path": ["monitoring", "gpu_memory"], "values": [{"value": 30.3980712890625, "step": null, "ts": 1639276903.7220101}]}, "version": 84}
{"obj": {"type": "LogFloats", "path": ["monitoring", "cpu"], "values": [{"value": 44.3, "step": null, "ts": 1639276913.7243364}]}, "version": 85}
{"obj": {"type": "LogFloats", "path": ["monitoring", "memory"], "values": [{"value": 24.354389190673828, "step": null, "ts": 1639276913.7243364}]}, "version": 86}
{"obj": {"type": "LogFloats", "path": ["monitoring", "gpu"], "values": [{"value": 100.0, "step": null, "ts": 1639276913.7243364}]}, "version": 87}
{"obj": {"type": "LogFloats", "path": ["monitoring", "gpu_memory"], "values": [{"value": 30.3980712890625, "step": null, "ts": 1639276913.7243364}]}, "version": 88}
{"obj": {"type": "LogFloats", "path": ["monitoring", "cpu"], "values": [{"value": 44.4, "step": null, "ts": 1639276923.7279668}]}, "version": 89}
{"obj": {"type": "LogFloats", "path": ["monitoring", "memory"], "values": [{"value": 24.360488891601562, "step": null, "ts": 1639276923.7279668}]}, "version": 90}
{"obj": {"type": "LogFloats", "path": ["monitoring", "gpu"], "values": [{"value": 99.0, "step": null, "ts": 1639276923.7279668}]}, "version": 91}
{"obj": {"type": "LogFloats", "path": ["monitoring", "gpu_memory"], "values": [{"value": 30.3980712890625, "step": null, "ts": 1639276923.7279668}]}, "version": 92}
{"obj": {"type": "LogFloats", "path": ["monitoring", "cpu"], "values": [{"value": 44.3, "step": null, "ts": 1639276933.7300909}]}, "version": 93}
{"obj": {"type": "LogFloats", "path": ["monitoring", "memory"], "values": [{"value": 24.369274139404297, "step": null, "ts": 1639276933.7300909}]}, "version": 94}
{"obj": {"type": "LogFloats", "path": ["monitoring", "gpu"], "values": [{"value": 100.0, "step": null, "ts": 1639276933.7300909}]}, "version": 95}
{"obj": {"type": "LogFloats", "path": ["monitoring", "gpu_memory"], "values": [{"value": 30.3980712890625, "step": null, "ts": 1639276933.7300909}]}, "version": 96}
{"obj": {"type": "LogFloats", "path": ["monitoring", "cpu"], "values": [{"value": 44.0, "step": null, "ts": 1639276943.7324362}]}, "version": 97}
{"obj": {"type": "LogFloats", "path": ["monitoring", "memory"], "values": [{"value": 24.37359619140625, "step": null, "ts": 1639276943.7324362}]}, "version": 98}
{"obj": {"type": "LogFloats", "path": ["monitoring", "gpu"], "values": [{"value": 100.0, "step": null, "ts": 1639276943.7324362}]}, "version": 99}
{"obj": {"type": "LogFloats", "path": ["monitoring", "gpu_memory"], "values": [{"value": 30.3980712890625, "step": null, "ts": 1639276943.7324362}]}, "version": 100}
{"obj": {"type": "LogFloats", "path": ["monitoring", "cpu"], "values": [{"value": 43.9, "step": null, "ts": 1639276953.7354295}]}, "version": 101}
{"obj": {"type": "LogFloats", "path": ["monitoring", "memory"], "values": [{"value": 24.37222671508789, "step": null, "ts": 1639276953.7354295}]}, "version": 102}
{"obj": {"type": "LogFloats", "path": ["monitoring", "gpu"], "values": [{"value": 100.0, "step": null, "ts": 1639276953.7354295}]}, "version": 103}
{"obj": {"type": "LogFloats", "path": ["monitoring", "gpu_memory"], "values": [{"value": 30.3980712890625, "step": null, "ts": 1639276953.7354295}]}, "version": 104}
{"obj": {"type": "LogFloats", "path": ["monitoring", "cpu"], "values": [{"value": 44.7, "step": null, "ts": 1639276963.737605}]}, "version": 105}
{"obj": {"type": "LogFloats", "path": ["monitoring", "memory"], "values": [{"value": 24.37899398803711, "step": null, "ts": 1639276963.737605}]}, "version": 106}
{"obj": {"type": "LogFloats", "path": ["monitoring", "gpu"], "values": [{"value": 100.0, "step": null, "ts": 1639276963.737605}]}, "version": 107}
{"obj": {"type": "LogFloats", "path": ["monitoring", "gpu_memory"], "values": [{"value": 30.3980712890625, "step": null, "ts": 1639276963.737605}]}, "version": 108}
