{"obj": {"type": "AssignString", "path": ["sys", "name"], "value": "Untitled"}, "version": 1}
{"obj": {"type": "AssignString", "path": ["sys", "description"], "value": ""}, "version": 2}
{"obj": {"type": "AssignString", "path": ["sys", "hostname"], "value": "nipa2019-0087"}, "version": 3}
{"obj": {"type": "AssignBool", "path": ["sys", "failed"], "value": false}, "version": 4}
{"obj": {"type": "ClearStringLog", "path": ["monitoring", "stdout"]}, "version": 5}
{"obj": {"type": "ClearStringLog", "path": ["monitoring", "stderr"]}, "version": 6}
{"obj": {"type": "AssignString", "path": ["source_code", "entrypoint"], "value": "main.py"}, "version": 7}
{"obj": {"type": "UploadFileSet", "path": ["source_code", "files"], "file_globs": ["/home/jaeho3690/Meta/main.py"], "reset": "False"}, "version": 8}
{"obj": {"type": "ConfigFloatSeries", "path": ["monitoring", "cpu"], "min": 0.0, "max": 100.0, "unit": "%"}, "version": 9}
{"obj": {"type": "ClearFloatLog", "path": ["monitoring", "cpu"]}, "version": 10}
{"obj": {"type": "ConfigFloatSeries", "path": ["monitoring", "memory"], "min": 0.0, "max": 88.49047470092773, "unit": "GB"}, "version": 11}
{"obj": {"type": "ClearFloatLog", "path": ["monitoring", "memory"]}, "version": 12}
{"obj": {"type": "ConfigFloatSeries", "path": ["monitoring", "gpu"], "min": 0.0, "max": 100.0, "unit": "%"}, "version": 13}
{"obj": {"type": "ClearFloatLog", "path": ["monitoring", "gpu"]}, "version": 14}
{"obj": {"type": "ConfigFloatSeries", "path": ["monitoring", "gpu_memory"], "min": 0.0, "max": 31.71923828125, "unit": "GB"}, "version": 15}
{"obj": {"type": "ClearFloatLog", "path": ["monitoring", "gpu_memory"]}, "version": 16}
{"obj": {"type": "LogFloats", "path": ["monitoring", "cpu"], "values": [{"value": 6.7, "step": null, "ts": 1638859364.1956706}]}, "version": 17}
{"obj": {"type": "LogFloats", "path": ["monitoring", "memory"], "values": [{"value": 6.831119537353516, "step": null, "ts": 1638859364.1956706}]}, "version": 18}
{"obj": {"type": "LogFloats", "path": ["monitoring", "gpu_memory"], "values": [{"value": 1.5211181640625, "step": null, "ts": 1638859364.1956706}]}, "version": 19}
{"obj": {"type": "LogStrings", "path": ["monitoring", "stdout"], "values": [{"value": "", "step": null, "ts": 1638859364.2080674}]}, "version": 20}
{"obj": {"type": "LogStrings", "path": ["monitoring", "stdout"], "values": [{"value": "https://app.neptune.ai/jaeho3690/metalearningCW/e/MET-2\n", "step": null, "ts": 1638859364.2157292}]}, "version": 21}
{"obj": {"type": "LogFloats", "path": ["monitoring", "cpu"], "values": [{"value": 6.7, "step": null, "ts": 1638859374.2069726}]}, "version": 22}
{"obj": {"type": "LogFloats", "path": ["monitoring", "memory"], "values": [{"value": 6.868011474609375, "step": null, "ts": 1638859374.2069726}]}, "version": 23}
{"obj": {"type": "LogFloats", "path": ["monitoring", "gpu_memory"], "values": [{"value": 1.5211181640625, "step": null, "ts": 1638859374.2069726}]}, "version": 24}
{"obj": {"type": "LogFloats", "path": ["monitoring", "cpu"], "values": [{"value": 1.8, "step": null, "ts": 1638859384.2094166}]}, "version": 25}
{"obj": {"type": "LogFloats", "path": ["monitoring", "memory"], "values": [{"value": 6.867042541503906, "step": null, "ts": 1638859384.2094166}]}, "version": 26}
{"obj": {"type": "LogFloats", "path": ["monitoring", "gpu_memory"], "values": [{"value": 1.5211181640625, "step": null, "ts": 1638859384.2094166}]}, "version": 27}
{"obj": {"type": "LogFloats", "path": ["monitoring", "cpu"], "values": [{"value": 3.7, "step": null, "ts": 1638859394.2118456}]}, "version": 28}
{"obj": {"type": "LogFloats", "path": ["monitoring", "memory"], "values": [{"value": 6.790973663330078, "step": null, "ts": 1638859394.2118456}]}, "version": 29}
{"obj": {"type": "LogFloats", "path": ["monitoring", "gpu_memory"], "values": [{"value": 1.5211181640625, "step": null, "ts": 1638859394.2118456}]}, "version": 30}
{"obj": {"type": "LogFloats", "path": ["monitoring", "cpu"], "values": [{"value": 2.8, "step": null, "ts": 1638859404.21428}]}, "version": 31}
{"obj": {"type": "LogFloats", "path": ["monitoring", "memory"], "values": [{"value": 6.802787780761719, "step": null, "ts": 1638859404.21428}]}, "version": 32}
{"obj": {"type": "LogFloats", "path": ["monitoring", "gpu_memory"], "values": [{"value": 1.5211181640625, "step": null, "ts": 1638859404.21428}]}, "version": 33}
{"obj": {"type": "LogFloats", "path": ["monitoring", "cpu"], "values": [{"value": 7.4, "step": null, "ts": 1638859414.216716}]}, "version": 34}
{"obj": {"type": "LogFloats", "path": ["monitoring", "memory"], "values": [{"value": 6.866649627685547, "step": null, "ts": 1638859414.216716}]}, "version": 35}
{"obj": {"type": "LogFloats", "path": ["monitoring", "gpu_memory"], "values": [{"value": 1.5211181640625, "step": null, "ts": 1638859414.216716}]}, "version": 36}
