{"obj": {"type": "AssignString", "path": ["sys", "name"], "value": "Untitled"}, "version": 1}
{"obj": {"type": "AssignString", "path": ["sys", "description"], "value": ""}, "version": 2}
{"obj": {"type": "AssignString", "path": ["sys", "hostname"], "value": "nipa2019-0087"}, "version": 3}
{"obj": {"type": "AssignBool", "path": ["sys", "failed"], "value": false}, "version": 4}
{"obj": {"type": "ClearStringLog", "path": ["monitoring", "stdout"]}, "version": 5}
{"obj": {"type": "ClearStringLog", "path": ["monitoring", "stderr"]}, "version": 6}
{"obj": {"type": "AssignString", "path": ["source_code", "entrypoint"], "value": "main.py"}, "version": 7}
{"obj": {"type": "UploadFileSet", "path": ["source_code", "files"], "file_globs": ["/home/jaeho3690/Meta/main.py"], "reset": "False"}, "version": 8}
{"obj": {"type": "ConfigFloatSeries", "path": ["monitoring", "cpu"], "min": 0.0, "max": 100.0, "unit": "%"}, "version": 9}
{"obj": {"type": "ClearFloatLog", "path": ["monitoring", "cpu"]}, "version": 10}
{"obj": {"type": "ConfigFloatSeries", "path": ["monitoring", "memory"], "min": 0.0, "max": 88.49047470092773, "unit": "GB"}, "version": 11}
{"obj": {"type": "ClearFloatLog", "path": ["monitoring", "memory"]}, "version": 12}
{"obj": {"type": "ConfigFloatSeries", "path": ["monitoring", "gpu"], "min": 0.0, "max": 100.0, "unit": "%"}, "version": 13}
{"obj": {"type": "ClearFloatLog", "path": ["monitoring", "gpu"]}, "version": 14}
{"obj": {"type": "ConfigFloatSeries", "path": ["monitoring", "gpu_memory"], "min": 0.0, "max": 31.71923828125, "unit": "GB"}, "version": 15}
{"obj": {"type": "ClearFloatLog", "path": ["monitoring", "gpu_memory"]}, "version": 16}
{"obj": {"type": "LogStrings", "path": ["monitoring", "stdout"], "values": [{"value": "", "step": null, "ts": 1638978131.5620027}]}, "version": 17}
{"obj": {"type": "LogStrings", "path": ["monitoring", "stdout"], "values": [{"value": "https://app.neptune.ai/jaeho3690/metalearningCW/e/MET-42\n", "step": null, "ts": 1638978131.5622587}]}, "version": 18}
{"obj": {"type": "AddStrings", "path": ["sys", "tags"], "values": ["proto", "20", "miniimagenet", "1", "15"]}, "version": 19}
{"obj": {"type": "AssignString", "path": ["meta_config", "model"], "value": "proto"}, "version": 20}
{"obj": {"type": "AssignString", "path": ["meta_config", "dataset"], "value": "miniimagenet"}, "version": 21}
{"obj": {"type": "AssignString", "path": ["meta_config", "device"], "value": "cuda"}, "version": 22}
{"obj": {"type": "AssignInt", "path": ["meta_config", "num_workers"], "value": 1}, "version": 23}
{"obj": {"type": "AssignInt", "path": ["meta_config", "N"], "value": 20}, "version": 24}
{"obj": {"type": "AssignInt", "path": ["meta_config", "K"], "value": 1}, "version": 25}
{"obj": {"type": "AssignInt", "path": ["meta_config", "Q"], "value": 15}, "version": 26}
{"obj": {"type": "AssignInt", "path": ["meta_config", "total_episode_num"], "value": 60000}, "version": 27}
{"obj": {"type": "AssignInt", "path": ["meta_config", "train_iter"], "value": 5000}, "version": 28}
{"obj": {"type": "AssignInt", "path": ["meta_config", "val_iter"], "value": 5000}, "version": 29}
{"obj": {"type": "AssignInt", "path": ["meta_config", "test_iter"], "value": 5000}, "version": 30}
{"obj": {"type": "AssignString", "path": ["meta_config", "load_pt"], "value": "None"}, "version": 31}
{"obj": {"type": "AssignString", "path": ["meta_config", "save_pt"], "value": "proto-miniimagenet-20way-1shot-15"}, "version": 32}
{"obj": {"type": "AssignInt", "path": ["meta_config", "seed"], "value": 0}, "version": 33}
{"obj": {"type": "AssignInt", "path": ["model_config", "inner_loop"], "value": 1}, "version": 34}
{"obj": {"type": "AssignInt", "path": ["model_config", "embedding-size"], "value": 64}, "version": 35}
{"obj": {"type": "AssignInt", "path": ["model_config", "in_channels"], "value": 3}, "version": 36}
{"obj": {"type": "AssignInt", "path": ["model_config", "out_channels"], "value": 64}, "version": 37}
{"obj": {"type": "AssignFloat", "path": ["model_config", "lr"], "value": 0.0001}, "version": 38}
{"obj": {"type": "LogFloats", "path": ["monitoring", "cpu"], "values": [{"value": 2.8, "step": null, "ts": 1638978131.55789}]}, "version": 39}
{"obj": {"type": "LogFloats", "path": ["monitoring", "memory"], "values": [{"value": 5.350780487060547, "step": null, "ts": 1638978131.55789}]}, "version": 40}
{"obj": {"type": "LogFloats", "path": ["monitoring", "gpu_memory"], "values": [{"value": 1.5211181640625, "step": null, "ts": 1638978131.55789}]}, "version": 41}
{"obj": {"type": "LogStrings", "path": ["monitoring", "stdout"], "values": [{"value": "Building episodes from scratch", "step": null, "ts": 1638978137.6402729}]}, "version": 42}
{"obj": {"type": "LogStrings", "path": ["monitoring", "stdout"], "values": [{"value": "\n", "step": null, "ts": 1638978137.6405632}]}, "version": 43}
{"obj": {"type": "LogStrings", "path": ["monitoring", "stderr"], "values": [{"value": "\r  0%|          | 0/60000 [00:00<?, ?it/s]", "step": null, "ts": 1638978137.6423955}]}, "version": 44}
{"obj": {"type": "LogStrings", "path": ["monitoring", "stderr"], "values": [{"value": "\r  0%|          | 208/60000 [00:00<00:28, 2078.47it/s]", "step": null, "ts": 1638978137.7428288}]}, "version": 45}
{"obj": {"type": "LogStrings", "path": ["monitoring", "stderr"], "values": [{"value": "\r  1%|          | 417/60000 [00:00<00:28, 2084.17it/s]", "step": null, "ts": 1638978137.8429143}]}, "version": 46}
{"obj": {"type": "LogStrings", "path": ["monitoring", "stderr"], "values": [{"value": "\r  1%|          | 626/60000 [00:00<00:29, 2033.88it/s]", "step": null, "ts": 1638978137.9486723}]}, "version": 47}
{"obj": {"type": "LogStrings", "path": ["monitoring", "stderr"], "values": [{"value": "\r  1%|\u258f         | 830/60000 [00:00<00:29, 1997.47it/s]", "step": null, "ts": 1638978138.0536613}]}, "version": 48}
{"obj": {"type": "LogStrings", "path": ["monitoring", "stderr"], "values": [{"value": "\r  2%|\u258f         | 1040/60000 [00:00<00:29, 2030.33it/s]", "step": null, "ts": 1638978138.154095}]}, "version": 49}
{"obj": {"type": "LogStrings", "path": ["monitoring", "stderr"], "values": [{"value": "\r  2%|\u258f         | 1250/60000 [00:00<00:28, 2050.67it/s]", "step": null, "ts": 1638978138.2545018}]}, "version": 50}
{"obj": {"type": "LogStrings", "path": ["monitoring", "stderr"], "values": [{"value": "\r  2%|\u258f         | 1458/60000 [00:00<00:28, 2058.10it/s]", "step": null, "ts": 1638978138.3550477}]}, "version": 51}
{"obj": {"type": "LogStrings", "path": ["monitoring", "stderr"], "values": [{"value": "\r  3%|\u258e         | 1667/60000 [00:00<00:28, 2066.22it/s]", "step": null, "ts": 1638978138.4550605}]}, "version": 52}
{"obj": {"type": "LogStrings", "path": ["monitoring", "stderr"], "values": [{"value": "\r  3%|\u258e         | 1874/60000 [00:00<00:28, 2031.39it/s]", "step": null, "ts": 1638978138.560785}]}, "version": 53}
{"obj": {"type": "LogStrings", "path": ["monitoring", "stderr"], "values": [{"value": "\r  3%|\u258e         | 2083/60000 [00:01<00:28, 2048.21it/s]", "step": null, "ts": 1638978138.6609397}]}, "version": 54}
{"obj": {"type": "LogStrings", "path": ["monitoring", "stderr"], "values": [{"value": "\r  4%|\u258d         | 2293/60000 [00:01<00:27, 2061.24it/s]", "step": null, "ts": 1638978138.7613578}]}, "version": 55}
{"obj": {"type": "LogStrings", "path": ["monitoring", "stderr"], "values": [{"value": "\r  4%|\u258d         | 2502/60000 [00:01<00:27, 2069.13it/s]", "step": null, "ts": 1638978138.861993}]}, "version": 56}
{"obj": {"type": "LogStrings", "path": ["monitoring", "stderr"], "values": [{"value": "\r  5%|\u258d         | 2711/60000 [00:01<00:27, 2072.80it/s]", "step": null, "ts": 1638978138.9618952}]}, "version": 57}
{"obj": {"type": "LogStrings", "path": ["monitoring", "stderr"], "values": [{"value": "\r  5%|\u258d         | 2920/60000 [00:01<00:27, 2076.84it/s]", "step": null, "ts": 1638978139.0620792}]}, "version": 58}
{"obj": {"type": "LogStrings", "path": ["monitoring", "stderr"], "values": [{"value": "\r  5%|\u258c         | 3128/60000 [00:01<00:27, 2043.31it/s]", "step": null, "ts": 1638978139.1677158}]}, "version": 59}
{"obj": {"type": "LogStrings", "path": ["monitoring", "stderr"], "values": [{"value": "\r  6%|\u258c         | 3338/60000 [00:01<00:27, 2058.49it/s]", "step": null, "ts": 1638978139.2679772}]}, "version": 60}
{"obj": {"type": "LogStrings", "path": ["monitoring", "stderr"], "values": [{"value": "\r  6%|\u258c         | 3548/60000 [00:01<00:27, 2068.69it/s]", "step": null, "ts": 1638978139.3683524}]}, "version": 61}
{"obj": {"type": "LogStrings", "path": ["monitoring", "stderr"], "values": [{"value": "\r  6%|\u258b         | 3757/60000 [00:01<00:27, 2073.49it/s]", "step": null, "ts": 1638978139.4686716}]}, "version": 62}
{"obj": {"type": "LogStrings", "path": ["monitoring", "stderr"], "values": [{"value": "\r  7%|\u258b         | 3966/60000 [00:01<00:26, 2076.01it/s]", "step": null, "ts": 1638978139.569034}]}, "version": 63}
{"obj": {"type": "LogStrings", "path": ["monitoring", "stderr"], "values": [{"value": "\r  7%|\u258b         | 4176/60000 [00:02<00:26, 2080.71it/s]", "step": null, "ts": 1638978139.669409}]}, "version": 64}
{"obj": {"type": "LogStrings", "path": ["monitoring", "stderr"], "values": [{"value": "\r  7%|\u258b         | 4385/60000 [00:02<00:27, 2040.27it/s]", "step": null, "ts": 1638978139.7764995}]}, "version": 65}
{"obj": {"type": "LogStrings", "path": ["monitoring", "stderr"], "values": [{"value": "\r  8%|\u258a         | 4595/60000 [00:02<00:26, 2057.42it/s]", "step": null, "ts": 1638978139.8765552}]}, "version": 66}
{"obj": {"type": "LogStrings", "path": ["monitoring", "stderr"], "values": [{"value": "\r  8%|\u258a         | 4804/60000 [00:02<00:26, 2065.53it/s]", "step": null, "ts": 1638978139.9768026}]}, "version": 67}
{"obj": {"type": "LogStrings", "path": ["monitoring", "stderr"], "values": [{"value": "\r  8%|\u258a         | 5014/60000 [00:02<00:26, 2073.92it/s]", "step": null, "ts": 1638978140.0770967}]}, "version": 68}
{"obj": {"type": "LogStrings", "path": ["monitoring", "stderr"], "values": [{"value": "\r  9%|\u258a         | 5224/60000 [00:02<00:26, 2080.65it/s]", "step": null, "ts": 1638978140.1772633}]}, "version": 69}
{"obj": {"type": "LogStrings", "path": ["monitoring", "stderr"], "values": [{"value": "\r  9%|\u2589         | 5433/60000 [00:02<00:26, 2041.45it/s]", "step": null, "ts": 1638978140.284172}]}, "version": 70}
{"obj": {"type": "LogStrings", "path": ["monitoring", "stderr"], "values": [{"value": "\r  9%|\u2589         | 5641/60000 [00:02<00:26, 2051.89it/s]", "step": null, "ts": 1638978140.384432}]}, "version": 71}
{"obj": {"type": "LogStrings", "path": ["monitoring", "stderr"], "values": [{"value": "\r 10%|\u2589         | 5849/60000 [00:02<00:26, 2057.51it/s]", "step": null, "ts": 1638978140.4848666}]}, "version": 72}
{"obj": {"type": "LogStrings", "path": ["monitoring", "stderr"], "values": [{"value": "\r 10%|\u2588         | 6058/60000 [00:02<00:26, 2065.58it/s]", "step": null, "ts": 1638978140.5851228}]}, "version": 73}
{"obj": {"type": "LogStrings", "path": ["monitoring", "stderr"], "values": [{"value": "\r 10%|\u2588         | 6266/60000 [00:03<00:25, 2067.28it/s]", "step": null, "ts": 1638978140.685554}]}, "version": 74}
{"obj": {"type": "LogStrings", "path": ["monitoring", "stderr"], "values": [{"value": "\r 11%|\u2588         | 6474/60000 [00:03<00:25, 2069.83it/s]", "step": null, "ts": 1638978140.78575}]}, "version": 75}
{"obj": {"type": "LogStrings", "path": ["monitoring", "stderr"], "values": [{"value": "\r 11%|\u2588         | 6682/60000 [00:03<00:26, 2022.44it/s]", "step": null, "ts": 1638978140.8941212}]}, "version": 76}
{"obj": {"type": "LogStrings", "path": ["monitoring", "stderr"], "values": [{"value": "\r 11%|\u2588\u258f        | 6891/60000 [00:03<00:26, 2040.12it/s]", "step": null, "ts": 1638978140.994491}]}, "version": 77}
{"obj": {"type": "LogStrings", "path": ["monitoring", "stderr"], "values": [{"value": "\r 12%|\u2588\u258f        | 7100/60000 [00:03<00:25, 2052.89it/s]", "step": null, "ts": 1638978141.0947983}]}, "version": 78}
{"obj": {"type": "LogStrings", "path": ["monitoring", "stderr"], "values": [{"value": "\r 12%|\u2588\u258f        | 7307/60000 [00:03<00:25, 2057.12it/s]", "step": null, "ts": 1638978141.1949263}]}, "version": 79}
{"obj": {"type": "LogStrings", "path": ["monitoring", "stderr"], "values": [{"value": "\r 13%|\u2588\u258e        | 7516/60000 [00:03<00:25, 2066.06it/s]", "step": null, "ts": 1638978141.295065}]}, "version": 80}
{"obj": {"type": "LogStrings", "path": ["monitoring", "stderr"], "values": [{"value": "\r 13%|\u2588\u258e        | 7725/60000 [00:03<00:25, 2071.39it/s]", "step": null, "ts": 1638978141.3953714}]}, "version": 81}
{"obj": {"type": "LogStrings", "path": ["monitoring", "stderr"], "values": [{"value": "\r 13%|\u2588\u258e        | 7933/60000 [00:04<00:36, 1408.32it/s]", "step": null, "ts": 1638978141.6537025}]}, "version": 82}
{"obj": {"type": "LogFloats", "path": ["monitoring", "cpu"], "values": [{"value": 12.6, "step": null, "ts": 1638978141.637283}]}, "version": 83}
{"obj": {"type": "LogFloats", "path": ["monitoring", "memory"], "values": [{"value": 8.75778579711914, "step": null, "ts": 1638978141.637283}]}, "version": 84}
{"obj": {"type": "LogFloats", "path": ["monitoring", "gpu_memory"], "values": [{"value": 2.6470947265625, "step": null, "ts": 1638978141.637283}]}, "version": 85}
{"obj": {"type": "LogStrings", "path": ["monitoring", "stderr"], "values": [{"value": "\r 14%|\u2588\u258e        | 8135/60000 [00:04<00:33, 1544.97it/s]", "step": null, "ts": 1638978141.7539022}]}, "version": 86}
{"obj": {"type": "LogStrings", "path": ["monitoring", "stderr"], "values": [{"value": "\r 14%|\u2588\u258d        | 8343/60000 [00:04<00:30, 1673.95it/s]", "step": null, "ts": 1638978141.8541205}]}, "version": 87}
{"obj": {"type": "LogStrings", "path": ["monitoring", "stderr"], "values": [{"value": "\r 14%|\u2588\u258d        | 8550/60000 [00:04<00:28, 1774.64it/s]", "step": null, "ts": 1638978141.9544113}]}, "version": 88}
{"obj": {"type": "LogStrings", "path": ["monitoring", "stderr"], "values": [{"value": "\r 15%|\u2588\u258d        | 8758/60000 [00:04<00:27, 1854.88it/s]", "step": null, "ts": 1638978142.05477}]}, "version": 89}
{"obj": {"type": "LogStrings", "path": ["monitoring", "stderr"], "values": [{"value": "\r 15%|\u2588\u258d        | 8966/60000 [00:04<00:26, 1916.20it/s]", "step": null, "ts": 1638978142.1549811}]}, "version": 90}
{"obj": {"type": "LogStrings", "path": ["monitoring", "stderr"], "values": [{"value": "\r 15%|\u2588\u258c        | 9167/60000 [00:04<00:26, 1909.67it/s]", "step": null, "ts": 1638978142.2611148}]}, "version": 91}
{"obj": {"type": "LogStrings", "path": ["monitoring", "stderr"], "values": [{"value": "\r 16%|\u2588\u258c        | 9374/60000 [00:04<00:25, 1954.18it/s]", "step": null, "ts": 1638978142.361322}]}, "version": 92}
{"obj": {"type": "LogStrings", "path": ["monitoring", "stderr"], "values": [{"value": "\r 16%|\u2588\u258c        | 9578/60000 [00:04<00:25, 1977.06it/s]", "step": null, "ts": 1638978142.4616473}]}, "version": 93}
{"obj": {"type": "LogStrings", "path": ["monitoring", "stderr"], "values": [{"value": "\r 16%|\u2588\u258b        | 9785/60000 [00:04<00:25, 2003.23it/s]", "step": null, "ts": 1638978142.5618205}]}, "version": 94}
{"obj": {"type": "LogStrings", "path": ["monitoring", "stderr"], "values": [{"value": "\r 17%|\u2588\u258b        | 9993/60000 [00:05<00:24, 2023.97it/s]", "step": null, "ts": 1638978142.6621385}]}, "version": 95}
{"obj": {"type": "LogStrings", "path": ["monitoring", "stderr"], "values": [{"value": "\r 17%|\u2588\u258b        | 10200/60000 [00:05<00:24, 2037.03it/s]", "step": null, "ts": 1638978142.7622218}]}, "version": 96}
{"obj": {"type": "LogStrings", "path": ["monitoring", "stderr"], "values": [{"value": "\r 17%|\u2588\u258b        | 10405/60000 [00:05<00:24, 2000.04it/s]", "step": null, "ts": 1638978142.8691146}]}, "version": 97}
{"obj": {"type": "LogStrings", "path": ["monitoring", "stderr"], "values": [{"value": "\r 18%|\u2588\u258a        | 10614/60000 [00:05<00:24, 2023.91it/s]", "step": null, "ts": 1638978142.9695446}]}, "version": 98}
{"obj": {"type": "LogStrings", "path": ["monitoring", "stderr"], "values": [{"value": "\r 18%|\u2588\u258a        | 10820/60000 [00:05<00:24, 2023.46it/s]", "step": null, "ts": 1638978143.0714152}]}, "version": 99}
{"obj": {"type": "LogStrings", "path": ["monitoring", "stderr"], "values": [{"value": "\r 18%|\u2588\u258a        | 11026/60000 [00:05<00:24, 2031.49it/s]", "step": null, "ts": 1638978143.1718624}]}, "version": 100}
{"obj": {"type": "LogStrings", "path": ["monitoring", "stderr"], "values": [{"value": "\r 19%|\u2588\u258a        | 11233/60000 [00:05<00:23, 2040.35it/s]", "step": null, "ts": 1638978143.2722867}]}, "version": 101}
{"obj": {"type": "LogStrings", "path": ["monitoring", "stderr"], "values": [{"value": "\r 19%|\u2588\u2589        | 11438/60000 [00:05<00:24, 1963.97it/s]", "step": null, "ts": 1638978143.385845}]}, "version": 102}
{"obj": {"type": "LogStrings", "path": ["monitoring", "stderr"], "values": [{"value": "\r 19%|\u2588\u2589        | 11645/60000 [00:05<00:24, 1992.17it/s]", "step": null, "ts": 1638978143.4863048}]}, "version": 103}
{"obj": {"type": "LogStrings", "path": ["monitoring", "stderr"], "values": [{"value": "\r 20%|\u2588\u2589        | 11851/60000 [00:05<00:23, 2009.74it/s]", "step": null, "ts": 1638978143.5867262}]}, "version": 104}
{"obj": {"type": "LogStrings", "path": ["monitoring", "stderr"], "values": [{"value": "\r 20%|\u2588\u2588        | 12058/60000 [00:06<00:23, 2027.22it/s]", "step": null, "ts": 1638978143.6867437}]}, "version": 105}
{"obj": {"type": "LogStrings", "path": ["monitoring", "stderr"], "values": [{"value": "\r 20%|\u2588\u2588        | 12267/60000 [00:06<00:23, 2044.53it/s]", "step": null, "ts": 1638978143.7869563}]}, "version": 106}
{"obj": {"type": "LogStrings", "path": ["monitoring", "stderr"], "values": [{"value": "\r 21%|\u2588\u2588        | 12476/60000 [00:06<00:23, 2056.78it/s]", "step": null, "ts": 1638978143.8871565}]}, "version": 107}
{"obj": {"type": "LogStrings", "path": ["monitoring", "stderr"], "values": [{"value": "\r 21%|\u2588\u2588        | 12682/60000 [00:06<00:23, 2053.06it/s]", "step": null, "ts": 1638978143.9879212}]}, "version": 108}
{"obj": {"type": "LogStrings", "path": ["monitoring", "stderr"], "values": [{"value": "\r 21%|\u2588\u2588\u258f       | 12888/60000 [00:06<00:23, 1999.79it/s]", "step": null, "ts": 1638978144.0972228}]}, "version": 109}
{"obj": {"type": "LogStrings", "path": ["monitoring", "stderr"], "values": [{"value": "\r 22%|\u2588\u2588\u258f       | 13096/60000 [00:06<00:23, 2022.46it/s]", "step": null, "ts": 1638978144.1973555}]}, "version": 110}
{"obj": {"type": "LogStrings", "path": ["monitoring", "stderr"], "values": [{"value": "\r 22%|\u2588\u2588\u258f       | 13304/60000 [00:06<00:22, 2037.39it/s]", "step": null, "ts": 1638978144.2976964}]}, "version": 111}
{"obj": {"type": "LogStrings", "path": ["monitoring", "stderr"], "values": [{"value": "\r 23%|\u2588\u2588\u258e       | 13512/60000 [00:06<00:22, 2048.56it/s]", "step": null, "ts": 1638978144.3979368}]}, "version": 112}
{"obj": {"type": "LogStrings", "path": ["monitoring", "stderr"], "values": [{"value": "\r 23%|\u2588\u2588\u258e       | 13718/60000 [00:06<00:22, 2050.40it/s]", "step": null, "ts": 1638978144.498226}]}, "version": 113}
{"obj": {"type": "LogStrings", "path": ["monitoring", "stderr"], "values": [{"value": "\r 23%|\u2588\u2588\u258e       | 13924/60000 [00:06<00:23, 2002.97it/s]", "step": null, "ts": 1638978144.6067}]}, "version": 114}
{"obj": {"type": "LogStrings", "path": ["monitoring", "stderr"], "values": [{"value": "\r 24%|\u2588\u2588\u258e       | 14131/60000 [00:07<00:22, 2022.30it/s]", "step": null, "ts": 1638978144.706728}]}, "version": 115}
{"obj": {"type": "LogStrings", "path": ["monitoring", "stderr"], "values": [{"value": "\r 24%|\u2588\u2588\u258d       | 14339/60000 [00:07<00:22, 2037.50it/s]", "step": null, "ts": 1638978144.8070261}]}, "version": 116}
{"obj": {"type": "LogStrings", "path": ["monitoring", "stderr"], "values": [{"value": "\r 24%|\u2588\u2588\u258d       | 14546/60000 [00:07<00:22, 2046.48it/s]", "step": null, "ts": 1638978144.9071295}]}, "version": 117}
{"obj": {"type": "LogStrings", "path": ["monitoring", "stderr"], "values": [{"value": "\r 25%|\u2588\u2588\u258d       | 14754/60000 [00:07<00:22, 2053.92it/s]", "step": null, "ts": 1638978145.007534}]}, "version": 118}
{"obj": {"type": "LogStrings", "path": ["monitoring", "stderr"], "values": [{"value": "\r 25%|\u2588\u2588\u258d       | 14962/60000 [00:07<00:21, 2060.26it/s]", "step": null, "ts": 1638978145.1077647}]}, "version": 119}
{"obj": {"type": "LogStrings", "path": ["monitoring", "stderr"], "values": [{"value": "\r 25%|\u2588\u2588\u258c       | 15169/60000 [00:07<00:22, 2014.47it/s]", "step": null, "ts": 1638978145.215879}]}, "version": 120}
{"obj": {"type": "LogStrings", "path": ["monitoring", "stderr"], "values": [{"value": "\r 26%|\u2588\u2588\u258c       | 15376/60000 [00:07<00:21, 2029.82it/s]", "step": null, "ts": 1638978145.3160305}]}, "version": 121}
{"obj": {"type": "LogStrings", "path": ["monitoring", "stderr"], "values": [{"value": "\r 26%|\u2588\u2588\u258c       | 15585/60000 [00:07<00:21, 2045.69it/s]", "step": null, "ts": 1638978145.4168983}]}, "version": 122}
{"obj": {"type": "LogStrings", "path": ["monitoring", "stderr"], "values": [{"value": "\r 26%|\u2588\u2588\u258b       | 15792/60000 [00:07<00:21, 2052.31it/s]", "step": null, "ts": 1638978145.5164518}]}, "version": 123}
{"obj": {"type": "LogStrings", "path": ["monitoring", "stderr"], "values": [{"value": "\r 27%|\u2588\u2588\u258b       | 16000/60000 [00:07<00:21, 2060.21it/s]", "step": null, "ts": 1638978145.616501}]}, "version": 124}
{"obj": {"type": "LogStrings", "path": ["monitoring", "stderr"], "values": [{"value": "\r 27%|\u2588\u2588\u258b       | 16208/60000 [00:08<00:21, 2065.70it/s]", "step": null, "ts": 1638978145.7165844}]}, "version": 125}
{"obj": {"type": "LogStrings", "path": ["monitoring", "stderr"], "values": [{"value": "\r 27%|\u2588\u2588\u258b       | 16415/60000 [00:08<00:21, 2015.97it/s]", "step": null, "ts": 1638978145.8250735}]}, "version": 126}
{"obj": {"type": "LogStrings", "path": ["monitoring", "stderr"], "values": [{"value": "\r 28%|\u2588\u2588\u258a       | 16623/60000 [00:08<00:21, 2034.11it/s]", "step": null, "ts": 1638978145.9251797}]}, "version": 127}
{"obj": {"type": "LogStrings", "path": ["monitoring", "stderr"], "values": [{"value": "\r 28%|\u2588\u2588\u258a       | 16830/60000 [00:08<00:21, 2042.17it/s]", "step": null, "ts": 1638978146.025611}]}, "version": 128}
{"obj": {"type": "LogStrings", "path": ["monitoring", "stderr"], "values": [{"value": "\r 28%|\u2588\u2588\u258a       | 17037/60000 [00:08<00:20, 2050.02it/s]", "step": null, "ts": 1638978146.1256742}]}, "version": 129}
{"obj": {"type": "LogStrings", "path": ["monitoring", "stderr"], "values": [{"value": "\r 29%|\u2588\u2588\u258a       | 17246/60000 [00:08<00:20, 2059.65it/s]", "step": null, "ts": 1638978146.2260382}]}, "version": 130}
{"obj": {"type": "LogStrings", "path": ["monitoring", "stderr"], "values": [{"value": "\r 29%|\u2588\u2588\u2589       | 17455/60000 [00:08<00:20, 2067.91it/s]", "step": null, "ts": 1638978146.326166}]}, "version": 131}
{"obj": {"type": "LogStrings", "path": ["monitoring", "stderr"], "values": [{"value": "\r 29%|\u2588\u2588\u2589       | 17662/60000 [00:08<00:20, 2022.04it/s]", "step": null, "ts": 1638978146.43388}]}, "version": 132}
{"obj": {"type": "LogStrings", "path": ["monitoring", "stderr"], "values": [{"value": "\r 30%|\u2588\u2588\u2589       | 17870/60000 [00:08<00:20, 2038.43it/s]", "step": null, "ts": 1638978146.5339978}]}, "version": 133}
{"obj": {"type": "LogStrings", "path": ["monitoring", "stderr"], "values": [{"value": "\r 30%|\u2588\u2588\u2588       | 18079/60000 [00:08<00:20, 2050.78it/s]", "step": null, "ts": 1638978146.6344895}]}, "version": 134}
{"obj": {"type": "LogStrings", "path": ["monitoring", "stderr"], "values": [{"value": "\r 30%|\u2588\u2588\u2588       | 18287/60000 [00:09<00:20, 2053.95it/s]", "step": null, "ts": 1638978146.735398}]}, "version": 135}
{"obj": {"type": "LogStrings", "path": ["monitoring", "stderr"], "values": [{"value": "\r 31%|\u2588\u2588\u2588       | 18493/60000 [00:09<00:20, 2045.03it/s]", "step": null, "ts": 1638978146.837169}]}, "version": 136}
{"obj": {"type": "LogStrings", "path": ["monitoring", "stderr"], "values": [{"value": "\r 31%|\u2588\u2588\u2588       | 18698/60000 [00:09<00:20, 1974.53it/s]", "step": null, "ts": 1638978146.949456}]}, "version": 137}
{"obj": {"type": "LogStrings", "path": ["monitoring", "stderr"], "values": [{"value": "\r 31%|\u2588\u2588\u2588\u258f      | 18899/60000 [00:09<00:20, 1983.52it/s]", "step": null, "ts": 1638978147.0496726}]}, "version": 138}
{"obj": {"type": "LogStrings", "path": ["monitoring", "stderr"], "values": [{"value": "\r 32%|\u2588\u2588\u2588\u258f      | 19107/60000 [00:09<00:20, 2009.14it/s]", "step": null, "ts": 1638978147.1501162}]}, "version": 139}
{"obj": {"type": "LogStrings", "path": ["monitoring", "stderr"], "values": [{"value": "\r 32%|\u2588\u2588\u2588\u258f      | 19309/60000 [00:09<00:20, 2000.57it/s]", "step": null, "ts": 1638978147.252127}]}, "version": 140}
{"obj": {"type": "LogStrings", "path": ["monitoring", "stderr"], "values": [{"value": "\r 33%|\u2588\u2588\u2588\u258e      | 19510/60000 [00:09<00:20, 1947.72it/s]", "step": null, "ts": 1638978147.3618155}]}, "version": 141}
{"obj": {"type": "LogStrings", "path": ["monitoring", "stderr"], "values": [{"value": "\r 33%|\u2588\u2588\u2588\u258e      | 19714/60000 [00:09<00:20, 1972.72it/s]", "step": null, "ts": 1638978147.4621334}]}, "version": 142}
{"obj": {"type": "LogStrings", "path": ["monitoring", "stderr"], "values": [{"value": "\r 33%|\u2588\u2588\u2588\u258e      | 19912/60000 [00:09<00:20, 1930.07it/s]", "step": null, "ts": 1638978147.570047}]}, "version": 143}
{"obj": {"type": "LogStrings", "path": ["monitoring", "stderr"], "values": [{"value": "\r 34%|\u2588\u2588\u2588\u258e      | 20116/60000 [00:10<00:20, 1959.49it/s]", "step": null, "ts": 1638978147.6705036}]}, "version": 144}
{"obj": {"type": "LogStrings", "path": ["monitoring", "stderr"], "values": [{"value": "\r 34%|\u2588\u2588\u2588\u258d      | 20321/60000 [00:10<00:19, 1984.47it/s]", "step": null, "ts": 1638978147.770758}]}, "version": 145}
{"obj": {"type": "LogStrings", "path": ["monitoring", "stderr"], "values": [{"value": "\r 34%|\u2588\u2588\u2588\u258d      | 20524/60000 [00:10<00:19, 1995.53it/s]", "step": null, "ts": 1638978147.8711638}]}, "version": 146}
{"obj": {"type": "LogStrings", "path": ["monitoring", "stderr"], "values": [{"value": "\r 35%|\u2588\u2588\u2588\u258d      | 20728/60000 [00:10<00:19, 2007.22it/s]", "step": null, "ts": 1638978147.9714181}]}, "version": 147}
{"obj": {"type": "LogStrings", "path": ["monitoring", "stderr"], "values": [{"value": "\r 35%|\u2588\u2588\u2588\u258d      | 20936/60000 [00:10<00:19, 2026.23it/s]", "step": null, "ts": 1638978148.0718336}]}, "version": 148}
{"obj": {"type": "LogStrings", "path": ["monitoring", "stderr"], "values": [{"value": "\r 35%|\u2588\u2588\u2588\u258c      | 21139/60000 [00:10<00:19, 1987.53it/s]", "step": null, "ts": 1638978148.178602}]}, "version": 149}
{"obj": {"type": "LogStrings", "path": ["monitoring", "stderr"], "values": [{"value": "\r 36%|\u2588\u2588\u2588\u258c      | 21338/60000 [00:10<00:34, 1111.77it/s]", "step": null, "ts": 1638978148.546505}]}, "version": 150}
{"obj": {"type": "LogStrings", "path": ["monitoring", "stderr"], "values": [{"value": "\r 36%|\u2588\u2588\u2588\u258c      | 21547/60000 [00:11<00:29, 1297.21it/s]", "step": null, "ts": 1638978148.646782}]}, "version": 151}
{"obj": {"type": "LogStrings", "path": ["monitoring", "stderr"], "values": [{"value": "\r 36%|\u2588\u2588\u2588\u258b      | 21756/60000 [00:11<00:26, 1465.26it/s]", "step": null, "ts": 1638978148.7472005}]}, "version": 152}
{"obj": {"type": "LogStrings", "path": ["monitoring", "stderr"], "values": [{"value": "\r 37%|\u2588\u2588\u2588\u258b      | 21961/60000 [00:11<00:23, 1600.34it/s]", "step": null, "ts": 1638978148.8476284}]}, "version": 153}
{"obj": {"type": "LogStrings", "path": ["monitoring", "stderr"], "values": [{"value": "\r 37%|\u2588\u2588\u2588\u258b      | 22169/60000 [00:11<00:21, 1720.00it/s]", "step": null, "ts": 1638978148.9477}]}, "version": 154}
{"obj": {"type": "LogStrings", "path": ["monitoring", "stderr"], "values": [{"value": "\r 37%|\u2588\u2588\u2588\u258b      | 22364/60000 [00:11<00:21, 1742.49it/s]", "step": null, "ts": 1638978149.0560255}]}, "version": 155}
{"obj": {"type": "LogStrings", "path": ["monitoring", "stderr"], "values": [{"value": "\r 38%|\u2588\u2588\u2588\u258a      | 22570/60000 [00:11<00:20, 1827.66it/s]", "step": null, "ts": 1638978149.1560721}]}, "version": 156}
{"obj": {"type": "LogStrings", "path": ["monitoring", "stderr"], "values": [{"value": "\r 38%|\u2588\u2588\u2588\u258a      | 22778/60000 [00:11<00:19, 1895.78it/s]", "step": null, "ts": 1638978149.2564373}]}, "version": 157}
{"obj": {"type": "LogStrings", "path": ["monitoring", "stderr"], "values": [{"value": "\r 38%|\u2588\u2588\u2588\u258a      | 22985/60000 [00:11<00:19, 1944.71it/s]", "step": null, "ts": 1638978149.3565214}]}, "version": 158}
{"obj": {"type": "LogStrings", "path": ["monitoring", "stderr"], "values": [{"value": "\r 39%|\u2588\u2588\u2588\u258a      | 23188/60000 [00:11<00:18, 1969.11it/s]", "step": null, "ts": 1638978149.4565506}]}, "version": 159}
{"obj": {"type": "LogStrings", "path": ["monitoring", "stderr"], "values": [{"value": "\r 39%|\u2588\u2588\u2588\u2589      | 23391/60000 [00:11<00:18, 1986.07it/s]", "step": null, "ts": 1638978149.5567014}]}, "version": 160}
{"obj": {"type": "LogStrings", "path": ["monitoring", "stderr"], "values": [{"value": "\r 39%|\u2588\u2588\u2588\u2589      | 23593/60000 [00:12<00:18, 1960.06it/s]", "step": null, "ts": 1638978149.6629577}]}, "version": 161}
{"obj": {"type": "LogStrings", "path": ["monitoring", "stderr"], "values": [{"value": "\r 40%|\u2588\u2588\u2588\u2589      | 23800/60000 [00:12<00:18, 1991.98it/s]", "step": null, "ts": 1638978149.7629833}]}, "version": 162}
{"obj": {"type": "LogStrings", "path": ["monitoring", "stderr"], "values": [{"value": "\r 40%|\u2588\u2588\u2588\u2588      | 24009/60000 [00:12<00:17, 2019.01it/s]", "step": null, "ts": 1638978149.8632932}]}, "version": 163}
{"obj": {"type": "LogStrings", "path": ["monitoring", "stderr"], "values": [{"value": "\r 40%|\u2588\u2588\u2588\u2588      | 24218/60000 [00:12<00:17, 2038.88it/s]", "step": null, "ts": 1638978149.96347}]}, "version": 164}
{"obj": {"type": "LogStrings", "path": ["monitoring", "stderr"], "values": [{"value": "\r 41%|\u2588\u2588\u2588\u2588      | 24427/60000 [00:12<00:17, 2051.99it/s]", "step": null, "ts": 1638978150.063819}]}, "version": 165}
{"obj": {"type": "LogStrings", "path": ["monitoring", "stderr"], "values": [{"value": "\r 41%|\u2588\u2588\u2588\u2588      | 24636/60000 [00:12<00:17, 2062.06it/s]", "step": null, "ts": 1638978150.164025}]}, "version": 166}
{"obj": {"type": "LogStrings", "path": ["monitoring", "stderr"], "values": [{"value": "\r 41%|\u2588\u2588\u2588\u2588\u258f     | 24843/60000 [00:12<00:17, 2016.86it/s]", "step": null, "ts": 1638978150.2719548}]}, "version": 167}
{"obj": {"type": "LogStrings", "path": ["monitoring", "stderr"], "values": [{"value": "\r 42%|\u2588\u2588\u2588\u2588\u258f     | 25052/60000 [00:12<00:17, 2037.09it/s]", "step": null, "ts": 1638978150.3721514}]}, "version": 168}
{"obj": {"type": "LogStrings", "path": ["monitoring", "stderr"], "values": [{"value": "\r 42%|\u2588\u2588\u2588\u2588\u258f     | 25261/60000 [00:12<00:16, 2050.87it/s]", "step": null, "ts": 1638978150.4724529}]}, "version": 169}
{"obj": {"type": "LogStrings", "path": ["monitoring", "stderr"], "values": [{"value": "\r 42%|\u2588\u2588\u2588\u2588\u258f     | 25469/60000 [00:12<00:16, 2057.10it/s]", "step": null, "ts": 1638978150.572848}]}, "version": 170}
{"obj": {"type": "LogStrings", "path": ["monitoring", "stderr"], "values": [{"value": "\r 43%|\u2588\u2588\u2588\u2588\u258e     | 25678/60000 [00:13<00:16, 2065.70it/s]", "step": null, "ts": 1638978150.673044}]}, "version": 171}
{"obj": {"type": "LogStrings", "path": ["monitoring", "stderr"], "values": [{"value": "\r 43%|\u2588\u2588\u2588\u2588\u258e     | 25887/60000 [00:13<00:16, 2072.47it/s]", "step": null, "ts": 1638978150.7731278}]}, "version": 172}
{"obj": {"type": "LogStrings", "path": ["monitoring", "stderr"], "values": [{"value": "\r 43%|\u2588\u2588\u2588\u2588\u258e     | 26095/60000 [00:13<00:16, 2023.70it/s]", "step": null, "ts": 1638978150.8815832}]}, "version": 173}
{"obj": {"type": "LogStrings", "path": ["monitoring", "stderr"], "values": [{"value": "\r 44%|\u2588\u2588\u2588\u2588\u258d     | 26303/60000 [00:13<00:16, 2039.99it/s]", "step": null, "ts": 1638978150.9816258}]}, "version": 174}
{"obj": {"type": "LogStrings", "path": ["monitoring", "stderr"], "values": [{"value": "\r 44%|\u2588\u2588\u2588\u2588\u258d     | 26512/60000 [00:13<00:16, 2052.71it/s]", "step": null, "ts": 1638978151.0819614}]}, "version": 175}
{"obj": {"type": "LogStrings", "path": ["monitoring", "stderr"], "values": [{"value": "\r 45%|\u2588\u2588\u2588\u2588\u258d     | 26720/60000 [00:13<00:16, 2060.41it/s]", "step": null, "ts": 1638978151.1820238}]}, "version": 176}
{"obj": {"type": "LogStrings", "path": ["monitoring", "stderr"], "values": [{"value": "\r 45%|\u2588\u2588\u2588\u2588\u258d     | 26928/60000 [00:13<00:16, 2065.90it/s]", "step": null, "ts": 1638978151.2820978}]}, "version": 177}
{"obj": {"type": "LogStrings", "path": ["monitoring", "stderr"], "values": [{"value": "\r 45%|\u2588\u2588\u2588\u2588\u258c     | 27137/60000 [00:13<00:15, 2070.86it/s]", "step": null, "ts": 1638978151.382486}]}, "version": 178}
{"obj": {"type": "LogStrings", "path": ["monitoring", "stderr"], "values": [{"value": "\r 46%|\u2588\u2588\u2588\u2588\u258c     | 27345/60000 [00:13<00:16, 2020.78it/s]", "step": null, "ts": 1638978151.4912205}]}, "version": 179}
{"obj": {"type": "LogStrings", "path": ["monitoring", "stderr"], "values": [{"value": "\r 46%|\u2588\u2588\u2588\u2588\u258c     | 27554/60000 [00:13<00:15, 2039.48it/s]", "step": null, "ts": 1638978151.5914857}]}, "version": 180}
{"obj": {"type": "LogStrings", "path": ["monitoring", "stderr"], "values": [{"value": "\r 46%|\u2588\u2588\u2588\u2588\u258b     | 27763/60000 [00:14<00:15, 2053.66it/s]", "step": null, "ts": 1638978151.6921492}]}, "version": 181}
{"obj": {"type": "LogFloats", "path": ["monitoring", "cpu"], "values": [{"value": 12.6, "step": null, "ts": 1638978151.7221422}]}, "version": 182}
{"obj": {"type": "LogFloats", "path": ["monitoring", "memory"], "values": [{"value": 8.884811401367188, "step": null, "ts": 1638978151.7221422}]}, "version": 183}
{"obj": {"type": "LogFloats", "path": ["monitoring", "gpu_memory"], "values": [{"value": 2.6470947265625, "step": null, "ts": 1638978151.7221422}]}, "version": 184}
{"obj": {"type": "LogStrings", "path": ["monitoring", "stderr"], "values": [{"value": "\r 47%|\u2588\u2588\u2588\u2588\u258b     | 27969/60000 [00:14<00:15, 2044.09it/s]", "step": null, "ts": 1638978151.7934635}]}, "version": 185}
{"obj": {"type": "LogStrings", "path": ["monitoring", "stderr"], "values": [{"value": "\r 47%|\u2588\u2588\u2588\u2588\u258b     | 28177/60000 [00:14<00:15, 2054.30it/s]", "step": null, "ts": 1638978151.893569}]}, "version": 186}
{"obj": {"type": "LogStrings", "path": ["monitoring", "stderr"], "values": [{"value": "\r 47%|\u2588\u2588\u2588\u2588\u258b     | 28383/60000 [00:14<00:15, 2007.49it/s]", "step": null, "ts": 1638978152.0017145}]}, "version": 187}
{"obj": {"type": "LogStrings", "path": ["monitoring", "stderr"], "values": [{"value": "\r 48%|\u2588\u2588\u2588\u2588\u258a     | 28591/60000 [00:14<00:15, 2028.01it/s]", "step": null, "ts": 1638978152.1018283}]}, "version": 188}
{"obj": {"type": "LogStrings", "path": ["monitoring", "stderr"], "values": [{"value": "\r 48%|\u2588\u2588\u2588\u2588\u258a     | 28799/60000 [00:14<00:15, 2042.73it/s]", "step": null, "ts": 1638978152.201927}]}, "version": 189}
{"obj": {"type": "LogStrings", "path": ["monitoring", "stderr"], "values": [{"value": "\r 48%|\u2588\u2588\u2588\u2588\u258a     | 29008/60000 [00:14<00:15, 2055.71it/s]", "step": null, "ts": 1638978152.3020947}]}, "version": 190}
{"obj": {"type": "LogStrings", "path": ["monitoring", "stderr"], "values": [{"value": "\r 49%|\u2588\u2588\u2588\u2588\u258a     | 29216/60000 [00:14<00:14, 2062.85it/s]", "step": null, "ts": 1638978152.402116}]}, "version": 191}
{"obj": {"type": "LogStrings", "path": ["monitoring", "stderr"], "values": [{"value": "\r 49%|\u2588\u2588\u2588\u2588\u2589     | 29423/60000 [00:14<00:14, 2064.40it/s]", "step": null, "ts": 1638978152.5022173}]}, "version": 192}
{"obj": {"type": "LogStrings", "path": ["monitoring", "stderr"], "values": [{"value": "\r 49%|\u2588\u2588\u2588\u2588\u2589     | 29630/60000 [00:14<00:15, 2017.82it/s]", "step": null, "ts": 1638978152.6102421}]}, "version": 193}
{"obj": {"type": "LogStrings", "path": ["monitoring", "stderr"], "values": [{"value": "\r 50%|\u2588\u2588\u2588\u2588\u2589     | 29838/60000 [00:15<00:14, 2033.88it/s]", "step": null, "ts": 1638978152.7106311}]}, "version": 194}
{"obj": {"type": "LogStrings", "path": ["monitoring", "stderr"], "values": [{"value": "\r 50%|\u2588\u2588\u2588\u2588\u2588     | 30047/60000 [00:15<00:14, 2049.97it/s]", "step": null, "ts": 1638978152.8107088}]}, "version": 195}
{"obj": {"type": "LogStrings", "path": ["monitoring", "stderr"], "values": [{"value": "\r 50%|\u2588\u2588\u2588\u2588\u2588     | 30256/60000 [00:15<00:14, 2058.92it/s]", "step": null, "ts": 1638978152.911173}]}, "version": 196}
{"obj": {"type": "LogStrings", "path": ["monitoring", "stderr"], "values": [{"value": "\r 51%|\u2588\u2588\u2588\u2588\u2588     | 30463/60000 [00:15<00:14, 2062.17it/s]", "step": null, "ts": 1638978153.0111814}]}, "version": 197}
{"obj": {"type": "LogStrings", "path": ["monitoring", "stderr"], "values": [{"value": "\r 51%|\u2588\u2588\u2588\u2588\u2588     | 30672/60000 [00:15<00:14, 2067.72it/s]", "step": null, "ts": 1638978153.1116204}]}, "version": 198}
{"obj": {"type": "LogStrings", "path": ["monitoring", "stderr"], "values": [{"value": "\r 51%|\u2588\u2588\u2588\u2588\u2588\u258f    | 30879/60000 [00:15<00:14, 2021.26it/s]", "step": null, "ts": 1638978153.219455}]}, "version": 199}
{"obj": {"type": "LogStrings", "path": ["monitoring", "stderr"], "values": [{"value": "\r 52%|\u2588\u2588\u2588\u2588\u2588\u258f    | 31088/60000 [00:15<00:14, 2039.48it/s]", "step": null, "ts": 1638978153.3197808}]}, "version": 200}
{"obj": {"type": "LogStrings", "path": ["monitoring", "stderr"], "values": [{"value": "\r 52%|\u2588\u2588\u2588\u2588\u2588\u258f    | 31293/60000 [00:15<00:14, 2033.42it/s]", "step": null, "ts": 1638978153.4213164}]}, "version": 201}
{"obj": {"type": "LogStrings", "path": ["monitoring", "stderr"], "values": [{"value": "\r 53%|\u2588\u2588\u2588\u2588\u2588\u258e    | 31502/60000 [00:15<00:13, 2047.61it/s]", "step": null, "ts": 1638978153.521722}]}, "version": 202}
{"obj": {"type": "LogStrings", "path": ["monitoring", "stderr"], "values": [{"value": "\r 53%|\u2588\u2588\u2588\u2588\u2588\u258e    | 31711/60000 [00:15<00:13, 2058.02it/s]", "step": null, "ts": 1638978153.6221006}]}, "version": 203}
{"obj": {"type": "LogStrings", "path": ["monitoring", "stderr"], "values": [{"value": "\r 53%|\u2588\u2588\u2588\u2588\u2588\u258e    | 31917/60000 [00:16<00:13, 2056.89it/s]", "step": null, "ts": 1638978153.7223902}]}, "version": 204}
{"obj": {"type": "LogStrings", "path": ["monitoring", "stderr"], "values": [{"value": "\r 54%|\u2588\u2588\u2588\u2588\u2588\u258e    | 32123/60000 [00:16<00:13, 2010.32it/s]", "step": null, "ts": 1638978153.8303185}]}, "version": 205}
{"obj": {"type": "LogStrings", "path": ["monitoring", "stderr"], "values": [{"value": "\r 54%|\u2588\u2588\u2588\u2588\u2588\u258d    | 32332/60000 [00:16<00:13, 2030.82it/s]", "step": null, "ts": 1638978153.9307997}]}, "version": 206}
{"obj": {"type": "LogStrings", "path": ["monitoring", "stderr"], "values": [{"value": "\r 54%|\u2588\u2588\u2588\u2588\u2588\u258d    | 32541/60000 [00:16<00:13, 2045.48it/s]", "step": null, "ts": 1638978154.0312636}]}, "version": 207}
{"obj": {"type": "LogStrings", "path": ["monitoring", "stderr"], "values": [{"value": "\r 55%|\u2588\u2588\u2588\u2588\u2588\u258d    | 32749/60000 [00:16<00:13, 2055.26it/s]", "step": null, "ts": 1638978154.1313412}]}, "version": 208}
{"obj": {"type": "LogStrings", "path": ["monitoring", "stderr"], "values": [{"value": "\r 55%|\u2588\u2588\u2588\u2588\u2588\u258d    | 32957/60000 [00:16<00:13, 2060.92it/s]", "step": null, "ts": 1638978154.231606}]}, "version": 209}
{"obj": {"type": "LogStrings", "path": ["monitoring", "stderr"], "values": [{"value": "\r 55%|\u2588\u2588\u2588\u2588\u2588\u258c    | 33164/60000 [00:16<00:13, 2014.06it/s]", "step": null, "ts": 1638978154.3398728}]}, "version": 210}
{"obj": {"type": "LogStrings", "path": ["monitoring", "stderr"], "values": [{"value": "\r 56%|\u2588\u2588\u2588\u2588\u2588\u258c    | 33366/60000 [00:16<00:13, 2000.64it/s]", "step": null, "ts": 1638978154.4424498}]}, "version": 211}
{"obj": {"type": "LogStrings", "path": ["monitoring", "stderr"], "values": [{"value": "\r 56%|\u2588\u2588\u2588\u2588\u2588\u258c    | 33574/60000 [00:16<00:13, 2022.20it/s]", "step": null, "ts": 1638978154.542751}]}, "version": 212}
{"obj": {"type": "LogStrings", "path": ["monitoring", "stderr"], "values": [{"value": "\r 56%|\u2588\u2588\u2588\u2588\u2588\u258b    | 33782/60000 [00:17<00:12, 2037.44it/s]", "step": null, "ts": 1638978154.6430624}]}, "version": 213}
{"obj": {"type": "LogStrings", "path": ["monitoring", "stderr"], "values": [{"value": "\r 57%|\u2588\u2588\u2588\u2588\u2588\u258b    | 33989/60000 [00:17<00:12, 2045.44it/s]", "step": null, "ts": 1638978154.7433376}]}, "version": 214}
{"obj": {"type": "LogStrings", "path": ["monitoring", "stderr"], "values": [{"value": "\r 57%|\u2588\u2588\u2588\u2588\u2588\u258b    | 34197/60000 [00:17<00:12, 2054.00it/s]", "step": null, "ts": 1638978154.843635}]}, "version": 215}
{"obj": {"type": "LogStrings", "path": ["monitoring", "stderr"], "values": [{"value": "\r 57%|\u2588\u2588\u2588\u2588\u2588\u258b    | 34403/60000 [00:17<00:27, 945.94it/s] ", "step": null, "ts": 1638978155.337262}]}, "version": 216}
{"obj": {"type": "LogStrings", "path": ["monitoring", "stderr"], "values": [{"value": "\r 58%|\u2588\u2588\u2588\u2588\u2588\u258a    | 34598/60000 [00:17<00:22, 1109.82it/s]", "step": null, "ts": 1638978155.437639}]}, "version": 217}
{"obj": {"type": "LogStrings", "path": ["monitoring", "stderr"], "values": [{"value": "\r 58%|\u2588\u2588\u2588\u2588\u2588\u258a    | 34797/60000 [00:17<00:19, 1275.06it/s]", "step": null, "ts": 1638978155.5384536}]}, "version": 218}
{"obj": {"type": "LogStrings", "path": ["monitoring", "stderr"], "values": [{"value": "\r 58%|\u2588\u2588\u2588\u2588\u2588\u258a    | 34996/60000 [00:17<00:17, 1427.08it/s]", "step": null, "ts": 1638978155.638366}]}, "version": 219}
{"obj": {"type": "LogStrings", "path": ["monitoring", "stderr"], "values": [{"value": "\r 59%|\u2588\u2588\u2588\u2588\u2588\u258a    | 35205/60000 [00:18<00:15, 1580.82it/s]", "step": null, "ts": 1638978155.738605}]}, "version": 220}
{"obj": {"type": "LogStrings", "path": ["monitoring", "stderr"], "values": [{"value": "\r 59%|\u2588\u2588\u2588\u2588\u2588\u2589    | 35415/60000 [00:18<00:14, 1709.11it/s]", "step": null, "ts": 1638978155.8389153}]}, "version": 221}
{"obj": {"type": "LogStrings", "path": ["monitoring", "stderr"], "values": [{"value": "\r 59%|\u2588\u2588\u2588\u2588\u2588\u2589    | 35623/60000 [00:18<00:13, 1805.71it/s]", "step": null, "ts": 1638978155.9391105}]}, "version": 222}
{"obj": {"type": "LogStrings", "path": ["monitoring", "stderr"], "values": [{"value": "\r 60%|\u2588\u2588\u2588\u2588\u2588\u2589    | 35823/60000 [00:18<00:13, 1812.57it/s]", "step": null, "ts": 1638978156.0484498}]}, "version": 223}
{"obj": {"type": "LogStrings", "path": ["monitoring", "stderr"], "values": [{"value": "\r 60%|\u2588\u2588\u2588\u2588\u2588\u2588    | 36027/60000 [00:18<00:12, 1874.72it/s]", "step": null, "ts": 1638978156.14855}]}, "version": 224}
{"obj": {"type": "LogStrings", "path": ["monitoring", "stderr"], "values": [{"value": "\r 60%|\u2588\u2588\u2588\u2588\u2588\u2588    | 36235/60000 [00:18<00:12, 1931.73it/s]", "step": null, "ts": 1638978156.248717}]}, "version": 225}
{"obj": {"type": "LogStrings", "path": ["monitoring", "stderr"], "values": [{"value": "\r 61%|\u2588\u2588\u2588\u2588\u2588\u2588    | 36444/60000 [00:18<00:11, 1975.54it/s]", "step": null, "ts": 1638978156.3489995}]}, "version": 226}
{"obj": {"type": "LogStrings", "path": ["monitoring", "stderr"], "values": [{"value": "\r 61%|\u2588\u2588\u2588\u2588\u2588\u2588    | 36650/60000 [00:18<00:11, 1999.48it/s]", "step": null, "ts": 1638978156.4491284}]}, "version": 227}
{"obj": {"type": "LogStrings", "path": ["monitoring", "stderr"], "values": [{"value": "\r 61%|\u2588\u2588\u2588\u2588\u2588\u2588\u258f   | 36854/60000 [00:18<00:11, 1962.08it/s]", "step": null, "ts": 1638978156.5576823}]}, "version": 228}
{"obj": {"type": "LogStrings", "path": ["monitoring", "stderr"], "values": [{"value": "\r 62%|\u2588\u2588\u2588\u2588\u2588\u2588\u258f   | 37063/60000 [00:19<00:11, 1998.61it/s]", "step": null, "ts": 1638978156.6577888}]}, "version": 229}
{"obj": {"type": "LogStrings", "path": ["monitoring", "stderr"], "values": [{"value": "\r 62%|\u2588\u2588\u2588\u2588\u2588\u2588\u258f   | 37272/60000 [00:19<00:11, 2023.16it/s]", "step": null, "ts": 1638978156.7581596}]}, "version": 230}
{"obj": {"type": "LogStrings", "path": ["monitoring", "stderr"], "values": [{"value": "\r 62%|\u2588\u2588\u2588\u2588\u2588\u2588\u258f   | 37481/60000 [00:19<00:11, 2042.57it/s]", "step": null, "ts": 1638978156.8582203}]}, "version": 231}
{"obj": {"type": "LogStrings", "path": ["monitoring", "stderr"], "values": [{"value": "\r 63%|\u2588\u2588\u2588\u2588\u2588\u2588\u258e   | 37690/60000 [00:19<00:10, 2055.25it/s]", "step": null, "ts": 1638978156.958474}]}, "version": 232}
{"obj": {"type": "LogStrings", "path": ["monitoring", "stderr"], "values": [{"value": "\r 63%|\u2588\u2588\u2588\u2588\u2588\u2588\u258e   | 37897/60000 [00:19<00:10, 2056.67it/s]", "step": null, "ts": 1638978157.0589445}]}, "version": 233}
{"obj": {"type": "LogStrings", "path": ["monitoring", "stderr"], "values": [{"value": "\r 64%|\u2588\u2588\u2588\u2588\u2588\u2588\u258e   | 38104/60000 [00:19<00:10, 2004.25it/s]", "step": null, "ts": 1638978157.1683874}]}, "version": 234}
{"obj": {"type": "LogStrings", "path": ["monitoring", "stderr"], "values": [{"value": "\r 64%|\u2588\u2588\u2588\u2588\u2588\u2588\u258d   | 38313/60000 [00:19<00:10, 2028.17it/s]", "step": null, "ts": 1638978157.2685828}]}, "version": 235}
{"obj": {"type": "LogStrings", "path": ["monitoring", "stderr"], "values": [{"value": "\r 64%|\u2588\u2588\u2588\u2588\u2588\u2588\u258d   | 38522/60000 [00:19<00:10, 2045.55it/s]", "step": null, "ts": 1638978157.3687224}]}, "version": 236}
{"obj": {"type": "LogStrings", "path": ["monitoring", "stderr"], "values": [{"value": "\r 65%|\u2588\u2588\u2588\u2588\u2588\u2588\u258d   | 38731/60000 [00:19<00:10, 2057.81it/s]", "step": null, "ts": 1638978157.4688828}]}, "version": 237}
{"obj": {"type": "LogStrings", "path": ["monitoring", "stderr"], "values": [{"value": "\r 65%|\u2588\u2588\u2588\u2588\u2588\u2588\u258d   | 38941/60000 [00:19<00:10, 2067.86it/s]", "step": null, "ts": 1638978157.5692787}]}, "version": 238}
{"obj": {"type": "LogStrings", "path": ["monitoring", "stderr"], "values": [{"value": "\r 65%|\u2588\u2588\u2588\u2588\u2588\u2588\u258c   | 39151/60000 [00:20<00:10, 2071.96it/s]", "step": null, "ts": 1638978157.6701694}]}, "version": 239}
{"obj": {"type": "LogStrings", "path": ["monitoring", "stderr"], "values": [{"value": "\r 66%|\u2588\u2588\u2588\u2588\u2588\u2588\u258c   | 39359/60000 [00:20<00:10, 2026.11it/s]", "step": null, "ts": 1638978157.7781692}]}, "version": 240}
{"obj": {"type": "LogStrings", "path": ["monitoring", "stderr"], "values": [{"value": "\r 66%|\u2588\u2588\u2588\u2588\u2588\u2588\u258c   | 39569/60000 [00:20<00:09, 2046.64it/s]", "step": null, "ts": 1638978157.8783605}]}, "version": 241}
{"obj": {"type": "LogStrings", "path": ["monitoring", "stderr"], "values": [{"value": "\r 66%|\u2588\u2588\u2588\u2588\u2588\u2588\u258b   | 39779/60000 [00:20<00:09, 2060.73it/s]", "step": null, "ts": 1638978157.9786582}]}, "version": 242}
{"obj": {"type": "LogStrings", "path": ["monitoring", "stderr"], "values": [{"value": "\r 67%|\u2588\u2588\u2588\u2588\u2588\u2588\u258b   | 39990/60000 [00:20<00:09, 2072.43it/s]", "step": null, "ts": 1638978158.079103}]}, "version": 243}
{"obj": {"type": "LogStrings", "path": ["monitoring", "stderr"], "values": [{"value": "\r 67%|\u2588\u2588\u2588\u2588\u2588\u2588\u258b   | 40200/60000 [00:20<00:09, 2079.97it/s]", "step": null, "ts": 1638978158.1792214}]}, "version": 244}
{"obj": {"type": "LogStrings", "path": ["monitoring", "stderr"], "values": [{"value": "\r 67%|\u2588\u2588\u2588\u2588\u2588\u2588\u258b   | 40410/60000 [00:20<00:09, 2085.79it/s]", "step": null, "ts": 1638978158.2792475}]}, "version": 245}
{"obj": {"type": "LogStrings", "path": ["monitoring", "stderr"], "values": [{"value": "\r 68%|\u2588\u2588\u2588\u2588\u2588\u2588\u258a   | 40619/60000 [00:20<00:09, 2037.18it/s]", "step": null, "ts": 1638978158.387451}]}, "version": 246}
{"obj": {"type": "LogStrings", "path": ["monitoring", "stderr"], "values": [{"value": "\r 68%|\u2588\u2588\u2588\u2588\u2588\u2588\u258a   | 40829/60000 [00:20<00:09, 2055.08it/s]", "step": null, "ts": 1638978158.4875448}]}, "version": 247}
{"obj": {"type": "LogStrings", "path": ["monitoring", "stderr"], "values": [{"value": "\r 68%|\u2588\u2588\u2588\u2588\u2588\u2588\u258a   | 41039/60000 [00:20<00:09, 2066.91it/s]", "step": null, "ts": 1638978158.5877821}]}, "version": 248}
{"obj": {"type": "LogStrings", "path": ["monitoring", "stderr"], "values": [{"value": "\r 69%|\u2588\u2588\u2588\u2588\u2588\u2588\u258a   | 41249/60000 [00:21<00:09, 2076.08it/s]", "step": null, "ts": 1638978158.6884315}]}, "version": 249}
{"obj": {"type": "LogStrings", "path": ["monitoring", "stderr"], "values": [{"value": "\r 69%|\u2588\u2588\u2588\u2588\u2588\u2588\u2589   | 41458/60000 [00:21<00:08, 2078.42it/s]", "step": null, "ts": 1638978158.788166}]}, "version": 250}
{"obj": {"type": "LogStrings", "path": ["monitoring", "stderr"], "values": [{"value": "\r 69%|\u2588\u2588\u2588\u2588\u2588\u2588\u2589   | 41666/60000 [00:21<00:09, 2033.71it/s]", "step": null, "ts": 1638978158.8956418}]}, "version": 251}
{"obj": {"type": "LogStrings", "path": ["monitoring", "stderr"], "values": [{"value": "\r 70%|\u2588\u2588\u2588\u2588\u2588\u2588\u2589   | 41876/60000 [00:21<00:08, 2050.57it/s]", "step": null, "ts": 1638978158.9960732}]}, "version": 252}
{"obj": {"type": "LogStrings", "path": ["monitoring", "stderr"], "values": [{"value": "\r 70%|\u2588\u2588\u2588\u2588\u2588\u2588\u2588   | 42087/60000 [00:21<00:08, 2065.54it/s]", "step": null, "ts": 1638978159.0964997}]}, "version": 253}
{"obj": {"type": "LogStrings", "path": ["monitoring", "stderr"], "values": [{"value": "\r 70%|\u2588\u2588\u2588\u2588\u2588\u2588\u2588   | 42297/60000 [00:21<00:08, 2074.74it/s]", "step": null, "ts": 1638978159.1966727}]}, "version": 254}
{"obj": {"type": "LogStrings", "path": ["monitoring", "stderr"], "values": [{"value": "\r 71%|\u2588\u2588\u2588\u2588\u2588\u2588\u2588   | 42507/60000 [00:21<00:08, 2080.70it/s]", "step": null, "ts": 1638978159.2969255}]}, "version": 255}
{"obj": {"type": "LogStrings", "path": ["monitoring", "stderr"], "values": [{"value": "\r 71%|\u2588\u2588\u2588\u2588\u2588\u2588\u2588   | 42717/60000 [00:21<00:08, 2085.15it/s]", "step": null, "ts": 1638978159.3971353}]}, "version": 256}
{"obj": {"type": "LogStrings", "path": ["monitoring", "stderr"], "values": [{"value": "\r 72%|\u2588\u2588\u2588\u2588\u2588\u2588\u2588\u258f  | 42926/60000 [00:21<00:08, 2035.70it/s]", "step": null, "ts": 1638978159.5055294}]}, "version": 257}
{"obj": {"type": "LogStrings", "path": ["monitoring", "stderr"], "values": [{"value": "\r 72%|\u2588\u2588\u2588\u2588\u2588\u2588\u2588\u258f  | 43136/60000 [00:21<00:08, 2053.07it/s]", "step": null, "ts": 1638978159.6057742}]}, "version": 258}
{"obj": {"type": "LogStrings", "path": ["monitoring", "stderr"], "values": [{"value": "\r 72%|\u2588\u2588\u2588\u2588\u2588\u2588\u2588\u258f  | 43346/60000 [00:22<00:08, 2064.32it/s]", "step": null, "ts": 1638978159.7062013}]}, "version": 259}
{"obj": {"type": "LogStrings", "path": ["monitoring", "stderr"], "values": [{"value": "\r 73%|\u2588\u2588\u2588\u2588\u2588\u2588\u2588\u258e  | 43554/60000 [00:22<00:07, 2067.74it/s]", "step": null, "ts": 1638978159.806401}]}, "version": 260}
{"obj": {"type": "LogStrings", "path": ["monitoring", "stderr"], "values": [{"value": "\r 73%|\u2588\u2588\u2588\u2588\u2588\u2588\u2588\u258e  | 43761/60000 [00:22<00:07, 2049.82it/s]", "step": null, "ts": 1638978159.9094687}]}, "version": 261}
{"obj": {"type": "LogStrings", "path": ["monitoring", "stderr"], "values": [{"value": "\r 73%|\u2588\u2588\u2588\u2588\u2588\u2588\u2588\u258e  | 43970/60000 [00:22<00:07, 2060.88it/s]", "step": null, "ts": 1638978160.0096152}]}, "version": 262}
{"obj": {"type": "LogStrings", "path": ["monitoring", "stderr"], "values": [{"value": "\r 74%|\u2588\u2588\u2588\u2588\u2588\u2588\u2588\u258e  | 44177/60000 [00:22<00:07, 2016.18it/s]", "step": null, "ts": 1638978160.1175346}]}, "version": 263}
{"obj": {"type": "LogStrings", "path": ["monitoring", "stderr"], "values": [{"value": "\r 74%|\u2588\u2588\u2588\u2588\u2588\u2588\u2588\u258d  | 44386/60000 [00:22<00:07, 2037.17it/s]", "step": null, "ts": 1638978160.2176437}]}, "version": 264}
{"obj": {"type": "LogStrings", "path": ["monitoring", "stderr"], "values": [{"value": "\r 74%|\u2588\u2588\u2588\u2588\u2588\u2588\u2588\u258d  | 44596/60000 [00:22<00:07, 2053.48it/s]", "step": null, "ts": 1638978160.3180053}]}, "version": 265}
{"obj": {"type": "LogStrings", "path": ["monitoring", "stderr"], "values": [{"value": "\r 75%|\u2588\u2588\u2588\u2588\u2588\u2588\u2588\u258d  | 44802/60000 [00:22<00:07, 2014.92it/s]", "step": null, "ts": 1638978160.4247859}]}, "version": 266}
{"obj": {"type": "LogStrings", "path": ["monitoring", "stderr"], "values": [{"value": "\r 75%|\u2588\u2588\u2588\u2588\u2588\u2588\u2588\u258c  | 45010/60000 [00:22<00:07, 2033.88it/s]", "step": null, "ts": 1638978160.5247977}]}, "version": 267}
{"obj": {"type": "LogStrings", "path": ["monitoring", "stderr"], "values": [{"value": "\r 75%|\u2588\u2588\u2588\u2588\u2588\u2588\u2588\u258c  | 45214/60000 [00:22<00:07, 2000.50it/s]", "step": null, "ts": 1638978160.6307592}]}, "version": 268}
{"obj": {"type": "LogStrings", "path": ["monitoring", "stderr"], "values": [{"value": "\r 76%|\u2588\u2588\u2588\u2588\u2588\u2588\u2588\u258c  | 45423/60000 [00:23<00:07, 2025.67it/s]", "step": null, "ts": 1638978160.7309403}]}, "version": 269}
{"obj": {"type": "LogStrings", "path": ["monitoring", "stderr"], "values": [{"value": "\r 76%|\u2588\u2588\u2588\u2588\u2588\u2588\u2588\u258c  | 45626/60000 [00:23<00:07, 2021.75it/s]", "step": null, "ts": 1638978160.8318212}]}, "version": 270}
{"obj": {"type": "LogStrings", "path": ["monitoring", "stderr"], "values": [{"value": "\r 76%|\u2588\u2588\u2588\u2588\u2588\u2588\u2588\u258b  | 45834/60000 [00:23<00:06, 2036.67it/s]", "step": null, "ts": 1638978160.9322023}]}, "version": 271}
{"obj": {"type": "LogStrings", "path": ["monitoring", "stderr"], "values": [{"value": "\r 77%|\u2588\u2588\u2588\u2588\u2588\u2588\u2588\u258b  | 46043/60000 [00:23<00:06, 2051.05it/s]", "step": null, "ts": 1638978161.032376}]}, "version": 272}
{"obj": {"type": "LogStrings", "path": ["monitoring", "stderr"], "values": [{"value": "\r 77%|\u2588\u2588\u2588\u2588\u2588\u2588\u2588\u258b  | 46252/60000 [00:23<00:06, 2060.50it/s]", "step": null, "ts": 1638978161.1327045}]}, "version": 273}
{"obj": {"type": "LogStrings", "path": ["monitoring", "stderr"], "values": [{"value": "\r 77%|\u2588\u2588\u2588\u2588\u2588\u2588\u2588\u258b  | 46459/60000 [00:23<00:06, 2023.38it/s]", "step": null, "ts": 1638978161.2393482}]}, "version": 274}
{"obj": {"type": "LogStrings", "path": ["monitoring", "stderr"], "values": [{"value": "\r 78%|\u2588\u2588\u2588\u2588\u2588\u2588\u2588\u258a  | 46669/60000 [00:23<00:06, 2043.34it/s]", "step": null, "ts": 1638978161.339779}]}, "version": 275}
{"obj": {"type": "LogStrings", "path": ["monitoring", "stderr"], "values": [{"value": "\r 78%|\u2588\u2588\u2588\u2588\u2588\u2588\u2588\u258a  | 46879/60000 [00:23<00:06, 2060.03it/s]", "step": null, "ts": 1638978161.4397798}]}, "version": 276}
{"obj": {"type": "LogStrings", "path": ["monitoring", "stderr"], "values": [{"value": "\r 78%|\u2588\u2588\u2588\u2588\u2588\u2588\u2588\u258a  | 47086/60000 [00:23<00:06, 2053.48it/s]", "step": null, "ts": 1638978161.5413775}]}, "version": 277}
{"obj": {"type": "LogStrings", "path": ["monitoring", "stderr"], "values": [{"value": "\r 79%|\u2588\u2588\u2588\u2588\u2588\u2588\u2588\u2589  | 47295/60000 [00:23<00:06, 2063.96it/s]", "step": null, "ts": 1638978161.6414192}]}, "version": 278}
{"obj": {"type": "LogStrings", "path": ["monitoring", "stderr"], "values": [{"value": "\r 79%|\u2588\u2588\u2588\u2588\u2588\u2588\u2588\u2589  | 47505/60000 [00:24<00:06, 2072.59it/s]", "step": null, "ts": 1638978161.7417617}]}, "version": 279}
{"obj": {"type": "LogFloats", "path": ["monitoring", "cpu"], "values": [{"value": 13.2, "step": null, "ts": 1638978161.785341}]}, "version": 280}
{"obj": {"type": "LogFloats", "path": ["monitoring", "memory"], "values": [{"value": 9.011844635009766, "step": null, "ts": 1638978161.785341}]}, "version": 281}
{"obj": {"type": "LogStrings", "path": ["monitoring", "stderr"], "values": [{"value": "\r 80%|\u2588\u2588\u2588\u2588\u2588\u2588\u2588\u2589  | 47713/60000 [00:24<00:06, 2025.16it/s]", "step": null, "ts": 1638978161.850153}]}, "version": 282}
{"obj": {"type": "LogFloats", "path": ["monitoring", "gpu_memory"], "values": [{"value": 2.6470947265625, "step": null, "ts": 1638978161.785341}]}, "version": 283}
{"obj": {"type": "LogStrings", "path": ["monitoring", "stderr"], "values": [{"value": "\r 80%|\u2588\u2588\u2588\u2588\u2588\u2588\u2588\u2589  | 47921/60000 [00:24<00:05, 2039.22it/s]", "step": null, "ts": 1638978161.9503875}]}, "version": 284}
{"obj": {"type": "LogStrings", "path": ["monitoring", "stderr"], "values": [{"value": "\r 80%|\u2588\u2588\u2588\u2588\u2588\u2588\u2588\u2588  | 48131/60000 [00:24<00:05, 2055.48it/s]", "step": null, "ts": 1638978162.0506563}]}, "version": 285}
{"obj": {"type": "LogStrings", "path": ["monitoring", "stderr"], "values": [{"value": "\r 81%|\u2588\u2588\u2588\u2588\u2588\u2588\u2588\u2588  | 48340/60000 [00:24<00:05, 2064.91it/s]", "step": null, "ts": 1638978162.150757}]}, "version": 286}
{"obj": {"type": "LogStrings", "path": ["monitoring", "stderr"], "values": [{"value": "\r 81%|\u2588\u2588\u2588\u2588\u2588\u2588\u2588\u2588  | 48549/60000 [00:24<00:05, 2071.32it/s]", "step": null, "ts": 1638978162.2509103}]}, "version": 287}
{"obj": {"type": "LogStrings", "path": ["monitoring", "stderr"], "values": [{"value": "\r 81%|\u2588\u2588\u2588\u2588\u2588\u2588\u2588\u2588\u258f | 48759/60000 [00:24<00:05, 2078.19it/s]", "step": null, "ts": 1638978162.3511739}]}, "version": 288}
{"obj": {"type": "LogStrings", "path": ["monitoring", "stderr"], "values": [{"value": "\r 82%|\u2588\u2588\u2588\u2588\u2588\u2588\u2588\u2588\u258f | 48967/60000 [00:25<00:13, 792.20it/s] ", "step": null, "ts": 1638978162.995249}]}, "version": 289}
{"obj": {"type": "LogStrings", "path": ["monitoring", "stderr"], "values": [{"value": "\r 82%|\u2588\u2588\u2588\u2588\u2588\u2588\u2588\u2588\u258f | 49175/60000 [00:25<00:11, 971.72it/s]", "step": null, "ts": 1638978163.0955997}]}, "version": 290}
{"obj": {"type": "LogStrings", "path": ["monitoring", "stderr"], "values": [{"value": "\r 82%|\u2588\u2588\u2588\u2588\u2588\u2588\u2588\u2588\u258f | 49384/60000 [00:25<00:09, 1157.73it/s]", "step": null, "ts": 1638978163.195594}]}, "version": 291}
{"obj": {"type": "LogStrings", "path": ["monitoring", "stderr"], "values": [{"value": "\r 83%|\u2588\u2588\u2588\u2588\u2588\u2588\u2588\u2588\u258e | 49593/60000 [00:25<00:07, 1335.96it/s]", "step": null, "ts": 1638978163.2959063}]}, "version": 292}
{"obj": {"type": "LogStrings", "path": ["monitoring", "stderr"], "values": [{"value": "\r 83%|\u2588\u2588\u2588\u2588\u2588\u2588\u2588\u2588\u258e | 49803/60000 [00:25<00:06, 1500.27it/s]", "step": null, "ts": 1638978163.3959324}]}, "version": 293}
{"obj": {"type": "LogStrings", "path": ["monitoring", "stderr"], "values": [{"value": "\r 83%|\u2588\u2588\u2588\u2588\u2588\u2588\u2588\u2588\u258e | 50013/60000 [00:25<00:06, 1640.33it/s]", "step": null, "ts": 1638978163.4961889}]}, "version": 294}
{"obj": {"type": "LogStrings", "path": ["monitoring", "stderr"], "values": [{"value": "\r 84%|\u2588\u2588\u2588\u2588\u2588\u2588\u2588\u2588\u258e | 50214/60000 [00:25<00:05, 1720.40it/s]", "step": null, "ts": 1638978163.5991764}]}, "version": 295}
{"obj": {"type": "LogStrings", "path": ["monitoring", "stderr"], "values": [{"value": "\r 84%|\u2588\u2588\u2588\u2588\u2588\u2588\u2588\u2588\u258d | 50413/60000 [00:26<00:05, 1788.96it/s]", "step": null, "ts": 1638978163.6996596}]}, "version": 296}
{"obj": {"type": "LogStrings", "path": ["monitoring", "stderr"], "values": [{"value": "\r 84%|\u2588\u2588\u2588\u2588\u2588\u2588\u2588\u2588\u258d | 50622/60000 [00:26<00:05, 1870.42it/s]", "step": null, "ts": 1638978163.7997653}]}, "version": 297}
{"obj": {"type": "LogStrings", "path": ["monitoring", "stderr"], "values": [{"value": "\r 85%|\u2588\u2588\u2588\u2588\u2588\u2588\u2588\u2588\u258d | 50831/60000 [00:26<00:04, 1929.66it/s]", "step": null, "ts": 1638978163.9002142}]}, "version": 298}
{"obj": {"type": "LogStrings", "path": ["monitoring", "stderr"], "values": [{"value": "\r 85%|\u2588\u2588\u2588\u2588\u2588\u2588\u2588\u2588\u258c | 51037/60000 [00:26<00:04, 1966.43it/s]", "step": null, "ts": 1638978164.0003076}]}, "version": 299}
{"obj": {"type": "LogStrings", "path": ["monitoring", "stderr"], "values": [{"value": "\r 85%|\u2588\u2588\u2588\u2588\u2588\u2588\u2588\u2588\u258c | 51242/60000 [00:26<00:04, 1989.23it/s]", "step": null, "ts": 1638978164.1005387}]}, "version": 300}
{"obj": {"type": "LogStrings", "path": ["monitoring", "stderr"], "values": [{"value": "\r 86%|\u2588\u2588\u2588\u2588\u2588\u2588\u2588\u2588\u258c | 51447/60000 [00:26<00:04, 1975.06it/s]", "step": null, "ts": 1638978164.2060828}]}, "version": 301}
{"obj": {"type": "LogStrings", "path": ["monitoring", "stderr"], "values": [{"value": "\r 86%|\u2588\u2588\u2588\u2588\u2588\u2588\u2588\u2588\u258c | 51649/60000 [00:26<00:04, 1981.12it/s]", "step": null, "ts": 1638978164.307316}]}, "version": 302}
{"obj": {"type": "LogStrings", "path": ["monitoring", "stderr"], "values": [{"value": "\r 86%|\u2588\u2588\u2588\u2588\u2588\u2588\u2588\u2588\u258b | 51850/60000 [00:26<00:04, 1981.03it/s]", "step": null, "ts": 1638978164.4087684}]}, "version": 303}
{"obj": {"type": "LogStrings", "path": ["monitoring", "stderr"], "values": [{"value": "\r 87%|\u2588\u2588\u2588\u2588\u2588\u2588\u2588\u2588\u258b | 52053/60000 [00:26<00:03, 1994.80it/s]", "step": null, "ts": 1638978164.5088801}]}, "version": 304}
{"obj": {"type": "LogStrings", "path": ["monitoring", "stderr"], "values": [{"value": "\r 87%|\u2588\u2588\u2588\u2588\u2588\u2588\u2588\u2588\u258b | 52260/60000 [00:26<00:03, 2016.73it/s]", "step": null, "ts": 1638978164.608925}]}, "version": 305}
{"obj": {"type": "LogStrings", "path": ["monitoring", "stderr"], "values": [{"value": "\r 87%|\u2588\u2588\u2588\u2588\u2588\u2588\u2588\u2588\u258b | 52467/60000 [00:27<00:03, 2030.55it/s]", "step": null, "ts": 1638978164.7092671}]}, "version": 306}
{"obj": {"type": "LogStrings", "path": ["monitoring", "stderr"], "values": [{"value": "\r 88%|\u2588\u2588\u2588\u2588\u2588\u2588\u2588\u2588\u258a | 52671/60000 [00:27<00:03, 1996.00it/s]", "step": null, "ts": 1638978164.8155823}]}, "version": 307}
{"obj": {"type": "LogStrings", "path": ["monitoring", "stderr"], "values": [{"value": "\r 88%|\u2588\u2588\u2588\u2588\u2588\u2588\u2588\u2588\u258a | 52878/60000 [00:27<00:03, 2016.71it/s]", "step": null, "ts": 1638978164.9157493}]}, "version": 308}
{"obj": {"type": "LogStrings", "path": ["monitoring", "stderr"], "values": [{"value": "\r 88%|\u2588\u2588\u2588\u2588\u2588\u2588\u2588\u2588\u258a | 53083/60000 [00:27<00:03, 2025.94it/s]", "step": null, "ts": 1638978165.015863}]}, "version": 309}
{"obj": {"type": "LogStrings", "path": ["monitoring", "stderr"], "values": [{"value": "\r 89%|\u2588\u2588\u2588\u2588\u2588\u2588\u2588\u2588\u2589 | 53289/60000 [00:27<00:03, 2035.97it/s]", "step": null, "ts": 1638978165.1158795}]}, "version": 310}
{"obj": {"type": "LogStrings", "path": ["monitoring", "stderr"], "values": [{"value": "\r 89%|\u2588\u2588\u2588\u2588\u2588\u2588\u2588\u2588\u2589 | 53497/60000 [00:27<00:03, 2048.86it/s]", "step": null, "ts": 1638978165.2159238}]}, "version": 311}
{"obj": {"type": "LogStrings", "path": ["monitoring", "stderr"], "values": [{"value": "\r 90%|\u2588\u2588\u2588\u2588\u2588\u2588\u2588\u2588\u2589 | 53703/60000 [00:27<00:03, 2052.05it/s]", "step": null, "ts": 1638978165.3159983}]}, "version": 312}
{"obj": {"type": "LogStrings", "path": ["monitoring", "stderr"], "values": [{"value": "\r 90%|\u2588\u2588\u2588\u2588\u2588\u2588\u2588\u2588\u2589 | 53909/60000 [00:27<00:03, 2007.12it/s]", "step": null, "ts": 1638978165.4238765}]}, "version": 313}
{"obj": {"type": "LogStrings", "path": ["monitoring", "stderr"], "values": [{"value": "\r 90%|\u2588\u2588\u2588\u2588\u2588\u2588\u2588\u2588\u2588 | 54117/60000 [00:27<00:02, 2027.59it/s]", "step": null, "ts": 1638978165.5239923}]}, "version": 314}
{"obj": {"type": "LogStrings", "path": ["monitoring", "stderr"], "values": [{"value": "\r 91%|\u2588\u2588\u2588\u2588\u2588\u2588\u2588\u2588\u2588 | 54326/60000 [00:27<00:02, 2043.84it/s]", "step": null, "ts": 1638978165.624344}]}, "version": 315}
{"obj": {"type": "LogStrings", "path": ["monitoring", "stderr"], "values": [{"value": "\r 91%|\u2588\u2588\u2588\u2588\u2588\u2588\u2588\u2588\u2588 | 54534/60000 [00:28<00:02, 2050.60it/s]", "step": null, "ts": 1638978165.724991}]}, "version": 316}
{"obj": {"type": "LogStrings", "path": ["monitoring", "stderr"], "values": [{"value": "\r 91%|\u2588\u2588\u2588\u2588\u2588\u2588\u2588\u2588\u2588 | 54740/60000 [00:28<00:02, 2021.18it/s]", "step": null, "ts": 1638978165.8303664}]}, "version": 317}
{"obj": {"type": "LogStrings", "path": ["monitoring", "stderr"], "values": [{"value": "\r 92%|\u2588\u2588\u2588\u2588\u2588\u2588\u2588\u2588\u2588\u258f| 54943/60000 [00:28<00:02, 1962.02it/s]", "step": null, "ts": 1638978165.941102}]}, "version": 318}
{"obj": {"type": "LogStrings", "path": ["monitoring", "stderr"], "values": [{"value": "\r 92%|\u2588\u2588\u2588\u2588\u2588\u2588\u2588\u2588\u2588\u258f| 55149/60000 [00:28<00:02, 1989.65it/s]", "step": null, "ts": 1638978166.041207}]}, "version": 319}
{"obj": {"type": "LogStrings", "path": ["monitoring", "stderr"], "values": [{"value": "\r 92%|\u2588\u2588\u2588\u2588\u2588\u2588\u2588\u2588\u2588\u258f| 55356/60000 [00:28<00:02, 2011.33it/s]", "step": null, "ts": 1638978166.14153}]}, "version": 320}
{"obj": {"type": "LogStrings", "path": ["monitoring", "stderr"], "values": [{"value": "\r 93%|\u2588\u2588\u2588\u2588\u2588\u2588\u2588\u2588\u2588\u258e| 55562/60000 [00:28<00:02, 2025.54it/s]", "step": null, "ts": 1638978166.2415307}]}, "version": 321}
{"obj": {"type": "LogStrings", "path": ["monitoring", "stderr"], "values": [{"value": "\r 93%|\u2588\u2588\u2588\u2588\u2588\u2588\u2588\u2588\u2588\u258e| 55766/60000 [00:28<00:02, 2029.59it/s]", "step": null, "ts": 1638978166.3415532}]}, "version": 322}
{"obj": {"type": "LogStrings", "path": ["monitoring", "stderr"], "values": [{"value": "\r 93%|\u2588\u2588\u2588\u2588\u2588\u2588\u2588\u2588\u2588\u258e| 55971/60000 [00:28<00:01, 2032.90it/s]", "step": null, "ts": 1638978166.442218}]}, "version": 323}
{"obj": {"type": "LogStrings", "path": ["monitoring", "stderr"], "values": [{"value": "\r 94%|\u2588\u2588\u2588\u2588\u2588\u2588\u2588\u2588\u2588\u258e| 56175/60000 [00:28<00:01, 1989.68it/s]", "step": null, "ts": 1638978166.549694}]}, "version": 324}
{"obj": {"type": "LogStrings", "path": ["monitoring", "stderr"], "values": [{"value": "\r 94%|\u2588\u2588\u2588\u2588\u2588\u2588\u2588\u2588\u2588\u258d| 56383/60000 [00:29<00:01, 2014.52it/s]", "step": null, "ts": 1638978166.649959}]}, "version": 325}
{"obj": {"type": "LogStrings", "path": ["monitoring", "stderr"], "values": [{"value": "\r 94%|\u2588\u2588\u2588\u2588\u2588\u2588\u2588\u2588\u2588\u258d| 56590/60000 [00:29<00:01, 2029.76it/s]", "step": null, "ts": 1638978166.7501419}]}, "version": 326}
{"obj": {"type": "LogStrings", "path": ["monitoring", "stderr"], "values": [{"value": "\r 95%|\u2588\u2588\u2588\u2588\u2588\u2588\u2588\u2588\u2588\u258d| 56797/60000 [00:29<00:01, 2039.10it/s]", "step": null, "ts": 1638978166.8505936}]}, "version": 327}
{"obj": {"type": "LogStrings", "path": ["monitoring", "stderr"], "values": [{"value": "\r 95%|\u2588\u2588\u2588\u2588\u2588\u2588\u2588\u2588\u2588\u258c| 57005/60000 [00:29<00:01, 2050.10it/s]", "step": null, "ts": 1638978166.950798}]}, "version": 328}
{"obj": {"type": "LogStrings", "path": ["monitoring", "stderr"], "values": [{"value": "\r 95%|\u2588\u2588\u2588\u2588\u2588\u2588\u2588\u2588\u2588\u258c| 57213/60000 [00:29<00:01, 2056.28it/s]", "step": null, "ts": 1638978167.051237}]}, "version": 329}
{"obj": {"type": "LogStrings", "path": ["monitoring", "stderr"], "values": [{"value": "\r 96%|\u2588\u2588\u2588\u2588\u2588\u2588\u2588\u2588\u2588\u258c| 57419/60000 [00:29<00:01, 2014.30it/s]", "step": null, "ts": 1638978167.1584277}]}, "version": 330}
{"obj": {"type": "LogStrings", "path": ["monitoring", "stderr"], "values": [{"value": "\r 96%|\u2588\u2588\u2588\u2588\u2588\u2588\u2588\u2588\u2588\u258c| 57629/60000 [00:29<00:01, 2034.28it/s]", "step": null, "ts": 1638978167.2593265}]}, "version": 331}
{"obj": {"type": "LogStrings", "path": ["monitoring", "stderr"], "values": [{"value": "\r 96%|\u2588\u2588\u2588\u2588\u2588\u2588\u2588\u2588\u2588\u258b| 57838/60000 [00:29<00:01, 2049.84it/s]", "step": null, "ts": 1638978167.3594785}]}, "version": 332}
{"obj": {"type": "LogStrings", "path": ["monitoring", "stderr"], "values": [{"value": "\r 97%|\u2588\u2588\u2588\u2588\u2588\u2588\u2588\u2588\u2588\u258b| 58047/60000 [00:29<00:00, 2061.21it/s]", "step": null, "ts": 1638978167.459569}]}, "version": 333}
{"obj": {"type": "LogStrings", "path": ["monitoring", "stderr"], "values": [{"value": "\r 97%|\u2588\u2588\u2588\u2588\u2588\u2588\u2588\u2588\u2588\u258b| 58256/60000 [00:29<00:00, 2069.38it/s]", "step": null, "ts": 1638978167.5596063}]}, "version": 334}
{"obj": {"type": "LogStrings", "path": ["monitoring", "stderr"], "values": [{"value": "\r 97%|\u2588\u2588\u2588\u2588\u2588\u2588\u2588\u2588\u2588\u258b| 58465/60000 [00:30<00:00, 2073.54it/s]", "step": null, "ts": 1638978167.6599185}]}, "version": 335}
{"obj": {"type": "LogStrings", "path": ["monitoring", "stderr"], "values": [{"value": "\r 98%|\u2588\u2588\u2588\u2588\u2588\u2588\u2588\u2588\u2588\u258a| 58673/60000 [00:30<00:00, 2033.77it/s]", "step": null, "ts": 1638978167.7667964}]}, "version": 336}
{"obj": {"type": "LogStrings", "path": ["monitoring", "stderr"], "values": [{"value": "\r 98%|\u2588\u2588\u2588\u2588\u2588\u2588\u2588\u2588\u2588\u258a| 58883/60000 [00:30<00:00, 2051.22it/s]", "step": null, "ts": 1638978167.867122}]}, "version": 337}
{"obj": {"type": "LogStrings", "path": ["monitoring", "stderr"], "values": [{"value": "\r 98%|\u2588\u2588\u2588\u2588\u2588\u2588\u2588\u2588\u2588\u258a| 59093/60000 [00:30<00:00, 2064.63it/s]", "step": null, "ts": 1638978167.9672813}]}, "version": 338}
{"obj": {"type": "LogStrings", "path": ["monitoring", "stderr"], "values": [{"value": "\r 99%|\u2588\u2588\u2588\u2588\u2588\u2588\u2588\u2588\u2588\u2589| 59302/60000 [00:30<00:00, 2069.61it/s]", "step": null, "ts": 1638978168.0677521}]}, "version": 339}
{"obj": {"type": "LogStrings", "path": ["monitoring", "stderr"], "values": [{"value": "\r 99%|\u2588\u2588\u2588\u2588\u2588\u2588\u2588\u2588\u2588\u2589| 59511/60000 [00:30<00:00, 2075.20it/s]", "step": null, "ts": 1638978168.1677926}]}, "version": 340}
{"obj": {"type": "LogStrings", "path": ["monitoring", "stderr"], "values": [{"value": "\r100%|\u2588\u2588\u2588\u2588\u2588\u2588\u2588\u2588\u2588\u2589| 59721/60000 [00:30<00:00, 2080.33it/s]", "step": null, "ts": 1638978168.2681468}]}, "version": 341}
{"obj": {"type": "LogStrings", "path": ["monitoring", "stderr"], "values": [{"value": "\r100%|\u2588\u2588\u2588\u2588\u2588\u2588\u2588\u2588\u2588\u2589| 59930/60000 [00:30<00:00, 2035.46it/s]", "step": null, "ts": 1638978168.376052}]}, "version": 342}
{"obj": {"type": "LogStrings", "path": ["monitoring", "stderr"], "values": [{"value": "", "step": null, "ts": 1638978168.40937}]}, "version": 343}
{"obj": {"type": "LogStrings", "path": ["monitoring", "stderr"], "values": [{"value": "\r100%|\u2588\u2588\u2588\u2588\u2588\u2588\u2588\u2588\u2588\u2588| 60000/60000 [00:30<00:00, 1950.14it/s]", "step": null, "ts": 1638978168.4096146}]}, "version": 344}
{"obj": {"type": "LogStrings", "path": ["monitoring", "stderr"], "values": [{"value": "\n", "step": null, "ts": 1638978168.4097123}]}, "version": 345}
{"obj": {"type": "LogStrings", "path": ["monitoring", "stdout"], "values": [{"value": "LOADED EPISODE FILE FOR train: miniimagenet-train-20way-1shot-15query-60000episodes.pkl", "step": null, "ts": 1638978169.4835765}]}, "version": 346}
{"obj": {"type": "LogStrings", "path": ["monitoring", "stdout"], "values": [{"value": "\n", "step": null, "ts": 1638978169.483764}]}, "version": 347}
{"obj": {"type": "LogStrings", "path": ["monitoring", "stdout"], "values": [{"value": "Building episodes from scratch", "step": null, "ts": 1638978169.8365555}]}, "version": 348}
{"obj": {"type": "LogStrings", "path": ["monitoring", "stdout"], "values": [{"value": "\n", "step": null, "ts": 1638978169.8367527}]}, "version": 349}
{"obj": {"type": "LogStrings", "path": ["monitoring", "stderr"], "values": [{"value": "\r  0%|          | 0/60000 [00:00<?, ?it/s]", "step": null, "ts": 1638978169.8371453}]}, "version": 350}
{"obj": {"type": "LogStrings", "path": ["monitoring", "stderr"], "values": [{"value": "", "step": null, "ts": 1638978169.8372915}]}, "version": 351}
{"obj": {"type": "LogStrings", "path": ["monitoring", "stderr"], "values": [{"value": "\r  0%|          | 0/60000 [00:00<?, ?it/s]", "step": null, "ts": 1638978169.837467}]}, "version": 352}
{"obj": {"type": "LogStrings", "path": ["monitoring", "stderr"], "values": [{"value": "\n", "step": null, "ts": 1638978169.8375497}]}, "version": 353}
{"obj": {"type": "LogStrings", "path": ["monitoring", "traceback"], "values": [{"value": "An uncaught exception occurred while run was active on worker nipa2019-0087.", "step": null, "ts": 1638978169.8382447}, {"value": "Marking run as failed", "step": null, "ts": 1638978169.8382447}, {"value": "Traceback:", "step": null, "ts": 1638978169.8382447}, {"value": "  File \"main.py\", line 71, in <module>\n    main()\n", "step": null, "ts": 1638978169.8382447}, {"value": "  File \"main.py\", line 66, in main\n    trainer = Trainer(meta_config=meta_config, learner_config=learner_config, model_config=model_config, logger=logger)\n", "step": null, "ts": 1638978169.8382447}, {"value": "  File \"/home/jaeho3690/Meta/trainer.py\", line 27, in __init__\n    self.train_loader, self.val_loader, self.test_loader = get_dataloader(meta_config, model_config)\n", "step": null, "ts": 1638978169.8382447}, {"value": "  File \"/home/jaeho3690/Meta/utils/dataloader.py\", line 15, in get_dataloader\n    MiniImagenetDataset(mode=\"val\", meta_config=meta_config),\n", "step": null, "ts": 1638978169.8382447}, {"value": "  File \"/home/jaeho3690/Meta/utils/dataset.py\", line 88, in __init__\n    self._construct_episode()\n", "step": null, "ts": 1638978169.8382447}, {"value": "  File \"/home/jaeho3690/Meta/utils/dataset.py\", line 101, in _construct_episode\n    label_ids = sample(self.unique_labels, self.n_way)\n", "step": null, "ts": 1638978169.8382447}, {"value": "  File \"/home/ubuntu/anaconda3/envs/meta/lib/python3.8/random.py\", line 363, in sample\n    raise ValueError(\"Sample larger than population or is negative\")\n", "step": null, "ts": 1638978169.8382447}, {"value": "Sample larger than population or is negative", "step": null, "ts": 1638978169.8382447}]}, "version": 354}
{"obj": {"type": "AssignBool", "path": ["sys", "failed"], "value": true}, "version": 355}
{"obj": {"type": "LogStrings", "path": ["monitoring", "stderr"], "values": [{"value": "Traceback (most recent call last):\n", "step": null, "ts": 1638978169.8385367}]}, "version": 356}
{"obj": {"type": "LogStrings", "path": ["monitoring", "stderr"], "values": [{"value": "  File \"main.py\", line 71, in <module>\n", "step": null, "ts": 1638978169.83862}]}, "version": 357}
{"obj": {"type": "LogStrings", "path": ["monitoring", "stderr"], "values": [{"value": "    ", "step": null, "ts": 1638978169.8387735}]}, "version": 358}
{"obj": {"type": "LogStrings", "path": ["monitoring", "stderr"], "values": [{"value": "main()", "step": null, "ts": 1638978169.8388484}]}, "version": 359}
{"obj": {"type": "LogStrings", "path": ["monitoring", "stderr"], "values": [{"value": "\n", "step": null, "ts": 1638978169.8389149}]}, "version": 360}
{"obj": {"type": "LogStrings", "path": ["monitoring", "stderr"], "values": [{"value": "  File \"main.py\", line 66, in main\n", "step": null, "ts": 1638978169.8389812}]}, "version": 361}
{"obj": {"type": "LogStrings", "path": ["monitoring", "stderr"], "values": [{"value": "    ", "step": null, "ts": 1638978169.8390975}]}, "version": 362}
{"obj": {"type": "LogStrings", "path": ["monitoring", "stderr"], "values": [{"value": "trainer = Trainer(meta_config=meta_config, learner_config=learner_config, model_config=model_config, logger=logger)", "step": null, "ts": 1638978169.8391666}]}, "version": 363}
{"obj": {"type": "LogStrings", "path": ["monitoring", "stderr"], "values": [{"value": "\n", "step": null, "ts": 1638978169.8392327}]}, "version": 364}
{"obj": {"type": "LogStrings", "path": ["monitoring", "stderr"], "values": [{"value": "  File \"/home/jaeho3690/Meta/trainer.py\", line 27, in __init__\n", "step": null, "ts": 1638978169.839298}]}, "version": 365}
{"obj": {"type": "LogStrings", "path": ["monitoring", "stderr"], "values": [{"value": "    ", "step": null, "ts": 1638978169.8394086}]}, "version": 366}
{"obj": {"type": "LogStrings", "path": ["monitoring", "stderr"], "values": [{"value": "self.train_loader, self.val_loader, self.test_loader = get_dataloader(meta_config, model_config)", "step": null, "ts": 1638978169.8394759}]}, "version": 367}
{"obj": {"type": "LogStrings", "path": ["monitoring", "stderr"], "values": [{"value": "\n", "step": null, "ts": 1638978169.8395398}]}, "version": 368}
{"obj": {"type": "LogStrings", "path": ["monitoring", "stderr"], "values": [{"value": "  File \"/home/jaeho3690/Meta/utils/dataloader.py\", line 15, in get_dataloader\n", "step": null, "ts": 1638978169.8396041}]}, "version": 369}
{"obj": {"type": "LogStrings", "path": ["monitoring", "stderr"], "values": [{"value": "    ", "step": null, "ts": 1638978169.839715}]}, "version": 370}
{"obj": {"type": "LogStrings", "path": ["monitoring", "stderr"], "values": [{"value": "MiniImagenetDataset(mode=\"val\", meta_config=meta_config),", "step": null, "ts": 1638978169.8397822}]}, "version": 371}
{"obj": {"type": "LogStrings", "path": ["monitoring", "stderr"], "values": [{"value": "\n", "step": null, "ts": 1638978169.8398466}]}, "version": 372}
{"obj": {"type": "LogStrings", "path": ["monitoring", "stderr"], "values": [{"value": "  File \"/home/jaeho3690/Meta/utils/dataset.py\", line 88, in __init__\n", "step": null, "ts": 1638978169.8399112}]}, "version": 373}
{"obj": {"type": "LogStrings", "path": ["monitoring", "stderr"], "values": [{"value": "    ", "step": null, "ts": 1638978169.840032}]}, "version": 374}
{"obj": {"type": "LogStrings", "path": ["monitoring", "stderr"], "values": [{"value": "self._construct_episode()", "step": null, "ts": 1638978169.8401005}]}, "version": 375}
{"obj": {"type": "LogStrings", "path": ["monitoring", "stderr"], "values": [{"value": "\n", "step": null, "ts": 1638978169.8401647}]}, "version": 376}
{"obj": {"type": "LogStrings", "path": ["monitoring", "stderr"], "values": [{"value": "  File \"/home/jaeho3690/Meta/utils/dataset.py\", line 101, in _construct_episode\n", "step": null, "ts": 1638978169.84023}]}, "version": 377}
{"obj": {"type": "LogStrings", "path": ["monitoring", "stderr"], "values": [{"value": "    ", "step": null, "ts": 1638978169.8403494}]}, "version": 378}
{"obj": {"type": "LogStrings", "path": ["monitoring", "stderr"], "values": [{"value": "label_ids = sample(self.unique_labels, self.n_way)", "step": null, "ts": 1638978169.8404174}]}, "version": 379}
{"obj": {"type": "LogStrings", "path": ["monitoring", "stderr"], "values": [{"value": "\n", "step": null, "ts": 1638978169.84049}]}, "version": 380}
{"obj": {"type": "LogStrings", "path": ["monitoring", "stderr"], "values": [{"value": "  File \"/home/ubuntu/anaconda3/envs/meta/lib/python3.8/random.py\", line 363, in sample\n", "step": null, "ts": 1638978169.8405545}]}, "version": 381}
{"obj": {"type": "LogStrings", "path": ["monitoring", "stderr"], "values": [{"value": "    ", "step": null, "ts": 1638978169.8407288}]}, "version": 382}
{"obj": {"type": "LogStrings", "path": ["monitoring", "stderr"], "values": [{"value": "raise ValueError(\"Sample larger than population or is negative\")", "step": null, "ts": 1638978169.8408}]}, "version": 383}
{"obj": {"type": "LogStrings", "path": ["monitoring", "stderr"], "values": [{"value": "\n", "step": null, "ts": 1638978169.8408647}]}, "version": 384}
{"obj": {"type": "LogStrings", "path": ["monitoring", "stderr"], "values": [{"value": "ValueError", "step": null, "ts": 1638978169.840933}]}, "version": 385}
{"obj": {"type": "LogStrings", "path": ["monitoring", "stderr"], "values": [{"value": ": ", "step": null, "ts": 1638978169.8409972}]}, "version": 386}
{"obj": {"type": "LogStrings", "path": ["monitoring", "stderr"], "values": [{"value": "Sample larger than population or is negative", "step": null, "ts": 1638978169.8410602}]}, "version": 387}
{"obj": {"type": "LogStrings", "path": ["monitoring", "stderr"], "values": [{"value": "\n", "step": null, "ts": 1638978169.8411226}]}, "version": 388}
{"obj": {"type": "LogStrings", "path": ["monitoring", "stdout"], "values": [{"value": "Shutting down background jobs, please wait a moment...\n", "step": null, "ts": 1638978169.84142}]}, "version": 389}
