{"obj": {"type": "AssignString", "path": ["sys", "name"], "value": "Untitled"}, "version": 1}
{"obj": {"type": "AssignString", "path": ["sys", "description"], "value": ""}, "version": 2}
{"obj": {"type": "AssignString", "path": ["sys", "hostname"], "value": "nipa2019-0087"}, "version": 3}
{"obj": {"type": "AssignBool", "path": ["sys", "failed"], "value": false}, "version": 4}
{"obj": {"type": "ClearStringLog", "path": ["monitoring", "stdout"]}, "version": 5}
{"obj": {"type": "ClearStringLog", "path": ["monitoring", "stderr"]}, "version": 6}
{"obj": {"type": "AssignString", "path": ["source_code", "entrypoint"], "value": "main.py"}, "version": 7}
{"obj": {"type": "UploadFileSet", "path": ["source_code", "files"], "file_globs": ["/home/jaeho3690/Meta/main.py"], "reset": "False"}, "version": 8}
{"obj": {"type": "ConfigFloatSeries", "path": ["monitoring", "cpu"], "min": 0.0, "max": 100.0, "unit": "%"}, "version": 9}
{"obj": {"type": "ClearFloatLog", "path": ["monitoring", "cpu"]}, "version": 10}
{"obj": {"type": "ConfigFloatSeries", "path": ["monitoring", "memory"], "min": 0.0, "max": 88.49047470092773, "unit": "GB"}, "version": 11}
{"obj": {"type": "ClearFloatLog", "path": ["monitoring", "memory"]}, "version": 12}
{"obj": {"type": "ConfigFloatSeries", "path": ["monitoring", "gpu"], "min": 0.0, "max": 100.0, "unit": "%"}, "version": 13}
{"obj": {"type": "ClearFloatLog", "path": ["monitoring", "gpu"]}, "version": 14}
{"obj": {"type": "ConfigFloatSeries", "path": ["monitoring", "gpu_memory"], "min": 0.0, "max": 31.71923828125, "unit": "GB"}, "version": 15}
{"obj": {"type": "ClearFloatLog", "path": ["monitoring", "gpu_memory"]}, "version": 16}
{"obj": {"type": "LogStrings", "path": ["monitoring", "stdout"], "values": [{"value": "", "step": null, "ts": 1638978177.3259842}]}, "version": 17}
{"obj": {"type": "LogFloats", "path": ["monitoring", "cpu"], "values": [{"value": 2.8, "step": null, "ts": 1638978177.3213985}]}, "version": 18}
{"obj": {"type": "LogStrings", "path": ["monitoring", "stdout"], "values": [{"value": "https://app.neptune.ai/jaeho3690/metalearningCW/e/MET-43\n", "step": null, "ts": 1638978177.3278024}]}, "version": 19}
{"obj": {"type": "LogFloats", "path": ["monitoring", "memory"], "values": [{"value": 5.349452972412109, "step": null, "ts": 1638978177.3213985}]}, "version": 20}
{"obj": {"type": "AddStrings", "path": ["sys", "tags"], "values": ["15", "miniimagenet", "proto", "20", "5"]}, "version": 21}
{"obj": {"type": "LogFloats", "path": ["monitoring", "gpu_memory"], "values": [{"value": 1.5211181640625, "step": null, "ts": 1638978177.3213985}]}, "version": 22}
{"obj": {"type": "AssignString", "path": ["meta_config", "model"], "value": "proto"}, "version": 23}
{"obj": {"type": "AssignString", "path": ["meta_config", "dataset"], "value": "miniimagenet"}, "version": 24}
{"obj": {"type": "AssignString", "path": ["meta_config", "device"], "value": "cuda"}, "version": 25}
{"obj": {"type": "AssignInt", "path": ["meta_config", "num_workers"], "value": 1}, "version": 26}
{"obj": {"type": "AssignInt", "path": ["meta_config", "N"], "value": 20}, "version": 27}
{"obj": {"type": "AssignInt", "path": ["meta_config", "K"], "value": 5}, "version": 28}
{"obj": {"type": "AssignInt", "path": ["meta_config", "Q"], "value": 15}, "version": 29}
{"obj": {"type": "AssignInt", "path": ["meta_config", "total_episode_num"], "value": 60000}, "version": 30}
{"obj": {"type": "AssignInt", "path": ["meta_config", "train_iter"], "value": 5000}, "version": 31}
{"obj": {"type": "AssignInt", "path": ["meta_config", "val_iter"], "value": 5000}, "version": 32}
{"obj": {"type": "AssignInt", "path": ["meta_config", "test_iter"], "value": 5000}, "version": 33}
{"obj": {"type": "AssignString", "path": ["meta_config", "load_pt"], "value": "None"}, "version": 34}
{"obj": {"type": "AssignString", "path": ["meta_config", "save_pt"], "value": "proto-miniimagenet-20way-5shot-15"}, "version": 35}
{"obj": {"type": "AssignInt", "path": ["meta_config", "seed"], "value": 0}, "version": 36}
{"obj": {"type": "AssignInt", "path": ["model_config", "inner_loop"], "value": 1}, "version": 37}
{"obj": {"type": "AssignInt", "path": ["model_config", "embedding-size"], "value": 64}, "version": 38}
{"obj": {"type": "AssignInt", "path": ["model_config", "in_channels"], "value": 3}, "version": 39}
{"obj": {"type": "AssignInt", "path": ["model_config", "out_channels"], "value": 64}, "version": 40}
{"obj": {"type": "AssignFloat", "path": ["model_config", "lr"], "value": 0.0001}, "version": 41}
{"obj": {"type": "LogStrings", "path": ["monitoring", "stdout"], "values": [{"value": "Building episodes from scratch", "step": null, "ts": 1638978183.3578396}]}, "version": 42}
{"obj": {"type": "LogStrings", "path": ["monitoring", "stdout"], "values": [{"value": "\n", "step": null, "ts": 1638978183.3580759}]}, "version": 43}
{"obj": {"type": "LogStrings", "path": ["monitoring", "stderr"], "values": [{"value": "\r  0%|          | 0/60000 [00:00<?, ?it/s]", "step": null, "ts": 1638978183.3600492}]}, "version": 44}
{"obj": {"type": "LogStrings", "path": ["monitoring", "stderr"], "values": [{"value": "\r  0%|          | 171/60000 [00:00<00:35, 1703.01it/s]", "step": null, "ts": 1638978183.4607654}]}, "version": 45}
{"obj": {"type": "LogStrings", "path": ["monitoring", "stderr"], "values": [{"value": "\r  1%|          | 342/60000 [00:00<00:36, 1644.86it/s]", "step": null, "ts": 1638978183.56721}]}, "version": 46}
{"obj": {"type": "LogStrings", "path": ["monitoring", "stderr"], "values": [{"value": "\r  1%|          | 515/60000 [00:00<00:35, 1682.21it/s]", "step": null, "ts": 1638978183.6672854}]}, "version": 47}
{"obj": {"type": "LogStrings", "path": ["monitoring", "stderr"], "values": [{"value": "\r  1%|          | 684/60000 [00:00<00:36, 1643.74it/s]", "step": null, "ts": 1638978183.7738307}]}, "version": 48}
{"obj": {"type": "LogStrings", "path": ["monitoring", "stderr"], "values": [{"value": "\r  1%|\u258f         | 855/60000 [00:00<00:35, 1665.79it/s]", "step": null, "ts": 1638978183.8740237}]}, "version": 49}
{"obj": {"type": "LogStrings", "path": ["monitoring", "stderr"], "values": [{"value": "\r  2%|\u258f         | 1026/60000 [00:00<00:35, 1679.69it/s]", "step": null, "ts": 1638978183.9741683}]}, "version": 50}
{"obj": {"type": "LogStrings", "path": ["monitoring", "stderr"], "values": [{"value": "\r  2%|\u258f         | 1198/60000 [00:00<00:34, 1691.01it/s]", "step": null, "ts": 1638978184.0744896}]}, "version": 51}
{"obj": {"type": "LogStrings", "path": ["monitoring", "stderr"], "values": [{"value": "\r  2%|\u258f         | 1370/60000 [00:00<00:34, 1697.49it/s]", "step": null, "ts": 1638978184.1749716}]}, "version": 52}
{"obj": {"type": "LogStrings", "path": ["monitoring", "stderr"], "values": [{"value": "\r  3%|\u258e         | 1543/60000 [00:00<00:34, 1705.13it/s]", "step": null, "ts": 1638978184.27543}]}, "version": 53}
{"obj": {"type": "LogStrings", "path": ["monitoring", "stderr"], "values": [{"value": "\r  3%|\u258e         | 1714/60000 [00:01<00:34, 1701.95it/s]", "step": null, "ts": 1638978184.3763566}]}, "version": 54}
{"obj": {"type": "LogStrings", "path": ["monitoring", "stderr"], "values": [{"value": "\r  3%|\u258e         | 1885/60000 [00:01<00:35, 1659.95it/s]", "step": null, "ts": 1638978184.485194}]}, "version": 55}
{"obj": {"type": "LogStrings", "path": ["monitoring", "stderr"], "values": [{"value": "\r  3%|\u258e         | 2058/60000 [00:01<00:34, 1678.26it/s]", "step": null, "ts": 1638978184.585684}]}, "version": 56}
{"obj": {"type": "LogStrings", "path": ["monitoring", "stderr"], "values": [{"value": "\r  4%|\u258e         | 2231/60000 [00:01<00:34, 1690.91it/s]", "step": null, "ts": 1638978184.6862087}]}, "version": 57}
{"obj": {"type": "LogStrings", "path": ["monitoring", "stderr"], "values": [{"value": "\r  4%|\u258d         | 2404/60000 [00:01<00:33, 1700.63it/s]", "step": null, "ts": 1638978184.7865977}]}, "version": 58}
{"obj": {"type": "LogStrings", "path": ["monitoring", "stderr"], "values": [{"value": "\r  4%|\u258d         | 2578/60000 [00:01<00:33, 1710.74it/s]", "step": null, "ts": 1638978184.8868911}]}, "version": 59}
{"obj": {"type": "LogStrings", "path": ["monitoring", "stderr"], "values": [{"value": "\r  5%|\u258d         | 2750/60000 [00:01<00:33, 1712.34it/s]", "step": null, "ts": 1638978184.9871254}]}, "version": 60}
{"obj": {"type": "LogStrings", "path": ["monitoring", "stderr"], "values": [{"value": "\r  5%|\u258d         | 2923/60000 [00:01<00:33, 1715.01it/s]", "step": null, "ts": 1638978185.087637}]}, "version": 61}
{"obj": {"type": "LogStrings", "path": ["monitoring", "stderr"], "values": [{"value": "\r  5%|\u258c         | 3095/60000 [00:01<00:33, 1673.99it/s]", "step": null, "ts": 1638978185.1961646}]}, "version": 62}
{"obj": {"type": "LogStrings", "path": ["monitoring", "stderr"], "values": [{"value": "\r  5%|\u258c         | 3268/60000 [00:01<00:33, 1687.67it/s]", "step": null, "ts": 1638978185.296718}]}, "version": 63}
{"obj": {"type": "LogStrings", "path": ["monitoring", "stderr"], "values": [{"value": "\r  6%|\u258c         | 3440/60000 [00:02<00:33, 1695.92it/s]", "step": null, "ts": 1638978185.3969638}]}, "version": 64}
{"obj": {"type": "LogStrings", "path": ["monitoring", "stderr"], "values": [{"value": "\r  6%|\u258c         | 3613/60000 [00:02<00:33, 1704.19it/s]", "step": null, "ts": 1638978185.497322}]}, "version": 65}
{"obj": {"type": "LogStrings", "path": ["monitoring", "stderr"], "values": [{"value": "\r  6%|\u258b         | 3787/60000 [00:02<00:32, 1712.45it/s]", "step": null, "ts": 1638978185.597813}]}, "version": 66}
{"obj": {"type": "LogStrings", "path": ["monitoring", "stderr"], "values": [{"value": "\r  7%|\u258b         | 3959/60000 [00:02<00:32, 1714.36it/s]", "step": null, "ts": 1638978185.6978834}]}, "version": 67}
{"obj": {"type": "LogStrings", "path": ["monitoring", "stderr"], "values": [{"value": "\r  7%|\u258b         | 4132/60000 [00:02<00:32, 1716.34it/s]", "step": null, "ts": 1638978185.798394}]}, "version": 68}
{"obj": {"type": "LogStrings", "path": ["monitoring", "stderr"], "values": [{"value": "\r  7%|\u258b         | 4304/60000 [00:02<00:33, 1666.12it/s]", "step": null, "ts": 1638978185.9088104}]}, "version": 69}
{"obj": {"type": "LogStrings", "path": ["monitoring", "stderr"], "values": [{"value": "\r  7%|\u258b         | 4477/60000 [00:02<00:32, 1682.68it/s]", "step": null, "ts": 1638978186.0092309}]}, "version": 70}
{"obj": {"type": "LogStrings", "path": ["monitoring", "stderr"], "values": [{"value": "\r  8%|\u258a         | 4649/60000 [00:02<00:32, 1692.96it/s]", "step": null, "ts": 1638978186.1093328}]}, "version": 71}
{"obj": {"type": "LogStrings", "path": ["monitoring", "stderr"], "values": [{"value": "\r  8%|\u258a         | 4819/60000 [00:02<00:32, 1687.50it/s]", "step": null, "ts": 1638978186.2108755}]}, "version": 72}
{"obj": {"type": "LogStrings", "path": ["monitoring", "stderr"], "values": [{"value": "\r  8%|\u258a         | 4989/60000 [00:02<00:32, 1690.32it/s]", "step": null, "ts": 1638978186.3110127}]}, "version": 73}
{"obj": {"type": "LogStrings", "path": ["monitoring", "stderr"], "values": [{"value": "\r  9%|\u258a         | 5159/60000 [00:03<00:32, 1690.36it/s]", "step": null, "ts": 1638978186.4115572}]}, "version": 74}
{"obj": {"type": "LogStrings", "path": ["monitoring", "stderr"], "values": [{"value": "\r  9%|\u2589         | 5329/60000 [00:03<00:32, 1690.70it/s]", "step": null, "ts": 1638978186.5120592}]}, "version": 75}
{"obj": {"type": "LogStrings", "path": ["monitoring", "stderr"], "values": [{"value": "\r  9%|\u2589         | 5499/60000 [00:03<00:33, 1638.25it/s]", "step": null, "ts": 1638978186.6234217}]}, "version": 76}
{"obj": {"type": "LogStrings", "path": ["monitoring", "stderr"], "values": [{"value": "\r  9%|\u2589         | 5666/60000 [00:03<00:32, 1647.29it/s]", "step": null, "ts": 1638978186.7234483}]}, "version": 77}
{"obj": {"type": "LogStrings", "path": ["monitoring", "stderr"], "values": [{"value": "\r 10%|\u2589         | 5833/60000 [00:03<00:32, 1653.78it/s]", "step": null, "ts": 1638978186.8234687}]}, "version": 78}
{"obj": {"type": "LogStrings", "path": ["monitoring", "stderr"], "values": [{"value": "\r 10%|\u2588         | 6002/60000 [00:03<00:32, 1663.94it/s]", "step": null, "ts": 1638978186.9235811}]}, "version": 79}
{"obj": {"type": "LogStrings", "path": ["monitoring", "stderr"], "values": [{"value": "\r 10%|\u2588         | 6172/60000 [00:03<00:32, 1674.14it/s]", "step": null, "ts": 1638978187.0236704}]}, "version": 80}
{"obj": {"type": "LogStrings", "path": ["monitoring", "stderr"], "values": [{"value": "\r 11%|\u2588         | 6341/60000 [00:03<00:31, 1677.74it/s]", "step": null, "ts": 1638978187.1239135}]}, "version": 81}
{"obj": {"type": "LogStrings", "path": ["monitoring", "stderr"], "values": [{"value": "\r 11%|\u2588         | 6510/60000 [00:03<00:31, 1679.19it/s]", "step": null, "ts": 1638978187.2243638}]}, "version": 82}
{"obj": {"type": "LogStrings", "path": ["monitoring", "stderr"], "values": [{"value": "\r 11%|\u2588         | 6678/60000 [00:03<00:32, 1634.00it/s]", "step": null, "ts": 1638978187.3337038}]}, "version": 83}
{"obj": {"type": "LogFloats", "path": ["monitoring", "cpu"], "values": [{"value": 12.7, "step": null, "ts": 1638978187.333865}]}, "version": 84}
{"obj": {"type": "LogFloats", "path": ["monitoring", "memory"], "values": [{"value": 8.759849548339844, "step": null, "ts": 1638978187.333865}]}, "version": 85}
{"obj": {"type": "LogFloats", "path": ["monitoring", "gpu_memory"], "values": [{"value": 2.6470947265625, "step": null, "ts": 1638978187.333865}]}, "version": 86}
{"obj": {"type": "LogStrings", "path": ["monitoring", "stderr"], "values": [{"value": "\r 11%|\u2588\u258f        | 6842/60000 [00:04<00:32, 1625.58it/s]", "step": null, "ts": 1638978187.4358382}]}, "version": 87}
{"obj": {"type": "LogStrings", "path": ["monitoring", "stderr"], "values": [{"value": "\r 12%|\u2588\u258f        | 7010/60000 [00:04<00:32, 1640.93it/s]", "step": null, "ts": 1638978187.5360105}]}, "version": 88}
{"obj": {"type": "LogStrings", "path": ["monitoring", "stderr"], "values": [{"value": "\r 12%|\u2588\u258f        | 7180/60000 [00:04<00:31, 1655.77it/s]", "step": null, "ts": 1638978187.6364794}]}, "version": 89}
{"obj": {"type": "LogStrings", "path": ["monitoring", "stderr"], "values": [{"value": "\r 12%|\u2588\u258f        | 7346/60000 [00:04<00:31, 1651.61it/s]", "step": null, "ts": 1638978187.7376006}]}, "version": 90}
{"obj": {"type": "LogStrings", "path": ["monitoring", "stderr"], "values": [{"value": "\r 13%|\u2588\u258e        | 7513/60000 [00:04<00:31, 1656.29it/s]", "step": null, "ts": 1638978187.837748}]}, "version": 91}
{"obj": {"type": "LogStrings", "path": ["monitoring", "stderr"], "values": [{"value": "\r 13%|\u2588\u258e        | 7681/60000 [00:04<00:31, 1661.16it/s]", "step": null, "ts": 1638978187.9382403}]}, "version": 92}
{"obj": {"type": "LogStrings", "path": ["monitoring", "stderr"], "values": [{"value": "\r 13%|\u2588\u258e        | 7848/60000 [00:04<00:32, 1617.08it/s]", "step": null, "ts": 1638978188.0479069}]}, "version": 93}
{"obj": {"type": "LogStrings", "path": ["monitoring", "stderr"], "values": [{"value": "\r 13%|\u2588\u258e        | 8010/60000 [00:04<00:47, 1105.03it/s]", "step": null, "ts": 1638978188.3065004}]}, "version": 94}
{"obj": {"type": "LogStrings", "path": ["monitoring", "stderr"], "values": [{"value": "\r 14%|\u2588\u258e        | 8178/60000 [00:05<00:42, 1231.27it/s]", "step": null, "ts": 1638978188.4069884}]}, "version": 95}
{"obj": {"type": "LogStrings", "path": ["monitoring", "stderr"], "values": [{"value": "\r 14%|\u2588\u258d        | 8346/60000 [00:05<00:38, 1337.59it/s]", "step": null, "ts": 1638978188.507493}]}, "version": 96}
{"obj": {"type": "LogStrings", "path": ["monitoring", "stderr"], "values": [{"value": "\r 14%|\u2588\u258d        | 8514/60000 [00:05<00:36, 1423.51it/s]", "step": null, "ts": 1638978188.6079407}]}, "version": 97}
{"obj": {"type": "LogStrings", "path": ["monitoring", "stderr"], "values": [{"value": "\r 14%|\u2588\u258d        | 8683/60000 [00:05<00:34, 1493.80it/s]", "step": null, "ts": 1638978188.7081697}]}, "version": 98}
{"obj": {"type": "LogStrings", "path": ["monitoring", "stderr"], "values": [{"value": "\r 15%|\u2588\u258d        | 8851/60000 [00:05<00:33, 1543.69it/s]", "step": null, "ts": 1638978188.808526}]}, "version": 99}
{"obj": {"type": "LogStrings", "path": ["monitoring", "stderr"], "values": [{"value": "\r 15%|\u2588\u258c        | 9019/60000 [00:05<00:32, 1580.80it/s]", "step": null, "ts": 1638978188.9088516}]}, "version": 100}
{"obj": {"type": "LogStrings", "path": ["monitoring", "stderr"], "values": [{"value": "\r 15%|\u2588\u258c        | 9183/60000 [00:05<00:32, 1562.93it/s]", "step": null, "ts": 1638978189.0166454}]}, "version": 101}
{"obj": {"type": "LogStrings", "path": ["monitoring", "stderr"], "values": [{"value": "\r 16%|\u2588\u258c        | 9349/60000 [00:05<00:31, 1588.87it/s]", "step": null, "ts": 1638978189.1170511}]}, "version": 102}
{"obj": {"type": "LogStrings", "path": ["monitoring", "stderr"], "values": [{"value": "\r 16%|\u2588\u258c        | 9514/60000 [00:05<00:31, 1606.55it/s]", "step": null, "ts": 1638978189.2170718}]}, "version": 103}
{"obj": {"type": "LogStrings", "path": ["monitoring", "stderr"], "values": [{"value": "\r 16%|\u2588\u258c        | 9681/60000 [00:05<00:30, 1624.48it/s]", "step": null, "ts": 1638978189.3171868}]}, "version": 104}
{"obj": {"type": "LogStrings", "path": ["monitoring", "stderr"], "values": [{"value": "\r 16%|\u2588\u258b        | 9845/60000 [00:06<00:31, 1594.78it/s]", "step": null, "ts": 1638978189.4244835}]}, "version": 105}
{"obj": {"type": "LogStrings", "path": ["monitoring", "stderr"], "values": [{"value": "\r 17%|\u2588\u258b        | 10011/60000 [00:06<00:30, 1613.30it/s]", "step": null, "ts": 1638978189.5245814}]}, "version": 106}
{"obj": {"type": "LogStrings", "path": ["monitoring", "stderr"], "values": [{"value": "\r 17%|\u2588\u258b        | 10178/60000 [00:06<00:30, 1628.11it/s]", "step": null, "ts": 1638978189.6249793}]}, "version": 107}
{"obj": {"type": "LogStrings", "path": ["monitoring", "stderr"], "values": [{"value": "\r 17%|\u2588\u258b        | 10342/60000 [00:06<00:31, 1598.16it/s]", "step": null, "ts": 1638978189.732085}]}, "version": 108}
{"obj": {"type": "LogStrings", "path": ["monitoring", "stderr"], "values": [{"value": "\r 18%|\u2588\u258a        | 10509/60000 [00:06<00:30, 1618.47it/s]", "step": null, "ts": 1638978189.8328536}]}, "version": 109}
{"obj": {"type": "LogStrings", "path": ["monitoring", "stderr"], "values": [{"value": "\r 18%|\u2588\u258a        | 10674/60000 [00:06<00:30, 1626.10it/s]", "step": null, "ts": 1638978189.9325747}]}, "version": 110}
{"obj": {"type": "LogStrings", "path": ["monitoring", "stderr"], "values": [{"value": "\r 18%|\u2588\u258a        | 10841/60000 [00:06<00:30, 1636.91it/s]", "step": null, "ts": 1638978190.0330162}]}, "version": 111}
{"obj": {"type": "LogStrings", "path": ["monitoring", "stderr"], "values": [{"value": "\r 18%|\u2588\u258a        | 11008/60000 [00:06<00:29, 1645.09it/s]", "step": null, "ts": 1638978190.1333578}]}, "version": 112}
{"obj": {"type": "LogStrings", "path": ["monitoring", "stderr"], "values": [{"value": "\r 19%|\u2588\u258a        | 11178/60000 [00:06<00:29, 1659.98it/s]", "step": null, "ts": 1638978190.2336879}]}, "version": 113}
{"obj": {"type": "LogStrings", "path": ["monitoring", "stderr"], "values": [{"value": "\r 19%|\u2588\u2589        | 11347/60000 [00:06<00:29, 1667.33it/s]", "step": null, "ts": 1638978190.3340325}]}, "version": 114}
{"obj": {"type": "LogStrings", "path": ["monitoring", "stderr"], "values": [{"value": "\r 19%|\u2588\u2589        | 11514/60000 [00:07<00:29, 1620.59it/s]", "step": null, "ts": 1638978190.443871}]}, "version": 115}
{"obj": {"type": "LogStrings", "path": ["monitoring", "stderr"], "values": [{"value": "\r 19%|\u2588\u2589        | 11683/60000 [00:07<00:29, 1640.53it/s]", "step": null, "ts": 1638978190.5439465}]}, "version": 116}
{"obj": {"type": "LogStrings", "path": ["monitoring", "stderr"], "values": [{"value": "\r 20%|\u2588\u2589        | 11854/60000 [00:07<00:29, 1659.30it/s]", "step": null, "ts": 1638978190.644288}]}, "version": 117}
{"obj": {"type": "LogStrings", "path": ["monitoring", "stderr"], "values": [{"value": "\r 20%|\u2588\u2588        | 12023/60000 [00:07<00:28, 1667.11it/s]", "step": null, "ts": 1638978190.7445586}]}, "version": 118}
{"obj": {"type": "LogStrings", "path": ["monitoring", "stderr"], "values": [{"value": "\r 20%|\u2588\u2588        | 12193/60000 [00:07<00:28, 1675.17it/s]", "step": null, "ts": 1638978190.844883}]}, "version": 119}
{"obj": {"type": "LogStrings", "path": ["monitoring", "stderr"], "values": [{"value": "\r 21%|\u2588\u2588        | 12364/60000 [00:07<00:28, 1683.58it/s]", "step": null, "ts": 1638978190.9452598}]}, "version": 120}
{"obj": {"type": "LogStrings", "path": ["monitoring", "stderr"], "values": [{"value": "\r 21%|\u2588\u2588        | 12534/60000 [00:07<00:28, 1685.85it/s]", "step": null, "ts": 1638978191.0458193}]}, "version": 121}
{"obj": {"type": "LogStrings", "path": ["monitoring", "stderr"], "values": [{"value": "\r 21%|\u2588\u2588        | 12703/60000 [00:07<00:28, 1638.11it/s]", "step": null, "ts": 1638978191.1558747}]}, "version": 122}
{"obj": {"type": "LogStrings", "path": ["monitoring", "stderr"], "values": [{"value": "\r 21%|\u2588\u2588\u258f       | 12874/60000 [00:07<00:28, 1656.61it/s]", "step": null, "ts": 1638978191.25637}]}, "version": 123}
{"obj": {"type": "LogStrings", "path": ["monitoring", "stderr"], "values": [{"value": "\r 22%|\u2588\u2588\u258f       | 13043/60000 [00:07<00:28, 1666.26it/s]", "step": null, "ts": 1638978191.3563757}]}, "version": 124}
{"obj": {"type": "LogStrings", "path": ["monitoring", "stderr"], "values": [{"value": "\r 22%|\u2588\u2588\u258f       | 13213/60000 [00:08<00:27, 1674.02it/s]", "step": null, "ts": 1638978191.4568124}]}, "version": 125}
{"obj": {"type": "LogStrings", "path": ["monitoring", "stderr"], "values": [{"value": "\r 22%|\u2588\u2588\u258f       | 13383/60000 [00:08<00:27, 1678.90it/s]", "step": null, "ts": 1638978191.5573752}]}, "version": 126}
{"obj": {"type": "LogStrings", "path": ["monitoring", "stderr"], "values": [{"value": "\r 23%|\u2588\u2588\u258e       | 13553/60000 [00:08<00:27, 1685.10it/s]", "step": null, "ts": 1638978191.657387}]}, "version": 127}
{"obj": {"type": "LogStrings", "path": ["monitoring", "stderr"], "values": [{"value": "\r 23%|\u2588\u2588\u258e       | 13723/60000 [00:08<00:27, 1687.27it/s]", "step": null, "ts": 1638978191.7578351}]}, "version": 128}
{"obj": {"type": "LogStrings", "path": ["monitoring", "stderr"], "values": [{"value": "\r 23%|\u2588\u2588\u258e       | 13892/60000 [00:08<00:27, 1646.92it/s]", "step": null, "ts": 1638978191.866242}]}, "version": 129}
{"obj": {"type": "LogStrings", "path": ["monitoring", "stderr"], "values": [{"value": "\r 23%|\u2588\u2588\u258e       | 14063/60000 [00:08<00:27, 1662.93it/s]", "step": null, "ts": 1638978191.966754}]}, "version": 130}
{"obj": {"type": "LogStrings", "path": ["monitoring", "stderr"], "values": [{"value": "\r 24%|\u2588\u2588\u258e       | 14233/60000 [00:08<00:27, 1671.48it/s]", "step": null, "ts": 1638978192.0672596}]}, "version": 131}
{"obj": {"type": "LogStrings", "path": ["monitoring", "stderr"], "values": [{"value": "\r 24%|\u2588\u2588\u258d       | 14403/60000 [00:08<00:27, 1677.30it/s]", "step": null, "ts": 1638978192.16775}]}, "version": 132}
{"obj": {"type": "LogStrings", "path": ["monitoring", "stderr"], "values": [{"value": "\r 24%|\u2588\u2588\u258d       | 14574/60000 [00:08<00:26, 1685.04it/s]", "step": null, "ts": 1638978192.268184}]}, "version": 133}
{"obj": {"type": "LogStrings", "path": ["monitoring", "stderr"], "values": [{"value": "\r 25%|\u2588\u2588\u258d       | 14743/60000 [00:09<00:26, 1685.95it/s]", "step": null, "ts": 1638978192.3682804}]}, "version": 134}
{"obj": {"type": "LogStrings", "path": ["monitoring", "stderr"], "values": [{"value": "\r 25%|\u2588\u2588\u258d       | 14913/60000 [00:09<00:26, 1687.98it/s]", "step": null, "ts": 1638978192.4686964}]}, "version": 135}
{"obj": {"type": "LogStrings", "path": ["monitoring", "stderr"], "values": [{"value": "\r 25%|\u2588\u2588\u258c       | 15082/60000 [00:09<00:27, 1645.11it/s]", "step": null, "ts": 1638978192.5775807}]}, "version": 136}
{"obj": {"type": "LogStrings", "path": ["monitoring", "stderr"], "values": [{"value": "\r 25%|\u2588\u2588\u258c       | 15252/60000 [00:09<00:26, 1661.20it/s]", "step": null, "ts": 1638978192.6775668}]}, "version": 137}
{"obj": {"type": "LogStrings", "path": ["monitoring", "stderr"], "values": [{"value": "\r 26%|\u2588\u2588\u258c       | 15421/60000 [00:09<00:26, 1669.10it/s]", "step": null, "ts": 1638978192.7777092}]}, "version": 138}
{"obj": {"type": "LogStrings", "path": ["monitoring", "stderr"], "values": [{"value": "\r 26%|\u2588\u2588\u258c       | 15592/60000 [00:09<00:26, 1679.54it/s]", "step": null, "ts": 1638978192.8780289}]}, "version": 139}
{"obj": {"type": "LogStrings", "path": ["monitoring", "stderr"], "values": [{"value": "\r 26%|\u2588\u2588\u258b       | 15765/60000 [00:09<00:26, 1692.93it/s]", "step": null, "ts": 1638978192.9783473}]}, "version": 140}
{"obj": {"type": "LogStrings", "path": ["monitoring", "stderr"], "values": [{"value": "\r 27%|\u2588\u2588\u258b       | 15937/60000 [00:09<00:25, 1699.03it/s]", "step": null, "ts": 1638978193.0787375}]}, "version": 141}
{"obj": {"type": "LogStrings", "path": ["monitoring", "stderr"], "values": [{"value": "\r 27%|\u2588\u2588\u258b       | 16109/60000 [00:09<00:25, 1703.93it/s]", "step": null, "ts": 1638978193.1789985}]}, "version": 142}
{"obj": {"type": "LogStrings", "path": ["monitoring", "stderr"], "values": [{"value": "\r 27%|\u2588\u2588\u258b       | 16282/60000 [00:09<00:26, 1664.96it/s]", "step": null, "ts": 1638978193.2884395}]}, "version": 143}
{"obj": {"type": "LogStrings", "path": ["monitoring", "stderr"], "values": [{"value": "\r 27%|\u2588\u2588\u258b       | 16454/60000 [00:10<00:25, 1679.94it/s]", "step": null, "ts": 1638978193.3886669}]}, "version": 144}
{"obj": {"type": "LogStrings", "path": ["monitoring", "stderr"], "values": [{"value": "\r 28%|\u2588\u2588\u258a       | 16625/60000 [00:10<00:25, 1687.79it/s]", "step": null, "ts": 1638978193.4888573}]}, "version": 145}
{"obj": {"type": "LogStrings", "path": ["monitoring", "stderr"], "values": [{"value": "\r 28%|\u2588\u2588\u258a       | 16797/60000 [00:10<00:25, 1695.08it/s]", "step": null, "ts": 1638978193.5893025}]}, "version": 146}
{"obj": {"type": "LogStrings", "path": ["monitoring", "stderr"], "values": [{"value": "\r 28%|\u2588\u2588\u258a       | 16970/60000 [00:10<00:25, 1704.76it/s]", "step": null, "ts": 1638978193.689438}]}, "version": 147}
{"obj": {"type": "LogStrings", "path": ["monitoring", "stderr"], "values": [{"value": "\r 29%|\u2588\u2588\u258a       | 17142/60000 [00:10<00:25, 1706.66it/s]", "step": null, "ts": 1638978193.7899594}]}, "version": 148}
{"obj": {"type": "LogStrings", "path": ["monitoring", "stderr"], "values": [{"value": "\r 29%|\u2588\u2588\u2589       | 17314/60000 [00:10<00:24, 1708.99it/s]", "step": null, "ts": 1638978193.890281}]}, "version": 149}
{"obj": {"type": "LogStrings", "path": ["monitoring", "stderr"], "values": [{"value": "\r 29%|\u2588\u2588\u2589       | 17485/60000 [00:10<00:25, 1669.15it/s]", "step": null, "ts": 1638978193.9983616}]}, "version": 150}
{"obj": {"type": "LogStrings", "path": ["monitoring", "stderr"], "values": [{"value": "\r 29%|\u2588\u2588\u2589       | 17658/60000 [00:10<00:25, 1685.12it/s]", "step": null, "ts": 1638978194.0988314}]}, "version": 151}
{"obj": {"type": "LogStrings", "path": ["monitoring", "stderr"], "values": [{"value": "\r 30%|\u2588\u2588\u2589       | 17829/60000 [00:10<00:24, 1691.99it/s]", "step": null, "ts": 1638978194.1989093}]}, "version": 152}
{"obj": {"type": "LogStrings", "path": ["monitoring", "stderr"], "values": [{"value": "\r 30%|\u2588\u2588\u2588       | 18001/60000 [00:10<00:24, 1697.49it/s]", "step": null, "ts": 1638978194.2994604}]}, "version": 153}
{"obj": {"type": "LogStrings", "path": ["monitoring", "stderr"], "values": [{"value": "\r 30%|\u2588\u2588\u2588       | 18174/60000 [00:11<00:24, 1706.28it/s]", "step": null, "ts": 1638978194.3996022}]}, "version": 154}
{"obj": {"type": "LogStrings", "path": ["monitoring", "stderr"], "values": [{"value": "\r 31%|\u2588\u2588\u2588       | 18347/60000 [00:11<00:24, 1710.77it/s]", "step": null, "ts": 1638978194.5000868}]}, "version": 155}
{"obj": {"type": "LogStrings", "path": ["monitoring", "stderr"], "values": [{"value": "\r 31%|\u2588\u2588\u2588       | 18519/60000 [00:11<00:24, 1713.36it/s]", "step": null, "ts": 1638978194.600117}]}, "version": 156}
{"obj": {"type": "LogStrings", "path": ["monitoring", "stderr"], "values": [{"value": "\r 31%|\u2588\u2588\u2588       | 18691/60000 [00:11<00:24, 1668.02it/s]", "step": null, "ts": 1638978194.709658}]}, "version": 157}
{"obj": {"type": "LogStrings", "path": ["monitoring", "stderr"], "values": [{"value": "\r 31%|\u2588\u2588\u2588\u258f      | 18864/60000 [00:11<00:24, 1683.87it/s]", "step": null, "ts": 1638978194.810121}]}, "version": 158}
{"obj": {"type": "LogStrings", "path": ["monitoring", "stderr"], "values": [{"value": "\r 32%|\u2588\u2588\u2588\u258f      | 19033/60000 [00:11<00:24, 1665.12it/s]", "step": null, "ts": 1638978194.9142964}]}, "version": 159}
{"obj": {"type": "LogStrings", "path": ["monitoring", "stderr"], "values": [{"value": "\r 32%|\u2588\u2588\u2588\u258f      | 19206/60000 [00:11<00:24, 1684.14it/s]", "step": null, "ts": 1638978195.0142877}]}, "version": 160}
{"obj": {"type": "LogStrings", "path": ["monitoring", "stderr"], "values": [{"value": "\r 32%|\u2588\u2588\u2588\u258f      | 19379/60000 [00:11<00:23, 1696.16it/s]", "step": null, "ts": 1638978195.1146169}]}, "version": 161}
{"obj": {"type": "LogStrings", "path": ["monitoring", "stderr"], "values": [{"value": "\r 33%|\u2588\u2588\u2588\u258e      | 19552/60000 [00:11<00:23, 1703.77it/s]", "step": null, "ts": 1638978195.2150705}]}, "version": 162}
{"obj": {"type": "LogStrings", "path": ["monitoring", "stderr"], "values": [{"value": "\r 33%|\u2588\u2588\u2588\u258e      | 19723/60000 [00:11<00:23, 1704.90it/s]", "step": null, "ts": 1638978195.3154683}]}, "version": 163}
{"obj": {"type": "LogStrings", "path": ["monitoring", "stderr"], "values": [{"value": "\r 33%|\u2588\u2588\u2588\u258e      | 19894/60000 [00:12<00:24, 1660.38it/s]", "step": null, "ts": 1638978195.4245486}]}, "version": 164}
{"obj": {"type": "LogStrings", "path": ["monitoring", "stderr"], "values": [{"value": "\r 33%|\u2588\u2588\u2588\u258e      | 20067/60000 [00:12<00:23, 1679.45it/s]", "step": null, "ts": 1638978195.524808}]}, "version": 165}
{"obj": {"type": "LogStrings", "path": ["monitoring", "stderr"], "values": [{"value": "\r 34%|\u2588\u2588\u2588\u258e      | 20239/60000 [00:12<00:23, 1689.63it/s]", "step": null, "ts": 1638978195.6251562}]}, "version": 166}
{"obj": {"type": "LogStrings", "path": ["monitoring", "stderr"], "values": [{"value": "\r 34%|\u2588\u2588\u2588\u258d      | 20411/60000 [00:12<00:23, 1697.73it/s]", "step": null, "ts": 1638978195.7253268}]}, "version": 167}
{"obj": {"type": "LogStrings", "path": ["monitoring", "stderr"], "values": [{"value": "\r 34%|\u2588\u2588\u2588\u258d      | 20583/60000 [00:12<00:23, 1702.58it/s]", "step": null, "ts": 1638978195.825681}]}, "version": 168}
{"obj": {"type": "LogStrings", "path": ["monitoring", "stderr"], "values": [{"value": "\r 35%|\u2588\u2588\u2588\u258d      | 20756/60000 [00:12<00:22, 1710.70it/s]", "step": null, "ts": 1638978195.9256902}]}, "version": 169}
{"obj": {"type": "LogStrings", "path": ["monitoring", "stderr"], "values": [{"value": "\r 35%|\u2588\u2588\u2588\u258d      | 20928/60000 [00:12<00:22, 1713.33it/s]", "step": null, "ts": 1638978196.0257144}]}, "version": 170}
{"obj": {"type": "LogStrings", "path": ["monitoring", "stderr"], "values": [{"value": "\r 35%|\u2588\u2588\u2588\u258c      | 21100/60000 [00:12<00:23, 1672.97it/s]", "step": null, "ts": 1638978196.1342099}]}, "version": 171}
{"obj": {"type": "LogStrings", "path": ["monitoring", "stderr"], "values": [{"value": "\r 35%|\u2588\u2588\u2588\u258c      | 21268/60000 [00:13<00:43, 892.09it/s] ", "step": null, "ts": 1638978196.532787}]}, "version": 172}
{"obj": {"type": "LogStrings", "path": ["monitoring", "stderr"], "values": [{"value": "\r 36%|\u2588\u2588\u2588\u258c      | 21439/60000 [00:13<00:37, 1041.31it/s]", "step": null, "ts": 1638978196.6328974}]}, "version": 173}
{"obj": {"type": "LogStrings", "path": ["monitoring", "stderr"], "values": [{"value": "\r 36%|\u2588\u2588\u2588\u258c      | 21611/60000 [00:13<00:32, 1181.01it/s]", "step": null, "ts": 1638978196.7332373}]}, "version": 174}
{"obj": {"type": "LogStrings", "path": ["monitoring", "stderr"], "values": [{"value": "\r 36%|\u2588\u2588\u2588\u258b      | 21783/60000 [00:13<00:29, 1302.77it/s]", "step": null, "ts": 1638978196.8336148}]}, "version": 175}
{"obj": {"type": "LogStrings", "path": ["monitoring", "stderr"], "values": [{"value": "\r 37%|\u2588\u2588\u2588\u258b      | 21953/60000 [00:13<00:27, 1399.19it/s]", "step": null, "ts": 1638978196.9339564}]}, "version": 176}
{"obj": {"type": "LogStrings", "path": ["monitoring", "stderr"], "values": [{"value": "\r 37%|\u2588\u2588\u2588\u258b      | 22125/60000 [00:13<00:25, 1481.72it/s]", "step": null, "ts": 1638978197.034136}]}, "version": 177}
{"obj": {"type": "LogStrings", "path": ["monitoring", "stderr"], "values": [{"value": "\r 37%|\u2588\u2588\u2588\u258b      | 22297/60000 [00:13<00:24, 1545.00it/s]", "step": null, "ts": 1638978197.134409}]}, "version": 178}
{"obj": {"type": "LogStrings", "path": ["monitoring", "stderr"], "values": [{"value": "\r 37%|\u2588\u2588\u2588\u258b      | 22464/60000 [00:13<00:24, 1552.62it/s]", "step": null, "ts": 1638978197.2408047}]}, "version": 179}
{"obj": {"type": "LogStrings", "path": ["monitoring", "stderr"], "values": [{"value": "\r 38%|\u2588\u2588\u2588\u258a      | 22634/60000 [00:13<00:23, 1591.74it/s]", "step": null, "ts": 1638978197.3413222}]}, "version": 180}
{"obj": {"type": "LogStrings", "path": ["monitoring", "stderr"], "values": [{"value": "\r 38%|\u2588\u2588\u2588\u258a      | 22803/60000 [00:14<00:22, 1619.38it/s]", "step": null, "ts": 1638978197.441427}]}, "version": 181}
{"obj": {"type": "LogFloats", "path": ["monitoring", "cpu"], "values": [{"value": 12.6, "step": null, "ts": 1638978197.4086435}]}, "version": 182}
{"obj": {"type": "LogFloats", "path": ["monitoring", "memory"], "values": [{"value": 8.890621185302734, "step": null, "ts": 1638978197.4086435}]}, "version": 183}
{"obj": {"type": "LogFloats", "path": ["monitoring", "gpu_memory"], "values": [{"value": 2.6470947265625, "step": null, "ts": 1638978197.4086435}]}, "version": 184}
{"obj": {"type": "LogStrings", "path": ["monitoring", "stderr"], "values": [{"value": "\r 38%|\u2588\u2588\u2588\u258a      | 22973/60000 [00:14<00:22, 1636.67it/s]", "step": null, "ts": 1638978197.5427432}]}, "version": 185}
{"obj": {"type": "LogStrings", "path": ["monitoring", "stderr"], "values": [{"value": "\r 39%|\u2588\u2588\u2588\u258a      | 23146/60000 [00:14<00:22, 1661.63it/s]", "step": null, "ts": 1638978197.6431746}]}, "version": 186}
{"obj": {"type": "LogStrings", "path": ["monitoring", "stderr"], "values": [{"value": "\r 39%|\u2588\u2588\u2588\u2589      | 23317/60000 [00:14<00:21, 1673.30it/s]", "step": null, "ts": 1638978197.743712}]}, "version": 187}
{"obj": {"type": "LogStrings", "path": ["monitoring", "stderr"], "values": [{"value": "\r 39%|\u2588\u2588\u2588\u2589      | 23488/60000 [00:14<00:21, 1682.09it/s]", "step": null, "ts": 1638978197.8441114}]}, "version": 188}
{"obj": {"type": "LogStrings", "path": ["monitoring", "stderr"], "values": [{"value": "\r 39%|\u2588\u2588\u2588\u2589      | 23658/60000 [00:14<00:22, 1634.20it/s]", "step": null, "ts": 1638978197.9550889}]}, "version": 189}
{"obj": {"type": "LogStrings", "path": ["monitoring", "stderr"], "values": [{"value": "\r 40%|\u2588\u2588\u2588\u2589      | 23830/60000 [00:14<00:21, 1658.71it/s]", "step": null, "ts": 1638978198.0551648}]}, "version": 190}
{"obj": {"type": "LogStrings", "path": ["monitoring", "stderr"], "values": [{"value": "\r 40%|\u2588\u2588\u2588\u2588      | 24001/60000 [00:14<00:21, 1673.01it/s]", "step": null, "ts": 1638978198.1553156}]}, "version": 191}
{"obj": {"type": "LogStrings", "path": ["monitoring", "stderr"], "values": [{"value": "\r 40%|\u2588\u2588\u2588\u2588      | 24169/60000 [00:14<00:21, 1666.79it/s]", "step": null, "ts": 1638978198.257011}]}, "version": 192}
{"obj": {"type": "LogStrings", "path": ["monitoring", "stderr"], "values": [{"value": "\r 41%|\u2588\u2588\u2588\u2588      | 24341/60000 [00:14<00:21, 1681.49it/s]", "step": null, "ts": 1638978198.3571806}]}, "version": 193}
{"obj": {"type": "LogStrings", "path": ["monitoring", "stderr"], "values": [{"value": "\r 41%|\u2588\u2588\u2588\u2588      | 24512/60000 [00:15<00:21, 1688.73it/s]", "step": null, "ts": 1638978198.4574099}]}, "version": 194}
{"obj": {"type": "LogStrings", "path": ["monitoring", "stderr"], "values": [{"value": "\r 41%|\u2588\u2588\u2588\u2588      | 24684/60000 [00:15<00:20, 1695.15it/s]", "step": null, "ts": 1638978198.5579784}]}, "version": 195}
{"obj": {"type": "LogStrings", "path": ["monitoring", "stderr"], "values": [{"value": "\r 41%|\u2588\u2588\u2588\u2588\u258f     | 24854/60000 [00:15<00:21, 1657.00it/s]", "step": null, "ts": 1638978198.6660337}]}, "version": 196}
{"obj": {"type": "LogStrings", "path": ["monitoring", "stderr"], "values": [{"value": "\r 42%|\u2588\u2588\u2588\u2588\u258f     | 25024/60000 [00:15<00:20, 1669.03it/s]", "step": null, "ts": 1638978198.766159}]}, "version": 197}
{"obj": {"type": "LogStrings", "path": ["monitoring", "stderr"], "values": [{"value": "\r 42%|\u2588\u2588\u2588\u2588\u258f     | 25195/60000 [00:15<00:20, 1680.17it/s]", "step": null, "ts": 1638978198.8663483}]}, "version": 198}
{"obj": {"type": "LogStrings", "path": ["monitoring", "stderr"], "values": [{"value": "\r 42%|\u2588\u2588\u2588\u2588\u258f     | 25365/60000 [00:15<00:20, 1685.87it/s]", "step": null, "ts": 1638978198.9664047}]}, "version": 199}
{"obj": {"type": "LogStrings", "path": ["monitoring", "stderr"], "values": [{"value": "\r 43%|\u2588\u2588\u2588\u2588\u258e     | 25537/60000 [00:15<00:20, 1694.24it/s]", "step": null, "ts": 1638978199.0667331}]}, "version": 200}
{"obj": {"type": "LogStrings", "path": ["monitoring", "stderr"], "values": [{"value": "\r 43%|\u2588\u2588\u2588\u2588\u258e     | 25707/60000 [00:15<00:20, 1678.25it/s]", "step": null, "ts": 1638978199.1702743}]}, "version": 201}
{"obj": {"type": "LogStrings", "path": ["monitoring", "stderr"], "values": [{"value": "\r 43%|\u2588\u2588\u2588\u2588\u258e     | 25878/60000 [00:15<00:20, 1687.63it/s]", "step": null, "ts": 1638978199.2702777}]}, "version": 202}
{"obj": {"type": "LogStrings", "path": ["monitoring", "stderr"], "values": [{"value": "\r 43%|\u2588\u2588\u2588\u2588\u258e     | 26047/60000 [00:16<00:20, 1653.78it/s]", "step": null, "ts": 1638978199.377336}]}, "version": 203}
{"obj": {"type": "LogStrings", "path": ["monitoring", "stderr"], "values": [{"value": "\r 44%|\u2588\u2588\u2588\u2588\u258e     | 26219/60000 [00:16<00:20, 1671.35it/s]", "step": null, "ts": 1638978199.4777145}]}, "version": 204}
{"obj": {"type": "LogStrings", "path": ["monitoring", "stderr"], "values": [{"value": "\r 44%|\u2588\u2588\u2588\u2588\u258d     | 26391/60000 [00:16<00:19, 1684.44it/s]", "step": null, "ts": 1638978199.5779445}]}, "version": 205}
{"obj": {"type": "LogStrings", "path": ["monitoring", "stderr"], "values": [{"value": "\r 44%|\u2588\u2588\u2588\u2588\u258d     | 26564/60000 [00:16<00:19, 1696.21it/s]", "step": null, "ts": 1638978199.6782806}]}, "version": 206}
{"obj": {"type": "LogStrings", "path": ["monitoring", "stderr"], "values": [{"value": "\r 45%|\u2588\u2588\u2588\u2588\u258d     | 26736/60000 [00:16<00:19, 1702.30it/s]", "step": null, "ts": 1638978199.778492}]}, "version": 207}
{"obj": {"type": "LogStrings", "path": ["monitoring", "stderr"], "values": [{"value": "\r 45%|\u2588\u2588\u2588\u2588\u258d     | 26908/60000 [00:16<00:19, 1707.00it/s]", "step": null, "ts": 1638978199.8786027}]}, "version": 208}
{"obj": {"type": "LogStrings", "path": ["monitoring", "stderr"], "values": [{"value": "\r 45%|\u2588\u2588\u2588\u2588\u258c     | 27081/60000 [00:16<00:19, 1710.94it/s]", "step": null, "ts": 1638978199.979167}]}, "version": 209}
{"obj": {"type": "LogStrings", "path": ["monitoring", "stderr"], "values": [{"value": "\r 45%|\u2588\u2588\u2588\u2588\u258c     | 27253/60000 [00:16<00:19, 1672.74it/s]", "step": null, "ts": 1638978200.0873876}]}, "version": 210}
{"obj": {"type": "LogStrings", "path": ["monitoring", "stderr"], "values": [{"value": "\r 46%|\u2588\u2588\u2588\u2588\u258c     | 27425/60000 [00:16<00:19, 1685.97it/s]", "step": null, "ts": 1638978200.1875086}]}, "version": 211}
{"obj": {"type": "LogStrings", "path": ["monitoring", "stderr"], "values": [{"value": "\r 46%|\u2588\u2588\u2588\u2588\u258c     | 27597/60000 [00:16<00:19, 1695.12it/s]", "step": null, "ts": 1638978200.2876859}]}, "version": 212}
{"obj": {"type": "LogStrings", "path": ["monitoring", "stderr"], "values": [{"value": "\r 46%|\u2588\u2588\u2588\u2588\u258b     | 27767/60000 [00:17<00:19, 1665.63it/s]", "step": null, "ts": 1638978200.3939538}]}, "version": 213}
{"obj": {"type": "LogStrings", "path": ["monitoring", "stderr"], "values": [{"value": "\r 47%|\u2588\u2588\u2588\u2588\u258b     | 27940/60000 [00:17<00:19, 1681.99it/s]", "step": null, "ts": 1638978200.4944832}]}, "version": 214}
{"obj": {"type": "LogStrings", "path": ["monitoring", "stderr"], "values": [{"value": "\r 47%|\u2588\u2588\u2588\u2588\u258b     | 28113/60000 [00:17<00:18, 1694.25it/s]", "step": null, "ts": 1638978200.5948572}]}, "version": 215}
{"obj": {"type": "LogStrings", "path": ["monitoring", "stderr"], "values": [{"value": "\r 47%|\u2588\u2588\u2588\u2588\u258b     | 28287/60000 [00:17<00:18, 1705.98it/s]", "step": null, "ts": 1638978200.6952095}]}, "version": 216}
{"obj": {"type": "LogStrings", "path": ["monitoring", "stderr"], "values": [{"value": "\r 47%|\u2588\u2588\u2588\u2588\u258b     | 28458/60000 [00:17<00:18, 1667.98it/s]", "step": null, "ts": 1638978200.8031538}]}, "version": 217}
{"obj": {"type": "LogStrings", "path": ["monitoring", "stderr"], "values": [{"value": "\r 48%|\u2588\u2588\u2588\u2588\u258a     | 28627/60000 [00:17<00:18, 1672.60it/s]", "step": null, "ts": 1638978200.9035485}]}, "version": 218}
{"obj": {"type": "LogStrings", "path": ["monitoring", "stderr"], "values": [{"value": "\r 48%|\u2588\u2588\u2588\u2588\u258a     | 28798/60000 [00:17<00:18, 1681.12it/s]", "step": null, "ts": 1638978201.0040472}]}, "version": 219}
{"obj": {"type": "LogStrings", "path": ["monitoring", "stderr"], "values": [{"value": "\r 48%|\u2588\u2588\u2588\u2588\u258a     | 28969/60000 [00:17<00:18, 1687.75it/s]", "step": null, "ts": 1638978201.1044192}]}, "version": 220}
{"obj": {"type": "LogStrings", "path": ["monitoring", "stderr"], "values": [{"value": "\r 49%|\u2588\u2588\u2588\u2588\u258a     | 29141/60000 [00:17<00:18, 1696.43it/s]", "step": null, "ts": 1638978201.2045887}]}, "version": 221}
{"obj": {"type": "LogStrings", "path": ["monitoring", "stderr"], "values": [{"value": "\r 49%|\u2588\u2588\u2588\u2588\u2589     | 29311/60000 [00:17<00:18, 1696.60it/s]", "step": null, "ts": 1638978201.3047616}]}, "version": 222}
{"obj": {"type": "LogStrings", "path": ["monitoring", "stderr"], "values": [{"value": "\r 49%|\u2588\u2588\u2588\u2588\u2589     | 29482/60000 [00:18<00:17, 1699.92it/s]", "step": null, "ts": 1638978201.4049299}]}, "version": 223}
{"obj": {"type": "LogStrings", "path": ["monitoring", "stderr"], "values": [{"value": "\r 49%|\u2588\u2588\u2588\u2588\u2589     | 29653/60000 [00:18<00:18, 1645.49it/s]", "step": null, "ts": 1638978201.5166662}]}, "version": 224}
{"obj": {"type": "LogStrings", "path": ["monitoring", "stderr"], "values": [{"value": "\r 50%|\u2588\u2588\u2588\u2588\u2589     | 29824/60000 [00:18<00:18, 1663.15it/s]", "step": null, "ts": 1638978201.616884}]}, "version": 225}
{"obj": {"type": "LogStrings", "path": ["monitoring", "stderr"], "values": [{"value": "\r 50%|\u2588\u2588\u2588\u2588\u2589     | 29991/60000 [00:18<00:18, 1656.18it/s]", "step": null, "ts": 1638978201.71873}]}, "version": 226}
{"obj": {"type": "LogStrings", "path": ["monitoring", "stderr"], "values": [{"value": "\r 50%|\u2588\u2588\u2588\u2588\u2588     | 30164/60000 [00:18<00:17, 1676.88it/s]", "step": null, "ts": 1638978201.8196042}]}, "version": 227}
{"obj": {"type": "LogStrings", "path": ["monitoring", "stderr"], "values": [{"value": "\r 51%|\u2588\u2588\u2588\u2588\u2588     | 30336/60000 [00:18<00:17, 1688.65it/s]", "step": null, "ts": 1638978201.91912}]}, "version": 228}
{"obj": {"type": "LogStrings", "path": ["monitoring", "stderr"], "values": [{"value": "\r 51%|\u2588\u2588\u2588\u2588\u2588     | 30509/60000 [00:18<00:17, 1698.24it/s]", "step": null, "ts": 1638978202.0196235}]}, "version": 229}
{"obj": {"type": "LogStrings", "path": ["monitoring", "stderr"], "values": [{"value": "\r 51%|\u2588\u2588\u2588\u2588\u2588     | 30681/60000 [00:18<00:17, 1704.54it/s]", "step": null, "ts": 1638978202.119643}]}, "version": 230}
{"obj": {"type": "LogStrings", "path": ["monitoring", "stderr"], "values": [{"value": "\r 51%|\u2588\u2588\u2588\u2588\u2588\u258f    | 30852/60000 [00:18<00:17, 1669.87it/s]", "step": null, "ts": 1638978202.226942}]}, "version": 231}
{"obj": {"type": "LogStrings", "path": ["monitoring", "stderr"], "values": [{"value": "\r 52%|\u2588\u2588\u2588\u2588\u2588\u258f    | 31024/60000 [00:18<00:17, 1684.24it/s]", "step": null, "ts": 1638978202.32703}]}, "version": 232}
{"obj": {"type": "LogStrings", "path": ["monitoring", "stderr"], "values": [{"value": "\r 52%|\u2588\u2588\u2588\u2588\u2588\u258f    | 31196/60000 [00:19<00:17, 1693.67it/s]", "step": null, "ts": 1638978202.4272776}]}, "version": 233}
{"obj": {"type": "LogStrings", "path": ["monitoring", "stderr"], "values": [{"value": "\r 52%|\u2588\u2588\u2588\u2588\u2588\u258f    | 31368/60000 [00:19<00:16, 1699.75it/s]", "step": null, "ts": 1638978202.5276053}]}, "version": 234}
{"obj": {"type": "LogStrings", "path": ["monitoring", "stderr"], "values": [{"value": "\r 53%|\u2588\u2588\u2588\u2588\u2588\u258e    | 31541/60000 [00:19<00:16, 1708.35it/s]", "step": null, "ts": 1638978202.6276872}]}, "version": 235}
{"obj": {"type": "LogStrings", "path": ["monitoring", "stderr"], "values": [{"value": "\r 53%|\u2588\u2588\u2588\u2588\u2588\u258e    | 31713/60000 [00:19<00:16, 1711.12it/s]", "step": null, "ts": 1638978202.7278278}]}, "version": 236}
{"obj": {"type": "LogStrings", "path": ["monitoring", "stderr"], "values": [{"value": "\r 53%|\u2588\u2588\u2588\u2588\u2588\u258e    | 31885/60000 [00:19<00:16, 1712.85it/s]", "step": null, "ts": 1638978202.8280008}]}, "version": 237}
{"obj": {"type": "LogStrings", "path": ["monitoring", "stderr"], "values": [{"value": "\r 53%|\u2588\u2588\u2588\u2588\u2588\u258e    | 32057/60000 [00:19<00:16, 1665.94it/s]", "step": null, "ts": 1638978202.937928}]}, "version": 238}
{"obj": {"type": "LogStrings", "path": ["monitoring", "stderr"], "values": [{"value": "\r 54%|\u2588\u2588\u2588\u2588\u2588\u258e    | 32228/60000 [00:19<00:16, 1676.60it/s]", "step": null, "ts": 1638978203.0383623}]}, "version": 239}
{"obj": {"type": "LogStrings", "path": ["monitoring", "stderr"], "values": [{"value": "\r 54%|\u2588\u2588\u2588\u2588\u2588\u258d    | 32399/60000 [00:19<00:16, 1684.33it/s]", "step": null, "ts": 1638978203.1387937}]}, "version": 240}
{"obj": {"type": "LogStrings", "path": ["monitoring", "stderr"], "values": [{"value": "\r 54%|\u2588\u2588\u2588\u2588\u2588\u258d    | 32570/60000 [00:19<00:16, 1690.99it/s]", "step": null, "ts": 1638978203.2389648}]}, "version": 241}
{"obj": {"type": "LogStrings", "path": ["monitoring", "stderr"], "values": [{"value": "\r 55%|\u2588\u2588\u2588\u2588\u2588\u258d    | 32742/60000 [00:19<00:16, 1698.84it/s]", "step": null, "ts": 1638978203.33912}]}, "version": 242}
{"obj": {"type": "LogStrings", "path": ["monitoring", "stderr"], "values": [{"value": "\r 55%|\u2588\u2588\u2588\u2588\u2588\u258d    | 32912/60000 [00:20<00:15, 1698.67it/s]", "step": null, "ts": 1638978203.4392252}]}, "version": 243}
{"obj": {"type": "LogStrings", "path": ["monitoring", "stderr"], "values": [{"value": "\r 55%|\u2588\u2588\u2588\u2588\u2588\u258c    | 33082/60000 [00:20<00:15, 1699.03it/s]", "step": null, "ts": 1638978203.5392308}]}, "version": 244}
{"obj": {"type": "LogStrings", "path": ["monitoring", "stderr"], "values": [{"value": "\r 55%|\u2588\u2588\u2588\u2588\u2588\u258c    | 33252/60000 [00:20<00:16, 1654.46it/s]", "step": null, "ts": 1638978203.648352}]}, "version": 245}
{"obj": {"type": "LogStrings", "path": ["monitoring", "stderr"], "values": [{"value": "\r 56%|\u2588\u2588\u2588\u2588\u2588\u258c    | 33423/60000 [00:20<00:15, 1668.51it/s]", "step": null, "ts": 1638978203.7487905}]}, "version": 246}
{"obj": {"type": "LogStrings", "path": ["monitoring", "stderr"], "values": [{"value": "\r 56%|\u2588\u2588\u2588\u2588\u2588\u258c    | 33594/60000 [00:20<00:15, 1679.68it/s]", "step": null, "ts": 1638978203.8490136}]}, "version": 247}
{"obj": {"type": "LogStrings", "path": ["monitoring", "stderr"], "values": [{"value": "\r 56%|\u2588\u2588\u2588\u2588\u2588\u258b    | 33765/60000 [00:20<00:15, 1683.78it/s]", "step": null, "ts": 1638978203.949997}]}, "version": 248}
{"obj": {"type": "LogStrings", "path": ["monitoring", "stderr"], "values": [{"value": "\r 57%|\u2588\u2588\u2588\u2588\u2588\u258b    | 33937/60000 [00:20<00:15, 1693.40it/s]", "step": null, "ts": 1638978204.050205}]}, "version": 249}
{"obj": {"type": "LogStrings", "path": ["monitoring", "stderr"], "values": [{"value": "\r 57%|\u2588\u2588\u2588\u2588\u2588\u258b    | 34108/60000 [00:20<00:15, 1697.25it/s]", "step": null, "ts": 1638978204.150421}]}, "version": 250}
{"obj": {"type": "LogStrings", "path": ["monitoring", "stderr"], "values": [{"value": "\r 57%|\u2588\u2588\u2588\u2588\u2588\u258b    | 34279/60000 [00:20<00:15, 1700.46it/s]", "step": null, "ts": 1638978204.2505612}]}, "version": 251}
{"obj": {"type": "LogStrings", "path": ["monitoring", "stderr"], "values": [{"value": "\r 57%|\u2588\u2588\u2588\u2588\u2588\u258b    | 34450/60000 [00:20<00:15, 1656.66it/s]", "step": null, "ts": 1638978204.3599956}]}, "version": 252}
{"obj": {"type": "LogStrings", "path": ["monitoring", "stderr"], "values": [{"value": "\r 58%|\u2588\u2588\u2588\u2588\u2588\u258a    | 34616/60000 [00:21<00:34, 730.22it/s] ", "step": null, "ts": 1638978204.8930488}]}, "version": 253}
{"obj": {"type": "LogStrings", "path": ["monitoring", "stderr"], "values": [{"value": "\r 58%|\u2588\u2588\u2588\u2588\u2588\u258a    | 34785/60000 [00:21<00:28, 879.52it/s]", "step": null, "ts": 1638978204.9932106}]}, "version": 254}
{"obj": {"type": "LogStrings", "path": ["monitoring", "stderr"], "values": [{"value": "\r 58%|\u2588\u2588\u2588\u2588\u2588\u258a    | 34957/60000 [00:21<00:24, 1031.53it/s]", "step": null, "ts": 1638978205.0937295}]}, "version": 255}
{"obj": {"type": "LogStrings", "path": ["monitoring", "stderr"], "values": [{"value": "\r 59%|\u2588\u2588\u2588\u2588\u2588\u258a    | 35127/60000 [00:21<00:21, 1169.06it/s]", "step": null, "ts": 1638978205.193841}]}, "version": 256}
{"obj": {"type": "LogStrings", "path": ["monitoring", "stderr"], "values": [{"value": "\r 59%|\u2588\u2588\u2588\u2588\u2588\u2589    | 35296/60000 [00:21<00:19, 1287.33it/s]", "step": null, "ts": 1638978205.293932}]}, "version": 257}
{"obj": {"type": "LogStrings", "path": ["monitoring", "stderr"], "values": [{"value": "\r 59%|\u2588\u2588\u2588\u2588\u2588\u2589    | 35467/60000 [00:22<00:17, 1390.53it/s]", "step": null, "ts": 1638978205.3940623}]}, "version": 258}
{"obj": {"type": "LogStrings", "path": ["monitoring", "stderr"], "values": [{"value": "\r 59%|\u2588\u2588\u2588\u2588\u2588\u2589    | 35640/60000 [00:22<00:16, 1476.89it/s]", "step": null, "ts": 1638978205.4945335}]}, "version": 259}
{"obj": {"type": "LogStrings", "path": ["monitoring", "stderr"], "values": [{"value": "\r 60%|\u2588\u2588\u2588\u2588\u2588\u2589    | 35806/60000 [00:22<00:16, 1496.57it/s]", "step": null, "ts": 1638978205.6019087}]}, "version": 260}
{"obj": {"type": "LogStrings", "path": ["monitoring", "stderr"], "values": [{"value": "\r 60%|\u2588\u2588\u2588\u2588\u2588\u2589    | 35978/60000 [00:22<00:15, 1556.13it/s]", "step": null, "ts": 1638978205.7023032}]}, "version": 261}
{"obj": {"type": "LogStrings", "path": ["monitoring", "stderr"], "values": [{"value": "\r 60%|\u2588\u2588\u2588\u2588\u2588\u2588    | 36150/60000 [00:22<00:14, 1602.20it/s]", "step": null, "ts": 1638978205.8023047}]}, "version": 262}
{"obj": {"type": "LogStrings", "path": ["monitoring", "stderr"], "values": [{"value": "\r 61%|\u2588\u2588\u2588\u2588\u2588\u2588    | 36318/60000 [00:22<00:14, 1597.18it/s]", "step": null, "ts": 1638978205.908287}]}, "version": 263}
{"obj": {"type": "LogStrings", "path": ["monitoring", "stderr"], "values": [{"value": "\r 61%|\u2588\u2588\u2588\u2588\u2588\u2588    | 36491/60000 [00:22<00:14, 1629.50it/s]", "step": null, "ts": 1638978206.0095124}]}, "version": 264}
{"obj": {"type": "LogStrings", "path": ["monitoring", "stderr"], "values": [{"value": "\r 61%|\u2588\u2588\u2588\u2588\u2588\u2588    | 36663/60000 [00:22<00:14, 1654.36it/s]", "step": null, "ts": 1638978206.1098447}]}, "version": 265}
{"obj": {"type": "LogStrings", "path": ["monitoring", "stderr"], "values": [{"value": "\r 61%|\u2588\u2588\u2588\u2588\u2588\u2588\u258f   | 36831/60000 [00:22<00:14, 1623.68it/s]", "step": null, "ts": 1638978206.217882}]}, "version": 266}
{"obj": {"type": "LogStrings", "path": ["monitoring", "stderr"], "values": [{"value": "\r 62%|\u2588\u2588\u2588\u2588\u2588\u2588\u258f   | 37000/60000 [00:22<00:14, 1641.58it/s]", "step": null, "ts": 1638978206.3181548}]}, "version": 267}
{"obj": {"type": "LogStrings", "path": ["monitoring", "stderr"], "values": [{"value": "\r 62%|\u2588\u2588\u2588\u2588\u2588\u2588\u258f   | 37170/60000 [00:23<00:13, 1657.09it/s]", "step": null, "ts": 1638978206.4185026}]}, "version": 268}
{"obj": {"type": "LogStrings", "path": ["monitoring", "stderr"], "values": [{"value": "\r 62%|\u2588\u2588\u2588\u2588\u2588\u2588\u258f   | 37343/60000 [00:23<00:13, 1675.78it/s]", "step": null, "ts": 1638978206.5190547}]}, "version": 269}
{"obj": {"type": "LogStrings", "path": ["monitoring", "stderr"], "values": [{"value": "\r 63%|\u2588\u2588\u2588\u2588\u2588\u2588\u258e   | 37513/60000 [00:23<00:13, 1680.94it/s]", "step": null, "ts": 1638978206.6194777}]}, "version": 270}
{"obj": {"type": "LogStrings", "path": ["monitoring", "stderr"], "values": [{"value": "\r 63%|\u2588\u2588\u2588\u2588\u2588\u2588\u258e   | 37684/60000 [00:23<00:13, 1687.82it/s]", "step": null, "ts": 1638978206.719813}]}, "version": 271}
{"obj": {"type": "LogStrings", "path": ["monitoring", "stderr"], "values": [{"value": "\r 63%|\u2588\u2588\u2588\u2588\u2588\u2588\u258e   | 37855/60000 [00:23<00:13, 1693.08it/s]", "step": null, "ts": 1638978206.8200734}]}, "version": 272}
{"obj": {"type": "LogStrings", "path": ["monitoring", "stderr"], "values": [{"value": "\r 63%|\u2588\u2588\u2588\u2588\u2588\u2588\u258e   | 38027/60000 [00:23<00:12, 1699.63it/s]", "step": null, "ts": 1638978206.9203622}]}, "version": 273}
{"obj": {"type": "LogStrings", "path": ["monitoring", "stderr"], "values": [{"value": "\r 64%|\u2588\u2588\u2588\u2588\u2588\u2588\u258e   | 38198/60000 [00:23<00:13, 1647.77it/s]", "step": null, "ts": 1638978207.0315523}]}, "version": 274}
{"obj": {"type": "LogStrings", "path": ["monitoring", "stderr"], "values": [{"value": "\r 64%|\u2588\u2588\u2588\u2588\u2588\u2588\u258d   | 38369/60000 [00:23<00:13, 1663.27it/s]", "step": null, "ts": 1638978207.1320906}]}, "version": 275}
{"obj": {"type": "LogStrings", "path": ["monitoring", "stderr"], "values": [{"value": "\r 64%|\u2588\u2588\u2588\u2588\u2588\u2588\u258d   | 38540/60000 [00:23<00:12, 1675.63it/s]", "step": null, "ts": 1638978207.2324169}]}, "version": 276}
{"obj": {"type": "LogStrings", "path": ["monitoring", "stderr"], "values": [{"value": "\r 65%|\u2588\u2588\u2588\u2588\u2588\u2588\u258d   | 38709/60000 [00:23<00:12, 1677.15it/s]", "step": null, "ts": 1638978207.3329763}]}, "version": 277}
{"obj": {"type": "LogStrings", "path": ["monitoring", "stderr"], "values": [{"value": "\r 65%|\u2588\u2588\u2588\u2588\u2588\u2588\u258d   | 38877/60000 [00:24<00:12, 1677.52it/s]", "step": null, "ts": 1638978207.4330742}]}, "version": 278}
{"obj": {"type": "LogStrings", "path": ["monitoring", "stderr"], "values": [{"value": "\r 65%|\u2588\u2588\u2588\u2588\u2588\u2588\u258c   | 39045/60000 [00:24<00:12, 1677.00it/s]", "step": null, "ts": 1638978207.5342817}]}, "version": 279}
{"obj": {"type": "LogFloats", "path": ["monitoring", "cpu"], "values": [{"value": 12.6, "step": null, "ts": 1638978207.4986343}]}, "version": 280}
{"obj": {"type": "LogFloats", "path": ["monitoring", "memory"], "values": [{"value": 9.023330688476562, "step": null, "ts": 1638978207.4986343}]}, "version": 281}
{"obj": {"type": "LogFloats", "path": ["monitoring", "gpu_memory"], "values": [{"value": 2.6470947265625, "step": null, "ts": 1638978207.4986343}]}, "version": 282}
{"obj": {"type": "LogStrings", "path": ["monitoring", "stderr"], "values": [{"value": "\r 65%|\u2588\u2588\u2588\u2588\u2588\u2588\u258c   | 39213/60000 [00:24<00:12, 1671.69it/s]", "step": null, "ts": 1638978207.6346054}]}, "version": 283}
{"obj": {"type": "LogStrings", "path": ["monitoring", "stderr"], "values": [{"value": "\r 66%|\u2588\u2588\u2588\u2588\u2588\u2588\u258c   | 39381/60000 [00:24<00:12, 1631.86it/s]", "step": null, "ts": 1638978207.7432778}]}, "version": 284}
{"obj": {"type": "LogStrings", "path": ["monitoring", "stderr"], "values": [{"value": "\r 66%|\u2588\u2588\u2588\u2588\u2588\u2588\u258c   | 39549/60000 [00:24<00:12, 1643.61it/s]", "step": null, "ts": 1638978207.8437674}]}, "version": 285}
{"obj": {"type": "LogStrings", "path": ["monitoring", "stderr"], "values": [{"value": "\r 66%|\u2588\u2588\u2588\u2588\u2588\u2588\u258c   | 39721/60000 [00:24<00:12, 1665.77it/s]", "step": null, "ts": 1638978207.943769}]}, "version": 286}
{"obj": {"type": "LogStrings", "path": ["monitoring", "stderr"], "values": [{"value": "\r 66%|\u2588\u2588\u2588\u2588\u2588\u2588\u258b   | 39893/60000 [00:24<00:11, 1680.73it/s]", "step": null, "ts": 1638978208.043964}]}, "version": 287}
{"obj": {"type": "LogStrings", "path": ["monitoring", "stderr"], "values": [{"value": "\r 67%|\u2588\u2588\u2588\u2588\u2588\u2588\u258b   | 40065/60000 [00:24<00:11, 1691.04it/s]", "step": null, "ts": 1638978208.1442728}]}, "version": 288}
{"obj": {"type": "LogStrings", "path": ["monitoring", "stderr"], "values": [{"value": "\r 67%|\u2588\u2588\u2588\u2588\u2588\u2588\u258b   | 40238/60000 [00:24<00:11, 1700.96it/s]", "step": null, "ts": 1638978208.2446053}]}, "version": 289}
{"obj": {"type": "LogStrings", "path": ["monitoring", "stderr"], "values": [{"value": "\r 67%|\u2588\u2588\u2588\u2588\u2588\u2588\u258b   | 40409/60000 [00:24<00:11, 1680.07it/s]", "step": null, "ts": 1638978208.3493235}]}, "version": 290}
{"obj": {"type": "LogStrings", "path": ["monitoring", "stderr"], "values": [{"value": "\r 68%|\u2588\u2588\u2588\u2588\u2588\u2588\u258a   | 40578/60000 [00:25<00:11, 1628.80it/s]", "step": null, "ts": 1638978208.460604}]}, "version": 291}
{"obj": {"type": "LogStrings", "path": ["monitoring", "stderr"], "values": [{"value": "\r 68%|\u2588\u2588\u2588\u2588\u2588\u2588\u258a   | 40747/60000 [00:25<00:11, 1641.55it/s]", "step": null, "ts": 1638978208.561653}]}, "version": 292}
{"obj": {"type": "LogStrings", "path": ["monitoring", "stderr"], "values": [{"value": "\r 68%|\u2588\u2588\u2588\u2588\u2588\u2588\u258a   | 40920/60000 [00:25<00:11, 1666.27it/s]", "step": null, "ts": 1638978208.6618648}]}, "version": 293}
{"obj": {"type": "LogStrings", "path": ["monitoring", "stderr"], "values": [{"value": "\r 68%|\u2588\u2588\u2588\u2588\u2588\u2588\u258a   | 41091/60000 [00:25<00:11, 1679.07it/s]", "step": null, "ts": 1638978208.7618756}]}, "version": 294}
{"obj": {"type": "LogStrings", "path": ["monitoring", "stderr"], "values": [{"value": "\r 69%|\u2588\u2588\u2588\u2588\u2588\u2588\u2589   | 41263/60000 [00:25<00:11, 1688.61it/s]", "step": null, "ts": 1638978208.8623934}]}, "version": 295}
{"obj": {"type": "LogStrings", "path": ["monitoring", "stderr"], "values": [{"value": "\r 69%|\u2588\u2588\u2588\u2588\u2588\u2588\u2589   | 41436/60000 [00:25<00:10, 1698.45it/s]", "step": null, "ts": 1638978208.9628828}]}, "version": 296}
{"obj": {"type": "LogStrings", "path": ["monitoring", "stderr"], "values": [{"value": "\r 69%|\u2588\u2588\u2588\u2588\u2588\u2588\u2589   | 41607/60000 [00:25<00:10, 1701.44it/s]", "step": null, "ts": 1638978209.062972}]}, "version": 297}
{"obj": {"type": "LogStrings", "path": ["monitoring", "stderr"], "values": [{"value": "\r 70%|\u2588\u2588\u2588\u2588\u2588\u2588\u2589   | 41778/60000 [00:25<00:10, 1660.47it/s]", "step": null, "ts": 1638978209.1717677}]}, "version": 298}
{"obj": {"type": "LogStrings", "path": ["monitoring", "stderr"], "values": [{"value": "\r 70%|\u2588\u2588\u2588\u2588\u2588\u2588\u2589   | 41950/60000 [00:25<00:10, 1676.44it/s]", "step": null, "ts": 1638978209.2720404}]}, "version": 299}
{"obj": {"type": "LogStrings", "path": ["monitoring", "stderr"], "values": [{"value": "\r 70%|\u2588\u2588\u2588\u2588\u2588\u2588\u2588   | 42123/60000 [00:26<00:10, 1690.65it/s]", "step": null, "ts": 1638978209.372369}]}, "version": 300}
{"obj": {"type": "LogStrings", "path": ["monitoring", "stderr"], "values": [{"value": "\r 70%|\u2588\u2588\u2588\u2588\u2588\u2588\u2588   | 42295/60000 [00:26<00:10, 1697.72it/s]", "step": null, "ts": 1638978209.472699}]}, "version": 301}
{"obj": {"type": "LogStrings", "path": ["monitoring", "stderr"], "values": [{"value": "\r 71%|\u2588\u2588\u2588\u2588\u2588\u2588\u2588   | 42465/60000 [00:26<00:10, 1697.03it/s]", "step": null, "ts": 1638978209.5730102}]}, "version": 302}
{"obj": {"type": "LogStrings", "path": ["monitoring", "stderr"], "values": [{"value": "\r 71%|\u2588\u2588\u2588\u2588\u2588\u2588\u2588   | 42638/60000 [00:26<00:10, 1705.62it/s]", "step": null, "ts": 1638978209.6732554}]}, "version": 303}
{"obj": {"type": "LogStrings", "path": ["monitoring", "stderr"], "values": [{"value": "\r 71%|\u2588\u2588\u2588\u2588\u2588\u2588\u2588\u258f  | 42809/60000 [00:26<00:10, 1706.34it/s]", "step": null, "ts": 1638978209.77336}]}, "version": 304}
{"obj": {"type": "LogStrings", "path": ["monitoring", "stderr"], "values": [{"value": "\r 72%|\u2588\u2588\u2588\u2588\u2588\u2588\u2588\u258f  | 42980/60000 [00:26<00:10, 1658.48it/s]", "step": null, "ts": 1638978209.883262}]}, "version": 305}
{"obj": {"type": "LogStrings", "path": ["monitoring", "stderr"], "values": [{"value": "\r 72%|\u2588\u2588\u2588\u2588\u2588\u2588\u2588\u258f  | 43151/60000 [00:26<00:10, 1672.97it/s]", "step": null, "ts": 1638978209.9833846}]}, "version": 306}
{"obj": {"type": "LogStrings", "path": ["monitoring", "stderr"], "values": [{"value": "\r 72%|\u2588\u2588\u2588\u2588\u2588\u2588\u2588\u258f  | 43324/60000 [00:26<00:09, 1687.73it/s]", "step": null, "ts": 1638978210.083794}]}, "version": 307}
{"obj": {"type": "LogStrings", "path": ["monitoring", "stderr"], "values": [{"value": "\r 72%|\u2588\u2588\u2588\u2588\u2588\u2588\u2588\u258f  | 43496/60000 [00:26<00:09, 1694.89it/s]", "step": null, "ts": 1638978210.1842628}]}, "version": 308}
{"obj": {"type": "LogStrings", "path": ["monitoring", "stderr"], "values": [{"value": "\r 73%|\u2588\u2588\u2588\u2588\u2588\u2588\u2588\u258e  | 43668/60000 [00:26<00:09, 1700.10it/s]", "step": null, "ts": 1638978210.2847064}]}, "version": 309}
{"obj": {"type": "LogStrings", "path": ["monitoring", "stderr"], "values": [{"value": "\r 73%|\u2588\u2588\u2588\u2588\u2588\u2588\u2588\u258e  | 43839/60000 [00:27<00:09, 1686.90it/s]", "step": null, "ts": 1638978210.3879337}]}, "version": 310}
{"obj": {"type": "LogStrings", "path": ["monitoring", "stderr"], "values": [{"value": "\r 73%|\u2588\u2588\u2588\u2588\u2588\u2588\u2588\u258e  | 44010/60000 [00:27<00:09, 1692.96it/s]", "step": null, "ts": 1638978210.4880686}]}, "version": 311}
{"obj": {"type": "LogStrings", "path": ["monitoring", "stderr"], "values": [{"value": "\r 74%|\u2588\u2588\u2588\u2588\u2588\u2588\u2588\u258e  | 44180/60000 [00:27<00:09, 1653.15it/s]", "step": null, "ts": 1638978210.596602}]}, "version": 312}
{"obj": {"type": "LogStrings", "path": ["monitoring", "stderr"], "values": [{"value": "\r 74%|\u2588\u2588\u2588\u2588\u2588\u2588\u2588\u258d  | 44351/60000 [00:27<00:09, 1669.47it/s]", "step": null, "ts": 1638978210.6967275}]}, "version": 313}
{"obj": {"type": "LogStrings", "path": ["monitoring", "stderr"], "values": [{"value": "\r 74%|\u2588\u2588\u2588\u2588\u2588\u2588\u2588\u258d  | 44523/60000 [00:27<00:09, 1682.80it/s]", "step": null, "ts": 1638978210.7970288}]}, "version": 314}
{"obj": {"type": "LogStrings", "path": ["monitoring", "stderr"], "values": [{"value": "\r 74%|\u2588\u2588\u2588\u2588\u2588\u2588\u2588\u258d  | 44695/60000 [00:27<00:09, 1692.22it/s]", "step": null, "ts": 1638978210.8973343}]}, "version": 315}
{"obj": {"type": "LogStrings", "path": ["monitoring", "stderr"], "values": [{"value": "\r 75%|\u2588\u2588\u2588\u2588\u2588\u2588\u2588\u258d  | 44867/60000 [00:27<00:08, 1697.75it/s]", "step": null, "ts": 1638978210.9978638}]}, "version": 316}
{"obj": {"type": "LogStrings", "path": ["monitoring", "stderr"], "values": [{"value": "\r 75%|\u2588\u2588\u2588\u2588\u2588\u2588\u2588\u258c  | 45040/60000 [00:27<00:08, 1705.65it/s]", "step": null, "ts": 1638978211.0982022}]}, "version": 317}
{"obj": {"type": "LogStrings", "path": ["monitoring", "stderr"], "values": [{"value": "\r 75%|\u2588\u2588\u2588\u2588\u2588\u2588\u2588\u258c  | 45212/60000 [00:27<00:08, 1708.20it/s]", "step": null, "ts": 1638978211.1985552}]}, "version": 318}
{"obj": {"type": "LogStrings", "path": ["monitoring", "stderr"], "values": [{"value": "\r 76%|\u2588\u2588\u2588\u2588\u2588\u2588\u2588\u258c  | 45383/60000 [00:27<00:08, 1626.03it/s]", "step": null, "ts": 1638978211.315625}]}, "version": 319}
{"obj": {"type": "LogStrings", "path": ["monitoring", "stderr"], "values": [{"value": "\r 76%|\u2588\u2588\u2588\u2588\u2588\u2588\u2588\u258c  | 45554/60000 [00:28<00:08, 1649.35it/s]", "step": null, "ts": 1638978211.4158359}]}, "version": 320}
{"obj": {"type": "LogStrings", "path": ["monitoring", "stderr"], "values": [{"value": "\r 76%|\u2588\u2588\u2588\u2588\u2588\u2588\u2588\u258c  | 45720/60000 [00:28<00:08, 1645.78it/s]", "step": null, "ts": 1638978211.517233}]}, "version": 321}
{"obj": {"type": "LogStrings", "path": ["monitoring", "stderr"], "values": [{"value": "\r 76%|\u2588\u2588\u2588\u2588\u2588\u2588\u2588\u258b  | 45886/60000 [00:28<00:08, 1641.93it/s]", "step": null, "ts": 1638978211.6189039}]}, "version": 322}
{"obj": {"type": "LogStrings", "path": ["monitoring", "stderr"], "values": [{"value": "\r 77%|\u2588\u2588\u2588\u2588\u2588\u2588\u2588\u258b  | 46051/60000 [00:28<00:08, 1641.57it/s]", "step": null, "ts": 1638978211.7194817}]}, "version": 323}
{"obj": {"type": "LogStrings", "path": ["monitoring", "stderr"], "values": [{"value": "\r 77%|\u2588\u2588\u2588\u2588\u2588\u2588\u2588\u258b  | 46218/60000 [00:28<00:08, 1648.35it/s]", "step": null, "ts": 1638978211.819774}]}, "version": 324}
{"obj": {"type": "LogStrings", "path": ["monitoring", "stderr"], "values": [{"value": "\r 77%|\u2588\u2588\u2588\u2588\u2588\u2588\u2588\u258b  | 46388/60000 [00:28<00:08, 1663.11it/s]", "step": null, "ts": 1638978211.919865}]}, "version": 325}
{"obj": {"type": "LogStrings", "path": ["monitoring", "stderr"], "values": [{"value": "\r 78%|\u2588\u2588\u2588\u2588\u2588\u2588\u2588\u258a  | 46555/60000 [00:28<00:08, 1626.86it/s]", "step": null, "ts": 1638978212.0278277}]}, "version": 326}
{"obj": {"type": "LogStrings", "path": ["monitoring", "stderr"], "values": [{"value": "\r 78%|\u2588\u2588\u2588\u2588\u2588\u2588\u2588\u258a  | 46728/60000 [00:28<00:08, 1656.82it/s]", "step": null, "ts": 1638978212.127871}]}, "version": 327}
{"obj": {"type": "LogStrings", "path": ["monitoring", "stderr"], "values": [{"value": "\r 78%|\u2588\u2588\u2588\u2588\u2588\u2588\u2588\u258a  | 46900/60000 [00:28<00:07, 1673.22it/s]", "step": null, "ts": 1638978212.2283347}]}, "version": 328}
{"obj": {"type": "LogStrings", "path": ["monitoring", "stderr"], "values": [{"value": "\r 78%|\u2588\u2588\u2588\u2588\u2588\u2588\u2588\u258a  | 47072/60000 [00:28<00:07, 1684.74it/s]", "step": null, "ts": 1638978212.3287654}]}, "version": 329}
{"obj": {"type": "LogStrings", "path": ["monitoring", "stderr"], "values": [{"value": "\r 79%|\u2588\u2588\u2588\u2588\u2588\u2588\u2588\u258a  | 47244/60000 [00:29<00:07, 1693.44it/s]", "step": null, "ts": 1638978212.4291034}]}, "version": 330}
{"obj": {"type": "LogStrings", "path": ["monitoring", "stderr"], "values": [{"value": "\r 79%|\u2588\u2588\u2588\u2588\u2588\u2588\u2588\u2589  | 47416/60000 [00:29<00:07, 1699.72it/s]", "step": null, "ts": 1638978212.5295293}]}, "version": 331}
{"obj": {"type": "LogStrings", "path": ["monitoring", "stderr"], "values": [{"value": "\r 79%|\u2588\u2588\u2588\u2588\u2588\u2588\u2588\u2589  | 47587/60000 [00:29<00:07, 1699.34it/s]", "step": null, "ts": 1638978212.6301997}]}, "version": 332}
{"obj": {"type": "LogStrings", "path": ["monitoring", "stderr"], "values": [{"value": "\r 80%|\u2588\u2588\u2588\u2588\u2588\u2588\u2588\u2589  | 47757/60000 [00:29<00:07, 1654.88it/s]", "step": null, "ts": 1638978212.739229}]}, "version": 333}
{"obj": {"type": "LogStrings", "path": ["monitoring", "stderr"], "values": [{"value": "\r 80%|\u2588\u2588\u2588\u2588\u2588\u2588\u2588\u2589  | 47930/60000 [00:29<00:07, 1676.23it/s]", "step": null, "ts": 1638978212.8393078}]}, "version": 334}
{"obj": {"type": "LogStrings", "path": ["monitoring", "stderr"], "values": [{"value": "\r 80%|\u2588\u2588\u2588\u2588\u2588\u2588\u2588\u2588  | 48102/60000 [00:29<00:07, 1687.04it/s]", "step": null, "ts": 1638978212.9397402}]}, "version": 335}
{"obj": {"type": "LogStrings", "path": ["monitoring", "stderr"], "values": [{"value": "\r 80%|\u2588\u2588\u2588\u2588\u2588\u2588\u2588\u2588  | 48274/60000 [00:29<00:06, 1695.41it/s]", "step": null, "ts": 1638978213.0399973}]}, "version": 336}
{"obj": {"type": "LogStrings", "path": ["monitoring", "stderr"], "values": [{"value": "\r 81%|\u2588\u2588\u2588\u2588\u2588\u2588\u2588\u2588  | 48446/60000 [00:29<00:06, 1702.40it/s]", "step": null, "ts": 1638978213.140094}]}, "version": 337}
{"obj": {"type": "LogStrings", "path": ["monitoring", "stderr"], "values": [{"value": "\r 81%|\u2588\u2588\u2588\u2588\u2588\u2588\u2588\u2588  | 48619/60000 [00:29<00:06, 1707.81it/s]", "step": null, "ts": 1638978213.2406175}]}, "version": 338}
{"obj": {"type": "LogStrings", "path": ["monitoring", "stderr"], "values": [{"value": "\r 81%|\u2588\u2588\u2588\u2588\u2588\u2588\u2588\u2588\u258f | 48791/60000 [00:29<00:06, 1710.39it/s]", "step": null, "ts": 1638978213.3408124}]}, "version": 339}
{"obj": {"type": "LogStrings", "path": ["monitoring", "stderr"], "values": [{"value": "\r 82%|\u2588\u2588\u2588\u2588\u2588\u2588\u2588\u2588\u258f | 48963/60000 [00:30<00:06, 1666.45it/s]", "step": null, "ts": 1638978213.4502387}]}, "version": 340}
{"obj": {"type": "LogStrings", "path": ["monitoring", "stderr"], "values": [{"value": "\r 82%|\u2588\u2588\u2588\u2588\u2588\u2588\u2588\u2588\u258f | 49136/60000 [00:30<00:06, 1682.28it/s]", "step": null, "ts": 1638978213.5507922}]}, "version": 341}
{"obj": {"type": "LogStrings", "path": ["monitoring", "stderr"], "values": [{"value": "\r 82%|\u2588\u2588\u2588\u2588\u2588\u2588\u2588\u2588\u258f | 49310/60000 [00:30<00:06, 1697.59it/s]", "step": null, "ts": 1638978213.6511302}]}, "version": 342}
{"obj": {"type": "LogStrings", "path": ["monitoring", "stderr"], "values": [{"value": "\r 82%|\u2588\u2588\u2588\u2588\u2588\u2588\u2588\u2588\u258f | 49483/60000 [00:30<00:06, 1704.49it/s]", "step": null, "ts": 1638978213.7516625}]}, "version": 343}
{"obj": {"type": "LogStrings", "path": ["monitoring", "stderr"], "values": [{"value": "\r 83%|\u2588\u2588\u2588\u2588\u2588\u2588\u2588\u2588\u258e | 49654/60000 [00:30<00:06, 1705.67it/s]", "step": null, "ts": 1638978213.8517594}]}, "version": 344}
{"obj": {"type": "LogStrings", "path": ["monitoring", "stderr"], "values": [{"value": "\r 83%|\u2588\u2588\u2588\u2588\u2588\u2588\u2588\u2588\u258e | 49827/60000 [00:30<00:05, 1712.77it/s]", "step": null, "ts": 1638978213.9517896}]}, "version": 345}
{"obj": {"type": "LogStrings", "path": ["monitoring", "stderr"], "values": [{"value": "\r 83%|\u2588\u2588\u2588\u2588\u2588\u2588\u2588\u2588\u258e | 50000/60000 [00:30<00:05, 1715.23it/s]", "step": null, "ts": 1638978214.0523098}]}, "version": 346}
{"obj": {"type": "LogStrings", "path": ["monitoring", "stderr"], "values": [{"value": "\r 84%|\u2588\u2588\u2588\u2588\u2588\u2588\u2588\u2588\u258e | 50172/60000 [00:31<00:16, 583.64it/s] ", "step": null, "ts": 1638978214.8025615}]}, "version": 347}
{"obj": {"type": "LogStrings", "path": ["monitoring", "stderr"], "values": [{"value": "\r 84%|\u2588\u2588\u2588\u2588\u2588\u2588\u2588\u2588\u258d | 50344/60000 [00:31<00:13, 727.18it/s]", "step": null, "ts": 1638978214.9029162}]}, "version": 348}
{"obj": {"type": "LogStrings", "path": ["monitoring", "stderr"], "values": [{"value": "\r 84%|\u2588\u2588\u2588\u2588\u2588\u2588\u2588\u2588\u258d | 50517/60000 [00:31<00:10, 880.62it/s]", "step": null, "ts": 1638978215.0029786}]}, "version": 349}
{"obj": {"type": "LogStrings", "path": ["monitoring", "stderr"], "values": [{"value": "\r 84%|\u2588\u2588\u2588\u2588\u2588\u2588\u2588\u2588\u258d | 50689/60000 [00:31<00:09, 1031.06it/s]", "step": null, "ts": 1638978215.1030898}]}, "version": 350}
{"obj": {"type": "LogStrings", "path": ["monitoring", "stderr"], "values": [{"value": "\r 85%|\u2588\u2588\u2588\u2588\u2588\u2588\u2588\u2588\u258d | 50862/60000 [00:31<00:07, 1172.38it/s]", "step": null, "ts": 1638978215.2036362}]}, "version": 351}
{"obj": {"type": "LogStrings", "path": ["monitoring", "stderr"], "values": [{"value": "\r 85%|\u2588\u2588\u2588\u2588\u2588\u2588\u2588\u2588\u258c | 51034/60000 [00:31<00:06, 1295.83it/s]", "step": null, "ts": 1638978215.3036482}]}, "version": 352}
{"obj": {"type": "LogStrings", "path": ["monitoring", "stderr"], "values": [{"value": "\r 85%|\u2588\u2588\u2588\u2588\u2588\u2588\u2588\u2588\u258c | 51207/60000 [00:32<00:06, 1400.12it/s]", "step": null, "ts": 1638978215.404089}]}, "version": 353}
{"obj": {"type": "LogStrings", "path": ["monitoring", "stderr"], "values": [{"value": "\r 86%|\u2588\u2588\u2588\u2588\u2588\u2588\u2588\u2588\u258c | 51374/60000 [00:32<00:05, 1448.19it/s]", "step": null, "ts": 1638978215.509888}]}, "version": 354}
{"obj": {"type": "LogStrings", "path": ["monitoring", "stderr"], "values": [{"value": "\r 86%|\u2588\u2588\u2588\u2588\u2588\u2588\u2588\u2588\u258c | 51547/60000 [00:32<00:05, 1520.98it/s]", "step": null, "ts": 1638978215.6104438}]}, "version": 355}
{"obj": {"type": "LogStrings", "path": ["monitoring", "stderr"], "values": [{"value": "\r 86%|\u2588\u2588\u2588\u2588\u2588\u2588\u2588\u2588\u258c | 51721/60000 [00:32<00:05, 1579.27it/s]", "step": null, "ts": 1638978215.7108924}]}, "version": 356}
{"obj": {"type": "LogStrings", "path": ["monitoring", "stderr"], "values": [{"value": "\r 86%|\u2588\u2588\u2588\u2588\u2588\u2588\u2588\u2588\u258b | 51893/60000 [00:32<00:05, 1618.71it/s]", "step": null, "ts": 1638978215.810948}]}, "version": 357}
{"obj": {"type": "LogStrings", "path": ["monitoring", "stderr"], "values": [{"value": "\r 87%|\u2588\u2588\u2588\u2588\u2588\u2588\u2588\u2588\u258b | 52066/60000 [00:32<00:04, 1647.99it/s]", "step": null, "ts": 1638978215.9115202}]}, "version": 358}
{"obj": {"type": "LogStrings", "path": ["monitoring", "stderr"], "values": [{"value": "\r 87%|\u2588\u2588\u2588\u2588\u2588\u2588\u2588\u2588\u258b | 52238/60000 [00:32<00:04, 1668.26it/s]", "step": null, "ts": 1638978216.011673}]}, "version": 359}
{"obj": {"type": "LogStrings", "path": ["monitoring", "stderr"], "values": [{"value": "\r 87%|\u2588\u2588\u2588\u2588\u2588\u2588\u2588\u2588\u258b | 52412/60000 [00:32<00:04, 1686.50it/s]", "step": null, "ts": 1638978216.1122258}]}, "version": 360}
{"obj": {"type": "LogStrings", "path": ["monitoring", "stderr"], "values": [{"value": "\r 88%|\u2588\u2588\u2588\u2588\u2588\u2588\u2588\u2588\u258a | 52584/60000 [00:32<00:04, 1653.33it/s]", "step": null, "ts": 1638978216.221074}]}, "version": 361}
{"obj": {"type": "LogStrings", "path": ["monitoring", "stderr"], "values": [{"value": "\r 88%|\u2588\u2588\u2588\u2588\u2588\u2588\u2588\u2588\u258a | 52756/60000 [00:32<00:04, 1671.33it/s]", "step": null, "ts": 1638978216.3213522}]}, "version": 362}
{"obj": {"type": "LogStrings", "path": ["monitoring", "stderr"], "values": [{"value": "\r 88%|\u2588\u2588\u2588\u2588\u2588\u2588\u2588\u2588\u258a | 52928/60000 [00:33<00:04, 1684.84it/s]", "step": null, "ts": 1638978216.4215086}]}, "version": 363}
{"obj": {"type": "LogStrings", "path": ["monitoring", "stderr"], "values": [{"value": "\r 89%|\u2588\u2588\u2588\u2588\u2588\u2588\u2588\u2588\u258a | 53101/60000 [00:33<00:04, 1697.66it/s]", "step": null, "ts": 1638978216.5216537}]}, "version": 364}
{"obj": {"type": "LogStrings", "path": ["monitoring", "stderr"], "values": [{"value": "\r 89%|\u2588\u2588\u2588\u2588\u2588\u2588\u2588\u2588\u2589 | 53273/60000 [00:33<00:03, 1702.92it/s]", "step": null, "ts": 1638978216.6218946}]}, "version": 365}
{"obj": {"type": "LogStrings", "path": ["monitoring", "stderr"], "values": [{"value": "\r 89%|\u2588\u2588\u2588\u2588\u2588\u2588\u2588\u2588\u2589 | 53445/60000 [00:33<00:03, 1706.98it/s]", "step": null, "ts": 1638978216.7220905}]}, "version": 366}
{"obj": {"type": "LogStrings", "path": ["monitoring", "stderr"], "values": [{"value": "\r 89%|\u2588\u2588\u2588\u2588\u2588\u2588\u2588\u2588\u2589 | 53619/60000 [00:33<00:03, 1714.48it/s]", "step": null, "ts": 1638978216.8225765}]}, "version": 367}
{"obj": {"type": "LogStrings", "path": ["monitoring", "stderr"], "values": [{"value": "\r 90%|\u2588\u2588\u2588\u2588\u2588\u2588\u2588\u2588\u2589 | 53791/60000 [00:33<00:03, 1640.44it/s]", "step": null, "ts": 1638978216.938101}]}, "version": 368}
{"obj": {"type": "LogStrings", "path": ["monitoring", "stderr"], "values": [{"value": "\r 90%|\u2588\u2588\u2588\u2588\u2588\u2588\u2588\u2588\u2589 | 53963/60000 [00:33<00:03, 1661.28it/s]", "step": null, "ts": 1638978217.0385616}]}, "version": 369}
{"obj": {"type": "LogStrings", "path": ["monitoring", "stderr"], "values": [{"value": "\r 90%|\u2588\u2588\u2588\u2588\u2588\u2588\u2588\u2588\u2588 | 54136/60000 [00:33<00:03, 1679.63it/s]", "step": null, "ts": 1638978217.1388552}]}, "version": 370}
{"obj": {"type": "LogStrings", "path": ["monitoring", "stderr"], "values": [{"value": "\r 91%|\u2588\u2588\u2588\u2588\u2588\u2588\u2588\u2588\u2588 | 54308/60000 [00:33<00:03, 1690.26it/s]", "step": null, "ts": 1638978217.2390876}]}, "version": 371}
{"obj": {"type": "LogStrings", "path": ["monitoring", "stderr"], "values": [{"value": "\r 91%|\u2588\u2588\u2588\u2588\u2588\u2588\u2588\u2588\u2588 | 54478/60000 [00:33<00:03, 1692.16it/s]", "step": null, "ts": 1638978217.3392892}]}, "version": 372}
{"obj": {"type": "LogStrings", "path": ["monitoring", "stderr"], "values": [{"value": "\r 91%|\u2588\u2588\u2588\u2588\u2588\u2588\u2588\u2588\u2588 | 54650/60000 [00:34<00:03, 1698.43it/s]", "step": null, "ts": 1638978217.4397156}]}, "version": 373}
{"obj": {"type": "LogStrings", "path": ["monitoring", "stderr"], "values": [{"value": "\r 91%|\u2588\u2588\u2588\u2588\u2588\u2588\u2588\u2588\u2588\u258f| 54822/60000 [00:34<00:03, 1704.17it/s]", "step": null, "ts": 1638978217.5398672}]}, "version": 374}
{"obj": {"type": "LogFloats", "path": ["monitoring", "cpu"], "values": [{"value": 12.6, "step": null, "ts": 1638978217.5817375}]}, "version": 375}
{"obj": {"type": "LogFloats", "path": ["monitoring", "memory"], "values": [{"value": 9.153961181640625, "step": null, "ts": 1638978217.5817375}]}, "version": 376}
{"obj": {"type": "LogStrings", "path": ["monitoring", "stderr"], "values": [{"value": "\r 92%|\u2588\u2588\u2588\u2588\u2588\u2588\u2588\u2588\u2588\u258f| 54993/60000 [00:34<00:03, 1650.26it/s]", "step": null, "ts": 1638978217.6512861}]}, "version": 377}
{"obj": {"type": "LogFloats", "path": ["monitoring", "gpu_memory"], "values": [{"value": 2.6470947265625, "step": null, "ts": 1638978217.5817375}]}, "version": 378}
{"obj": {"type": "LogStrings", "path": ["monitoring", "stderr"], "values": [{"value": "\r 92%|\u2588\u2588\u2588\u2588\u2588\u2588\u2588\u2588\u2588\u258f| 55165/60000 [00:34<00:02, 1668.21it/s]", "step": null, "ts": 1638978217.7516358}]}, "version": 379}
{"obj": {"type": "LogStrings", "path": ["monitoring", "stderr"], "values": [{"value": "\r 92%|\u2588\u2588\u2588\u2588\u2588\u2588\u2588\u2588\u2588\u258f| 55337/60000 [00:34<00:02, 1683.26it/s]", "step": null, "ts": 1638978217.851655}]}, "version": 380}
{"obj": {"type": "LogStrings", "path": ["monitoring", "stderr"], "values": [{"value": "\r 93%|\u2588\u2588\u2588\u2588\u2588\u2588\u2588\u2588\u2588\u258e| 55510/60000 [00:34<00:02, 1696.49it/s]", "step": null, "ts": 1638978217.9517765}]}, "version": 381}
{"obj": {"type": "LogStrings", "path": ["monitoring", "stderr"], "values": [{"value": "\r 93%|\u2588\u2588\u2588\u2588\u2588\u2588\u2588\u2588\u2588\u258e| 55682/60000 [00:34<00:02, 1703.10it/s]", "step": null, "ts": 1638978218.0518465}]}, "version": 382}
{"obj": {"type": "LogStrings", "path": ["monitoring", "stderr"], "values": [{"value": "\r 93%|\u2588\u2588\u2588\u2588\u2588\u2588\u2588\u2588\u2588\u258e| 55854/60000 [00:34<00:02, 1707.81it/s]", "step": null, "ts": 1638978218.1519156}]}, "version": 383}
{"obj": {"type": "LogStrings", "path": ["monitoring", "stderr"], "values": [{"value": "\r 93%|\u2588\u2588\u2588\u2588\u2588\u2588\u2588\u2588\u2588\u258e| 56027/60000 [00:34<00:02, 1711.59it/s]", "step": null, "ts": 1638978218.2524652}]}, "version": 384}
{"obj": {"type": "LogStrings", "path": ["monitoring", "stderr"], "values": [{"value": "\r 94%|\u2588\u2588\u2588\u2588\u2588\u2588\u2588\u2588\u2588\u258e| 56199/60000 [00:35<00:02, 1674.33it/s]", "step": null, "ts": 1638978218.3604383}]}, "version": 385}
{"obj": {"type": "LogStrings", "path": ["monitoring", "stderr"], "values": [{"value": "\r 94%|\u2588\u2588\u2588\u2588\u2588\u2588\u2588\u2588\u2588\u258d| 56372/60000 [00:35<00:02, 1687.98it/s]", "step": null, "ts": 1638978218.4609816}]}, "version": 386}
{"obj": {"type": "LogStrings", "path": ["monitoring", "stderr"], "values": [{"value": "\r 94%|\u2588\u2588\u2588\u2588\u2588\u2588\u2588\u2588\u2588\u258d| 56541/60000 [00:35<00:02, 1682.10it/s]", "step": null, "ts": 1638978218.5622911}]}, "version": 387}
{"obj": {"type": "LogStrings", "path": ["monitoring", "stderr"], "values": [{"value": "\r 95%|\u2588\u2588\u2588\u2588\u2588\u2588\u2588\u2588\u2588\u258d| 56714/60000 [00:35<00:01, 1693.32it/s]", "step": null, "ts": 1638978218.6628814}]}, "version": 388}
{"obj": {"type": "LogStrings", "path": ["monitoring", "stderr"], "values": [{"value": "\r 95%|\u2588\u2588\u2588\u2588\u2588\u2588\u2588\u2588\u2588\u258d| 56888/60000 [00:35<00:01, 1705.43it/s]", "step": null, "ts": 1638978218.7632241}]}, "version": 389}
{"obj": {"type": "LogStrings", "path": ["monitoring", "stderr"], "values": [{"value": "\r 95%|\u2588\u2588\u2588\u2588\u2588\u2588\u2588\u2588\u2588\u258c| 57059/60000 [00:35<00:01, 1706.68it/s]", "step": null, "ts": 1638978218.8632452}]}, "version": 390}
{"obj": {"type": "LogStrings", "path": ["monitoring", "stderr"], "values": [{"value": "\r 95%|\u2588\u2588\u2588\u2588\u2588\u2588\u2588\u2588\u2588\u258c| 57231/60000 [00:35<00:01, 1710.62it/s]", "step": null, "ts": 1638978218.9632492}]}, "version": 391}
{"obj": {"type": "LogStrings", "path": ["monitoring", "stderr"], "values": [{"value": "\r 96%|\u2588\u2588\u2588\u2588\u2588\u2588\u2588\u2588\u2588\u258c| 57403/60000 [00:35<00:01, 1673.50it/s]", "step": null, "ts": 1638978219.071247}]}, "version": 392}
{"obj": {"type": "LogStrings", "path": ["monitoring", "stderr"], "values": [{"value": "\r 96%|\u2588\u2588\u2588\u2588\u2588\u2588\u2588\u2588\u2588\u258c| 57576/60000 [00:35<00:01, 1687.54it/s]", "step": null, "ts": 1638978219.17176}]}, "version": 393}
{"obj": {"type": "LogStrings", "path": ["monitoring", "stderr"], "values": [{"value": "\r 96%|\u2588\u2588\u2588\u2588\u2588\u2588\u2588\u2588\u2588\u258c| 57749/60000 [00:35<00:01, 1697.69it/s]", "step": null, "ts": 1638978219.272236}]}, "version": 394}
{"obj": {"type": "LogStrings", "path": ["monitoring", "stderr"], "values": [{"value": "\r 97%|\u2588\u2588\u2588\u2588\u2588\u2588\u2588\u2588\u2588\u258b| 57921/60000 [00:36<00:01, 1704.13it/s]", "step": null, "ts": 1638978219.3722682}]}, "version": 395}
{"obj": {"type": "LogStrings", "path": ["monitoring", "stderr"], "values": [{"value": "\r 97%|\u2588\u2588\u2588\u2588\u2588\u2588\u2588\u2588\u2588\u258b| 58095/60000 [00:36<00:01, 1712.02it/s]", "step": null, "ts": 1638978219.4728243}]}, "version": 396}
{"obj": {"type": "LogStrings", "path": ["monitoring", "stderr"], "values": [{"value": "\r 97%|\u2588\u2588\u2588\u2588\u2588\u2588\u2588\u2588\u2588\u258b| 58267/60000 [00:36<00:01, 1714.36it/s]", "step": null, "ts": 1638978219.5728285}]}, "version": 397}
{"obj": {"type": "LogStrings", "path": ["monitoring", "stderr"], "values": [{"value": "\r 97%|\u2588\u2588\u2588\u2588\u2588\u2588\u2588\u2588\u2588\u258b| 58440/60000 [00:36<00:00, 1716.69it/s]", "step": null, "ts": 1638978219.673281}]}, "version": 398}
{"obj": {"type": "LogStrings", "path": ["monitoring", "stderr"], "values": [{"value": "\r 98%|\u2588\u2588\u2588\u2588\u2588\u2588\u2588\u2588\u2588\u258a| 58612/60000 [00:36<00:00, 1679.32it/s]", "step": null, "ts": 1638978219.7809553}]}, "version": 399}
{"obj": {"type": "LogStrings", "path": ["monitoring", "stderr"], "values": [{"value": "\r 98%|\u2588\u2588\u2588\u2588\u2588\u2588\u2588\u2588\u2588\u258a| 58785/60000 [00:36<00:00, 1691.93it/s]", "step": null, "ts": 1638978219.8814108}]}, "version": 400}
{"obj": {"type": "LogStrings", "path": ["monitoring", "stderr"], "values": [{"value": "\r 98%|\u2588\u2588\u2588\u2588\u2588\u2588\u2588\u2588\u2588\u258a| 58958/60000 [00:36<00:00, 1700.42it/s]", "step": null, "ts": 1638978219.9819674}]}, "version": 401}
{"obj": {"type": "LogStrings", "path": ["monitoring", "stderr"], "values": [{"value": "\r 99%|\u2588\u2588\u2588\u2588\u2588\u2588\u2588\u2588\u2588\u258a| 59131/60000 [00:36<00:00, 1706.59it/s]", "step": null, "ts": 1638978220.0824885}]}, "version": 402}
{"obj": {"type": "LogStrings", "path": ["monitoring", "stderr"], "values": [{"value": "\r 99%|\u2588\u2588\u2588\u2588\u2588\u2588\u2588\u2588\u2588\u2589| 59302/60000 [00:36<00:00, 1705.62it/s]", "step": null, "ts": 1638978220.1829908}]}, "version": 403}
{"obj": {"type": "LogStrings", "path": ["monitoring", "stderr"], "values": [{"value": "\r 99%|\u2588\u2588\u2588\u2588\u2588\u2588\u2588\u2588\u2588\u2589| 59473/60000 [00:36<00:00, 1688.94it/s]", "step": null, "ts": 1638978220.2865958}]}, "version": 404}
{"obj": {"type": "LogStrings", "path": ["monitoring", "stderr"], "values": [{"value": "\r 99%|\u2588\u2588\u2588\u2588\u2588\u2588\u2588\u2588\u2588\u2589| 59642/60000 [00:37<00:00, 1683.52it/s]", "step": null, "ts": 1638978220.38772}]}, "version": 405}
{"obj": {"type": "LogStrings", "path": ["monitoring", "stderr"], "values": [{"value": "\r100%|\u2588\u2588\u2588\u2588\u2588\u2588\u2588\u2588\u2588\u2589| 59811/60000 [00:37<00:00, 1645.90it/s]", "step": null, "ts": 1638978220.4957926}]}, "version": 406}
{"obj": {"type": "LogStrings", "path": ["monitoring", "stderr"], "values": [{"value": "\r100%|\u2588\u2588\u2588\u2588\u2588\u2588\u2588\u2588\u2588\u2589| 59983/60000 [00:37<00:00, 1667.48it/s]", "step": null, "ts": 1638978220.5957508}]}, "version": 407}
{"obj": {"type": "LogStrings", "path": ["monitoring", "stderr"], "values": [{"value": "", "step": null, "ts": 1638978220.605767}]}, "version": 408}
{"obj": {"type": "LogStrings", "path": ["monitoring", "stderr"], "values": [{"value": "\r100%|\u2588\u2588\u2588\u2588\u2588\u2588\u2588\u2588\u2588\u2588| 60000/60000 [00:37<00:00, 1610.92it/s]", "step": null, "ts": 1638978220.6059847}]}, "version": 409}
{"obj": {"type": "LogStrings", "path": ["monitoring", "stderr"], "values": [{"value": "\n", "step": null, "ts": 1638978220.6060843}]}, "version": 410}
{"obj": {"type": "LogStrings", "path": ["monitoring", "stdout"], "values": [{"value": "LOADED EPISODE FILE FOR train: miniimagenet-train-20way-5shot-15query-60000episodes.pkl", "step": null, "ts": 1638978221.9367173}]}, "version": 411}
{"obj": {"type": "LogStrings", "path": ["monitoring", "stdout"], "values": [{"value": "\n", "step": null, "ts": 1638978221.9369073}]}, "version": 412}
{"obj": {"type": "LogStrings", "path": ["monitoring", "stdout"], "values": [{"value": "Building episodes from scratch", "step": null, "ts": 1638978222.290087}]}, "version": 413}
{"obj": {"type": "LogStrings", "path": ["monitoring", "stdout"], "values": [{"value": "\n", "step": null, "ts": 1638978222.296116}]}, "version": 414}
{"obj": {"type": "LogStrings", "path": ["monitoring", "stderr"], "values": [{"value": "\r  0%|          | 0/60000 [00:00<?, ?it/s]", "step": null, "ts": 1638978222.296616}]}, "version": 415}
{"obj": {"type": "LogStrings", "path": ["monitoring", "stderr"], "values": [{"value": "", "step": null, "ts": 1638978222.2967775}]}, "version": 416}
{"obj": {"type": "LogStrings", "path": ["monitoring", "stderr"], "values": [{"value": "\r  0%|          | 0/60000 [00:00<?, ?it/s]", "step": null, "ts": 1638978222.2969224}]}, "version": 417}
{"obj": {"type": "LogStrings", "path": ["monitoring", "stderr"], "values": [{"value": "\n", "step": null, "ts": 1638978222.2970068}]}, "version": 418}
{"obj": {"type": "LogStrings", "path": ["monitoring", "traceback"], "values": [{"value": "An uncaught exception occurred while run was active on worker nipa2019-0087.", "step": null, "ts": 1638978222.2977593}, {"value": "Marking run as failed", "step": null, "ts": 1638978222.2977593}, {"value": "Traceback:", "step": null, "ts": 1638978222.2977593}, {"value": "  File \"main.py\", line 71, in <module>\n    main()\n", "step": null, "ts": 1638978222.2977593}, {"value": "  File \"main.py\", line 66, in main\n    trainer = Trainer(meta_config=meta_config, learner_config=learner_config, model_config=model_config, logger=logger)\n", "step": null, "ts": 1638978222.2977593}, {"value": "  File \"/home/jaeho3690/Meta/trainer.py\", line 27, in __init__\n    self.train_loader, self.val_loader, self.test_loader = get_dataloader(meta_config, model_config)\n", "step": null, "ts": 1638978222.2977593}, {"value": "  File \"/home/jaeho3690/Meta/utils/dataloader.py\", line 15, in get_dataloader\n    MiniImagenetDataset(mode=\"val\", meta_config=meta_config),\n", "step": null, "ts": 1638978222.2977593}, {"value": "  File \"/home/jaeho3690/Meta/utils/dataset.py\", line 88, in __init__\n    self._construct_episode()\n", "step": null, "ts": 1638978222.2977593}, {"value": "  File \"/home/jaeho3690/Meta/utils/dataset.py\", line 101, in _construct_episode\n    label_ids = sample(self.unique_labels, self.n_way)\n", "step": null, "ts": 1638978222.2977593}, {"value": "  File \"/home/ubuntu/anaconda3/envs/meta/lib/python3.8/random.py\", line 363, in sample\n    raise ValueError(\"Sample larger than population or is negative\")\n", "step": null, "ts": 1638978222.2977593}, {"value": "Sample larger than population or is negative", "step": null, "ts": 1638978222.2977593}]}, "version": 419}
{"obj": {"type": "AssignBool", "path": ["sys", "failed"], "value": true}, "version": 420}
{"obj": {"type": "LogStrings", "path": ["monitoring", "stderr"], "values": [{"value": "Traceback (most recent call last):\n", "step": null, "ts": 1638978222.2980037}]}, "version": 421}
{"obj": {"type": "LogStrings", "path": ["monitoring", "stderr"], "values": [{"value": "  File \"main.py\", line 71, in <module>\n", "step": null, "ts": 1638978222.2980835}]}, "version": 422}
{"obj": {"type": "LogStrings", "path": ["monitoring", "stderr"], "values": [{"value": "    ", "step": null, "ts": 1638978222.2982285}]}, "version": 423}
{"obj": {"type": "LogStrings", "path": ["monitoring", "stderr"], "values": [{"value": "main()", "step": null, "ts": 1638978222.298303}]}, "version": 424}
{"obj": {"type": "LogStrings", "path": ["monitoring", "stderr"], "values": [{"value": "\n", "step": null, "ts": 1638978222.2983704}]}, "version": 425}
{"obj": {"type": "LogStrings", "path": ["monitoring", "stderr"], "values": [{"value": "  File \"main.py\", line 66, in main\n", "step": null, "ts": 1638978222.298438}]}, "version": 426}
{"obj": {"type": "LogStrings", "path": ["monitoring", "stderr"], "values": [{"value": "    ", "step": null, "ts": 1638978222.2985928}]}, "version": 427}
{"obj": {"type": "LogStrings", "path": ["monitoring", "stderr"], "values": [{"value": "trainer = Trainer(meta_config=meta_config, learner_config=learner_config, model_config=model_config, logger=logger)", "step": null, "ts": 1638978222.298665}]}, "version": 428}
{"obj": {"type": "LogStrings", "path": ["monitoring", "stderr"], "values": [{"value": "\n", "step": null, "ts": 1638978222.2987325}]}, "version": 429}
{"obj": {"type": "LogStrings", "path": ["monitoring", "stderr"], "values": [{"value": "  File \"/home/jaeho3690/Meta/trainer.py\", line 27, in __init__\n", "step": null, "ts": 1638978222.2988005}]}, "version": 430}
{"obj": {"type": "LogStrings", "path": ["monitoring", "stderr"], "values": [{"value": "    ", "step": null, "ts": 1638978222.298913}]}, "version": 431}
{"obj": {"type": "LogStrings", "path": ["monitoring", "stderr"], "values": [{"value": "self.train_loader, self.val_loader, self.test_loader = get_dataloader(meta_config, model_config)", "step": null, "ts": 1638978222.2989817}]}, "version": 432}
{"obj": {"type": "LogStrings", "path": ["monitoring", "stderr"], "values": [{"value": "\n", "step": null, "ts": 1638978222.2990468}]}, "version": 433}
{"obj": {"type": "LogStrings", "path": ["monitoring", "stderr"], "values": [{"value": "  File \"/home/jaeho3690/Meta/utils/dataloader.py\", line 15, in get_dataloader\n", "step": null, "ts": 1638978222.2991126}]}, "version": 434}
{"obj": {"type": "LogStrings", "path": ["monitoring", "stderr"], "values": [{"value": "    ", "step": null, "ts": 1638978222.299226}]}, "version": 435}
{"obj": {"type": "LogStrings", "path": ["monitoring", "stderr"], "values": [{"value": "MiniImagenetDataset(mode=\"val\", meta_config=meta_config),", "step": null, "ts": 1638978222.2992954}]}, "version": 436}
{"obj": {"type": "LogStrings", "path": ["monitoring", "stderr"], "values": [{"value": "\n", "step": null, "ts": 1638978222.2993605}]}, "version": 437}
{"obj": {"type": "LogStrings", "path": ["monitoring", "stderr"], "values": [{"value": "  File \"/home/jaeho3690/Meta/utils/dataset.py\", line 88, in __init__\n", "step": null, "ts": 1638978222.2994258}]}, "version": 438}
{"obj": {"type": "LogStrings", "path": ["monitoring", "stderr"], "values": [{"value": "    ", "step": null, "ts": 1638978222.2995474}]}, "version": 439}
{"obj": {"type": "LogStrings", "path": ["monitoring", "stderr"], "values": [{"value": "self._construct_episode()", "step": null, "ts": 1638978222.299615}]}, "version": 440}
{"obj": {"type": "LogStrings", "path": ["monitoring", "stderr"], "values": [{"value": "\n", "step": null, "ts": 1638978222.2996798}]}, "version": 441}
{"obj": {"type": "LogStrings", "path": ["monitoring", "stderr"], "values": [{"value": "  File \"/home/jaeho3690/Meta/utils/dataset.py\", line 101, in _construct_episode\n", "step": null, "ts": 1638978222.2997446}]}, "version": 442}
{"obj": {"type": "LogStrings", "path": ["monitoring", "stderr"], "values": [{"value": "    ", "step": null, "ts": 1638978222.2998595}]}, "version": 443}
{"obj": {"type": "LogStrings", "path": ["monitoring", "stderr"], "values": [{"value": "label_ids = sample(self.unique_labels, self.n_way)", "step": null, "ts": 1638978222.2999258}]}, "version": 444}
{"obj": {"type": "LogStrings", "path": ["monitoring", "stderr"], "values": [{"value": "\n", "step": null, "ts": 1638978222.2999897}]}, "version": 445}
{"obj": {"type": "LogStrings", "path": ["monitoring", "stderr"], "values": [{"value": "  File \"/home/ubuntu/anaconda3/envs/meta/lib/python3.8/random.py\", line 363, in sample\n", "step": null, "ts": 1638978222.300055}]}, "version": 446}
{"obj": {"type": "LogStrings", "path": ["monitoring", "stderr"], "values": [{"value": "    ", "step": null, "ts": 1638978222.3002264}]}, "version": 447}
{"obj": {"type": "LogStrings", "path": ["monitoring", "stderr"], "values": [{"value": "raise ValueError(\"Sample larger than population or is negative\")", "step": null, "ts": 1638978222.3002977}]}, "version": 448}
{"obj": {"type": "LogStrings", "path": ["monitoring", "stderr"], "values": [{"value": "\n", "step": null, "ts": 1638978222.3003638}]}, "version": 449}
{"obj": {"type": "LogStrings", "path": ["monitoring", "stderr"], "values": [{"value": "ValueError", "step": null, "ts": 1638978222.3004348}]}, "version": 450}
{"obj": {"type": "LogStrings", "path": ["monitoring", "stderr"], "values": [{"value": ": ", "step": null, "ts": 1638978222.3005202}]}, "version": 451}
{"obj": {"type": "LogStrings", "path": ["monitoring", "stderr"], "values": [{"value": "Sample larger than population or is negative", "step": null, "ts": 1638978222.300585}]}, "version": 452}
{"obj": {"type": "LogStrings", "path": ["monitoring", "stderr"], "values": [{"value": "\n", "step": null, "ts": 1638978222.300649}]}, "version": 453}
{"obj": {"type": "LogStrings", "path": ["monitoring", "stdout"], "values": [{"value": "Shutting down background jobs, please wait a moment...\n", "step": null, "ts": 1638978222.3008852}]}, "version": 454}
