{"obj": {"type": "AssignString", "path": ["sys", "name"], "value": "Untitled"}, "version": 1}
{"obj": {"type": "AssignString", "path": ["sys", "description"], "value": ""}, "version": 2}
{"obj": {"type": "AssignString", "path": ["sys", "hostname"], "value": "nipa2019-0087"}, "version": 3}
{"obj": {"type": "AssignBool", "path": ["sys", "failed"], "value": false}, "version": 4}
{"obj": {"type": "ClearStringLog", "path": ["monitoring", "stdout"]}, "version": 5}
{"obj": {"type": "ClearStringLog", "path": ["monitoring", "stderr"]}, "version": 6}
{"obj": {"type": "AssignString", "path": ["source_code", "entrypoint"], "value": "main.py"}, "version": 7}
{"obj": {"type": "UploadFileSet", "path": ["source_code", "files"], "file_globs": ["/home/jaeho3690/Meta/main.py"], "reset": "False"}, "version": 8}
{"obj": {"type": "ConfigFloatSeries", "path": ["monitoring", "cpu"], "min": 0.0, "max": 100.0, "unit": "%"}, "version": 9}
{"obj": {"type": "ClearFloatLog", "path": ["monitoring", "cpu"]}, "version": 10}
{"obj": {"type": "ConfigFloatSeries", "path": ["monitoring", "memory"], "min": 0.0, "max": 88.49047470092773, "unit": "GB"}, "version": 11}
{"obj": {"type": "ClearFloatLog", "path": ["monitoring", "memory"]}, "version": 12}
{"obj": {"type": "ConfigFloatSeries", "path": ["monitoring", "gpu"], "min": 0.0, "max": 100.0, "unit": "%"}, "version": 13}
{"obj": {"type": "ClearFloatLog", "path": ["monitoring", "gpu"]}, "version": 14}
{"obj": {"type": "ConfigFloatSeries", "path": ["monitoring", "gpu_memory"], "min": 0.0, "max": 31.71923828125, "unit": "GB"}, "version": 15}
{"obj": {"type": "ClearFloatLog", "path": ["monitoring", "gpu_memory"]}, "version": 16}
{"obj": {"type": "LogFloats", "path": ["monitoring", "cpu"], "values": [{"value": 8.9, "step": null, "ts": 1639193631.0122519}]}, "version": 17}
{"obj": {"type": "LogFloats", "path": ["monitoring", "memory"], "values": [{"value": 6.450542449951172, "step": null, "ts": 1639193631.0122519}]}, "version": 18}
{"obj": {"type": "LogFloats", "path": ["monitoring", "gpu_memory"], "values": [{"value": 1.5211181640625, "step": null, "ts": 1639193631.0122519}]}, "version": 19}
{"obj": {"type": "LogStrings", "path": ["monitoring", "stdout"], "values": [{"value": "", "step": null, "ts": 1639193631.0316024}]}, "version": 20}
{"obj": {"type": "LogStrings", "path": ["monitoring", "stdout"], "values": [{"value": "https://app.neptune.ai/jaeho3690/metalearningCW/e/MET-55\n", "step": null, "ts": 1639193631.0353727}]}, "version": 21}
{"obj": {"type": "AddStrings", "path": ["sys", "tags"], "values": ["miniimagenet", "maml", "1", "15", "5"]}, "version": 22}
{"obj": {"type": "AssignString", "path": ["meta_config", "model"], "value": "maml"}, "version": 23}
{"obj": {"type": "AssignString", "path": ["meta_config", "dataset"], "value": "miniimagenet"}, "version": 24}
{"obj": {"type": "AssignString", "path": ["meta_config", "device"], "value": "cuda"}, "version": 25}
{"obj": {"type": "AssignInt", "path": ["meta_config", "num_workers"], "value": 1}, "version": 26}
{"obj": {"type": "AssignInt", "path": ["meta_config", "N"], "value": 5}, "version": 27}
{"obj": {"type": "AssignInt", "path": ["meta_config", "K"], "value": 1}, "version": 28}
{"obj": {"type": "AssignInt", "path": ["meta_config", "Q"], "value": 15}, "version": 29}
{"obj": {"type": "AssignInt", "path": ["meta_config", "total_train_episode_num"], "value": 60000}, "version": 30}
{"obj": {"type": "AssignInt", "path": ["meta_config", "total_val_episode_num"], "value": 60000}, "version": 31}
{"obj": {"type": "AssignInt", "path": ["meta_config", "total_test_episode_num"], "value": 600}, "version": 32}
{"obj": {"type": "AssignInt", "path": ["meta_config", "train_iter"], "value": 5000}, "version": 33}
{"obj": {"type": "AssignInt", "path": ["meta_config", "val_iter"], "value": 5000}, "version": 34}
{"obj": {"type": "AssignInt", "path": ["meta_config", "test_iter"], "value": 600}, "version": 35}
{"obj": {"type": "AssignString", "path": ["meta_config", "load_pt"], "value": "None"}, "version": 36}
{"obj": {"type": "AssignString", "path": ["meta_config", "save_pt"], "value": "maml-miniimagenet-5way-1shot-15"}, "version": 37}
{"obj": {"type": "AssignInt", "path": ["meta_config", "seed"], "value": 0}, "version": 38}
{"obj": {"type": "AssignInt", "path": ["model_config", "inner_loop"], "value": 4}, "version": 39}
{"obj": {"type": "AssignInt", "path": ["model_config", "inner_update_steps"], "value": 1}, "version": 40}
{"obj": {"type": "AssignFloat", "path": ["model_config", "inner_lr"], "value": 0.0001}, "version": 41}
{"obj": {"type": "AssignFloat", "path": ["model_config", "outer_lr"], "value": 0.0001}, "version": 42}
{"obj": {"type": "LogFloats", "path": ["monitoring", "cpu"], "values": [{"value": 3.9, "step": null, "ts": 1639193641.0158594}]}, "version": 43}
{"obj": {"type": "LogFloats", "path": ["monitoring", "memory"], "values": [{"value": 6.487232208251953, "step": null, "ts": 1639193641.0158594}]}, "version": 44}
{"obj": {"type": "LogFloats", "path": ["monitoring", "gpu_memory"], "values": [{"value": 1.5211181640625, "step": null, "ts": 1639193641.0158594}]}, "version": 45}
{"obj": {"type": "LogFloats", "path": ["monitoring", "cpu"], "values": [{"value": 0.6, "step": null, "ts": 1639193651.0184102}]}, "version": 46}
{"obj": {"type": "LogFloats", "path": ["monitoring", "memory"], "values": [{"value": 6.486553192138672, "step": null, "ts": 1639193651.0184102}]}, "version": 47}
{"obj": {"type": "LogFloats", "path": ["monitoring", "gpu_memory"], "values": [{"value": 1.5211181640625, "step": null, "ts": 1639193651.0184102}]}, "version": 48}
{"obj": {"type": "LogFloats", "path": ["monitoring", "cpu"], "values": [{"value": 5.6, "step": null, "ts": 1639193661.021032}]}, "version": 49}
{"obj": {"type": "LogFloats", "path": ["monitoring", "memory"], "values": [{"value": 6.526729583740234, "step": null, "ts": 1639193661.021032}]}, "version": 50}
{"obj": {"type": "LogFloats", "path": ["monitoring", "gpu_memory"], "values": [{"value": 1.5211181640625, "step": null, "ts": 1639193661.021032}]}, "version": 51}
{"obj": {"type": "LogFloats", "path": ["monitoring", "cpu"], "values": [{"value": 1.6, "step": null, "ts": 1639193671.024165}]}, "version": 52}
{"obj": {"type": "LogFloats", "path": ["monitoring", "memory"], "values": [{"value": 6.533946990966797, "step": null, "ts": 1639193671.024165}]}, "version": 53}
{"obj": {"type": "LogFloats", "path": ["monitoring", "gpu_memory"], "values": [{"value": 1.5211181640625, "step": null, "ts": 1639193671.024165}]}, "version": 54}
{"obj": {"type": "LogFloats", "path": ["monitoring", "cpu"], "values": [{"value": 1.4, "step": null, "ts": 1639193681.0270996}]}, "version": 55}
{"obj": {"type": "LogFloats", "path": ["monitoring", "memory"], "values": [{"value": 6.513866424560547, "step": null, "ts": 1639193681.0270996}]}, "version": 56}
{"obj": {"type": "LogFloats", "path": ["monitoring", "gpu_memory"], "values": [{"value": 1.5211181640625, "step": null, "ts": 1639193681.0270996}]}, "version": 57}
{"obj": {"type": "LogFloats", "path": ["monitoring", "cpu"], "values": [{"value": 5.9, "step": null, "ts": 1639193691.0296218}]}, "version": 58}
{"obj": {"type": "LogFloats", "path": ["monitoring", "memory"], "values": [{"value": 6.48333740234375, "step": null, "ts": 1639193691.0296218}]}, "version": 59}
{"obj": {"type": "LogFloats", "path": ["monitoring", "gpu_memory"], "values": [{"value": 1.5211181640625, "step": null, "ts": 1639193691.0296218}]}, "version": 60}
