{"obj": {"type": "AssignString", "path": ["sys", "name"], "value": "Untitled"}, "version": 1}
{"obj": {"type": "AssignString", "path": ["sys", "description"], "value": ""}, "version": 2}
{"obj": {"type": "AssignString", "path": ["sys", "hostname"], "value": "nipa2019-0087"}, "version": 3}
{"obj": {"type": "AssignBool", "path": ["sys", "failed"], "value": false}, "version": 4}
{"obj": {"type": "ClearStringLog", "path": ["monitoring", "stdout"]}, "version": 5}
{"obj": {"type": "ClearStringLog", "path": ["monitoring", "stderr"]}, "version": 6}
{"obj": {"type": "AssignString", "path": ["source_code", "entrypoint"], "value": "main.py"}, "version": 7}
{"obj": {"type": "UploadFileSet", "path": ["source_code", "files"], "file_globs": ["/home/jaeho3690/Meta/main.py"], "reset": "False"}, "version": 8}
{"obj": {"type": "ConfigFloatSeries", "path": ["monitoring", "cpu"], "min": 0.0, "max": 100.0, "unit": "%"}, "version": 9}
{"obj": {"type": "ClearFloatLog", "path": ["monitoring", "cpu"]}, "version": 10}
{"obj": {"type": "ConfigFloatSeries", "path": ["monitoring", "memory"], "min": 0.0, "max": 88.49047470092773, "unit": "GB"}, "version": 11}
{"obj": {"type": "ClearFloatLog", "path": ["monitoring", "memory"]}, "version": 12}
{"obj": {"type": "ConfigFloatSeries", "path": ["monitoring", "gpu"], "min": 0.0, "max": 100.0, "unit": "%"}, "version": 13}
{"obj": {"type": "ClearFloatLog", "path": ["monitoring", "gpu"]}, "version": 14}
{"obj": {"type": "ConfigFloatSeries", "path": ["monitoring", "gpu_memory"], "min": 0.0, "max": 31.71923828125, "unit": "GB"}, "version": 15}
{"obj": {"type": "ClearFloatLog", "path": ["monitoring", "gpu_memory"]}, "version": 16}
{"obj": {"type": "LogFloats", "path": ["monitoring", "cpu"], "values": [{"value": 6.1, "step": null, "ts": 1638962870.3544877}]}, "version": 17}
{"obj": {"type": "LogFloats", "path": ["monitoring", "memory"], "values": [{"value": 7.876628875732422, "step": null, "ts": 1638962870.3544877}]}, "version": 18}
{"obj": {"type": "LogFloats", "path": ["monitoring", "gpu_memory"], "values": [{"value": 1.5211181640625, "step": null, "ts": 1638962870.3544877}]}, "version": 19}
{"obj": {"type": "LogStrings", "path": ["monitoring", "stdout"], "values": [{"value": "", "step": null, "ts": 1638962870.3594706}]}, "version": 20}
{"obj": {"type": "LogStrings", "path": ["monitoring", "stdout"], "values": [{"value": "https://app.neptune.ai/jaeho3690/metalearningCW/e/MET-30\n", "step": null, "ts": 1638962870.3600032}]}, "version": 21}
{"obj": {"type": "LogStrings", "path": ["monitoring", "traceback"], "values": [{"value": "An uncaught exception occurred while run was active on worker nipa2019-0087.", "step": null, "ts": 1638962870.3604476}, {"value": "Marking run as failed", "step": null, "ts": 1638962870.3604476}, {"value": "Traceback:", "step": null, "ts": 1638962870.3604476}, {"value": "  File \"main.py\", line 69, in <module>\n    main()\n", "step": null, "ts": 1638962870.3604476}, {"value": "  File \"main.py\", line 38, in main\n    neptune.append_tags(meta_config[\"model\"], meta_config[\"dataset\"], meta_config[\"N\"], meta_config[\"K\"], meta_config[\"Q\"])\n", "step": null, "ts": 1638962870.3604476}, {"value": "  File \"/home/ubuntu/anaconda3/envs/meta/lib/python3.8/site-packages/neptune/new/__init__.py\", line 41, in _raise_legacy_client_expected\n    raise NeptunePossibleLegacyUsageException()\n", "step": null, "ts": 1638962870.3604476}, {"value": "", "step": null, "ts": 1638962870.3604476}, {"value": "\u001b[95m", "step": null, "ts": 1638962870.3604476}, {"value": "----NeptunePossibleLegacyUsageException----------------------------------------------------------------", "step": null, "ts": 1638962870.3604476}, {"value": "\u001b[0m", "step": null, "ts": 1638962870.3604476}, {"value": "It seems you are trying to use legacy API, but imported the new one.", "step": null, "ts": 1638962870.3604476}, {"value": "", "step": null, "ts": 1638962870.3604476}, {"value": "Simply update your import statement to:", "step": null, "ts": 1638962870.3604476}, {"value": "    \u001b[96mimport neptune\u001b[0m", "step": null, "ts": 1638962870.3604476}, {"value": "", "step": null, "ts": 1638962870.3604476}, {"value": "You may want to check the Legacy API docs:", "step": null, "ts": 1638962870.3604476}, {"value": "    - https://docs-legacy.neptune.ai", "step": null, "ts": 1638962870.3604476}, {"value": "", "step": null, "ts": 1638962870.3604476}, {"value": "If you want to update your code with the new API we prepared a handy migration guide:", "step": null, "ts": 1638962870.3604476}, {"value": "    - https://docs.neptune.ai/migration-guide", "step": null, "ts": 1638962870.3604476}, {"value": "", "step": null, "ts": 1638962870.3604476}, {"value": "You can read more about neptune.new in the release blog post:", "step": null, "ts": 1638962870.3604476}, {"value": "    - https://neptune.ai/blog/neptune-new", "step": null, "ts": 1638962870.3604476}, {"value": "", "step": null, "ts": 1638962870.3604476}, {"value": "You may also want to check the following docs pages:", "step": null, "ts": 1638962870.3604476}, {"value": "    - https://docs-legacy.neptune.ai/getting-started/integrate-neptune-into-your-codebase.html", "step": null, "ts": 1638962870.3604476}, {"value": "", "step": null, "ts": 1638962870.3604476}, {"value": "\u001b[92mNeed help?\u001b[0m-> https://docs.neptune.ai/getting-started/getting-help", "step": null, "ts": 1638962870.3604476}, {"value": "", "step": null, "ts": 1638962870.3604476}]}, "version": 22}
{"obj": {"type": "AssignBool", "path": ["sys", "failed"], "value": true}, "version": 23}
{"obj": {"type": "LogStrings", "path": ["monitoring", "stderr"], "values": [{"value": "Traceback (most recent call last):\n", "step": null, "ts": 1638962870.3610253}]}, "version": 24}
{"obj": {"type": "LogStrings", "path": ["monitoring", "stderr"], "values": [{"value": "  File \"main.py\", line 69, in <module>\n", "step": null, "ts": 1638962870.3611126}]}, "version": 25}
{"obj": {"type": "LogStrings", "path": ["monitoring", "stderr"], "values": [{"value": "    ", "step": null, "ts": 1638962870.361266}]}, "version": 26}
{"obj": {"type": "LogStrings", "path": ["monitoring", "stderr"], "values": [{"value": "main()", "step": null, "ts": 1638962870.3613424}]}, "version": 27}
{"obj": {"type": "LogStrings", "path": ["monitoring", "stderr"], "values": [{"value": "\n", "step": null, "ts": 1638962870.3614128}]}, "version": 28}
{"obj": {"type": "LogStrings", "path": ["monitoring", "stderr"], "values": [{"value": "  File \"main.py\", line 38, in main\n", "step": null, "ts": 1638962870.3614829}]}, "version": 29}
{"obj": {"type": "LogStrings", "path": ["monitoring", "stderr"], "values": [{"value": "    ", "step": null, "ts": 1638962870.3615975}]}, "version": 30}
{"obj": {"type": "LogStrings", "path": ["monitoring", "stderr"], "values": [{"value": "neptune.append_tags(meta_config[\"model\"], meta_config[\"dataset\"], meta_config[\"N\"], meta_config[\"K\"], meta_config[\"Q\"])", "step": null, "ts": 1638962870.361668}]}, "version": 31}
{"obj": {"type": "LogStrings", "path": ["monitoring", "stderr"], "values": [{"value": "\n", "step": null, "ts": 1638962870.3617373}]}, "version": 32}
{"obj": {"type": "LogStrings", "path": ["monitoring", "stderr"], "values": [{"value": "  File \"/home/ubuntu/anaconda3/envs/meta/lib/python3.8/site-packages/neptune/new/__init__.py\", line 41, in _raise_legacy_client_expected\n", "step": null, "ts": 1638962870.361805}]}, "version": 33}
{"obj": {"type": "LogStrings", "path": ["monitoring", "stderr"], "values": [{"value": "    ", "step": null, "ts": 1638962870.3619306}]}, "version": 34}
{"obj": {"type": "LogStrings", "path": ["monitoring", "stderr"], "values": [{"value": "raise NeptunePossibleLegacyUsageException()", "step": null, "ts": 1638962870.3620017}]}, "version": 35}
{"obj": {"type": "LogStrings", "path": ["monitoring", "stderr"], "values": [{"value": "\n", "step": null, "ts": 1638962870.3620684}]}, "version": 36}
{"obj": {"type": "LogStrings", "path": ["monitoring", "stderr"], "values": [{"value": "neptune.new.exceptions", "step": null, "ts": 1638962870.3622074}]}, "version": 37}
{"obj": {"type": "LogStrings", "path": ["monitoring", "stderr"], "values": [{"value": ".", "step": null, "ts": 1638962870.3622777}]}, "version": 38}
{"obj": {"type": "LogStrings", "path": ["monitoring", "stderr"], "values": [{"value": "NeptunePossibleLegacyUsageException", "step": null, "ts": 1638962870.3626895}]}, "version": 39}
{"obj": {"type": "LogStrings", "path": ["monitoring", "stderr"], "values": [{"value": ": ", "step": null, "ts": 1638962870.362799}]}, "version": 40}
{"obj": {"type": "LogStrings", "path": ["monitoring", "stderr"], "values": [{"value": "\n\u001b[95m\n----NeptunePossibleLegacyUsageException----------------------------------------------------------------\n\u001b[0m\nIt seems you are trying to use legacy API, but imported the new one.\n\nSimply update your import statement to:\n    \u001b[96mimport neptune\u001b[0m\n\nYou may want to check the Legacy API docs:\n    - https://docs-legacy.neptune.ai\n\nIf you want to update your code with the new API we prepared a handy migration guide:\n    - https://docs.neptune.ai/migration-guide\n\nYou can read more about neptune.new in the release blog post:\n    - https://neptune.ai/blog/neptune-new\n\nYou may also want to check the following docs pages:\n    - https://docs-legacy.neptune.ai/getting-started/integrate-neptune-into-your-codebase.html\n\n\u001b[92mNeed help?\u001b[0m-> https://docs.neptune.ai/getting-started/getting-help\n", "step": null, "ts": 1638962870.3629055}]}, "version": 41}
{"obj": {"type": "LogStrings", "path": ["monitoring", "stderr"], "values": [{"value": "\n", "step": null, "ts": 1638962870.363038}]}, "version": 42}
{"obj": {"type": "LogStrings", "path": ["monitoring", "stdout"], "values": [{"value": "Shutting down background jobs, please wait a moment...\n", "step": null, "ts": 1638962870.3631833}]}, "version": 43}
