{"obj": {"type": "AssignString", "path": ["sys", "name"], "value": "Untitled"}, "version": 1}
{"obj": {"type": "AssignString", "path": ["sys", "description"], "value": ""}, "version": 2}
{"obj": {"type": "AssignString", "path": ["sys", "hostname"], "value": "nipa2019-0087"}, "version": 3}
{"obj": {"type": "AssignBool", "path": ["sys", "failed"], "value": false}, "version": 4}
{"obj": {"type": "ClearStringLog", "path": ["monitoring", "stdout"]}, "version": 5}
{"obj": {"type": "ClearStringLog", "path": ["monitoring", "stderr"]}, "version": 6}
{"obj": {"type": "AssignString", "path": ["source_code", "entrypoint"], "value": "main.py"}, "version": 7}
{"obj": {"type": "UploadFileSet", "path": ["source_code", "files"], "file_globs": ["/home/jaeho3690/Meta/main.py"], "reset": "False"}, "version": 8}
{"obj": {"type": "ConfigFloatSeries", "path": ["monitoring", "cpu"], "min": 0.0, "max": 100.0, "unit": "%"}, "version": 9}
{"obj": {"type": "ClearFloatLog", "path": ["monitoring", "cpu"]}, "version": 10}
{"obj": {"type": "ConfigFloatSeries", "path": ["monitoring", "memory"], "min": 0.0, "max": 88.49047470092773, "unit": "GB"}, "version": 11}
{"obj": {"type": "ClearFloatLog", "path": ["monitoring", "memory"]}, "version": 12}
{"obj": {"type": "ConfigFloatSeries", "path": ["monitoring", "gpu"], "min": 0.0, "max": 100.0, "unit": "%"}, "version": 13}
{"obj": {"type": "ClearFloatLog", "path": ["monitoring", "gpu"]}, "version": 14}
{"obj": {"type": "ConfigFloatSeries", "path": ["monitoring", "gpu_memory"], "min": 0.0, "max": 31.71923828125, "unit": "GB"}, "version": 15}
{"obj": {"type": "ClearFloatLog", "path": ["monitoring", "gpu_memory"]}, "version": 16}
{"obj": {"type": "LogFloats", "path": ["monitoring", "cpu"], "values": [{"value": 8.4, "step": null, "ts": 1638962992.0245636}]}, "version": 17}
{"obj": {"type": "LogFloats", "path": ["monitoring", "memory"], "values": [{"value": 8.30340576171875, "step": null, "ts": 1638962992.0245636}]}, "version": 18}
{"obj": {"type": "LogFloats", "path": ["monitoring", "gpu_memory"], "values": [{"value": 1.5211181640625, "step": null, "ts": 1638962992.0245636}]}, "version": 19}
{"obj": {"type": "LogStrings", "path": ["monitoring", "stdout"], "values": [{"value": "", "step": null, "ts": 1638962992.0335865}]}, "version": 20}
{"obj": {"type": "LogStrings", "path": ["monitoring", "stdout"], "values": [{"value": "https://app.neptune.ai/jaeho3690/metalearningCW/e/MET-36\n", "step": null, "ts": 1638962992.0349364}]}, "version": 21}
{"obj": {"type": "LogStrings", "path": ["monitoring", "traceback"], "values": [{"value": "An uncaught exception occurred while run was active on worker nipa2019-0087.", "step": null, "ts": 1638962992.036135}, {"value": "Marking run as failed", "step": null, "ts": 1638962992.036135}, {"value": "Traceback:", "step": null, "ts": 1638962992.036135}, {"value": "  File \"main.py\", line 69, in <module>\n    main()\n", "step": null, "ts": 1638962992.036135}, {"value": "  File \"main.py\", line 38, in main\n    logger[\"sys/tags\"].add([meta_config[\"model\"], meta_config[\"dataset\"], meta_config[\"N\"], meta_config[\"K\"], meta_config[\"Q\"]])\n", "step": null, "ts": 1638962992.036135}, {"value": "  File \"/home/ubuntu/anaconda3/envs/meta/lib/python3.8/site-packages/neptune/new/handler.py\", line 268, in add\n    attr.add(values, wait)\n", "step": null, "ts": 1638962992.036135}, {"value": "  File \"/home/ubuntu/anaconda3/envs/meta/lib/python3.8/site-packages/neptune/new/attributes/sets/string_set.py\", line 42, in add\n    values = self._to_proper_value_type(values)\n", "step": null, "ts": 1638962992.036135}, {"value": "  File \"/home/ubuntu/anaconda3/envs/meta/lib/python3.8/site-packages/neptune/new/attributes/sets/string_set.py\", line 63, in _to_proper_value_type\n    verify_collection_type(\"values\", values, str)\n", "step": null, "ts": 1638962992.036135}, {"value": "  File \"/home/ubuntu/anaconda3/envs/meta/lib/python3.8/site-packages/neptune/new/internal/utils/__init__.py\", line 103, in verify_collection_type\n    verify_type(\n", "step": null, "ts": 1638962992.036135}, {"value": "  File \"/home/ubuntu/anaconda3/envs/meta/lib/python3.8/site-packages/neptune/new/internal/utils/__init__.py\", line 46, in verify_type\n    raise TypeError(\n", "step": null, "ts": 1638962992.036135}, {"value": "elements of collection 'values' must be a str (was <class 'int'>)", "step": null, "ts": 1638962992.036135}]}, "version": 22}
{"obj": {"type": "AssignBool", "path": ["sys", "failed"], "value": true}, "version": 23}
{"obj": {"type": "LogStrings", "path": ["monitoring", "stderr"], "values": [{"value": "Traceback (most recent call last):\n", "step": null, "ts": 1638962992.0369136}]}, "version": 24}
{"obj": {"type": "LogStrings", "path": ["monitoring", "stderr"], "values": [{"value": "  File \"main.py\", line 69, in <module>\n", "step": null, "ts": 1638962992.0375073}]}, "version": 25}
{"obj": {"type": "LogStrings", "path": ["monitoring", "stderr"], "values": [{"value": "    ", "step": null, "ts": 1638962992.0377557}]}, "version": 26}
{"obj": {"type": "LogStrings", "path": ["monitoring", "stderr"], "values": [{"value": "main()", "step": null, "ts": 1638962992.037884}]}, "version": 27}
{"obj": {"type": "LogStrings", "path": ["monitoring", "stderr"], "values": [{"value": "\n", "step": null, "ts": 1638962992.0380392}]}, "version": 28}
{"obj": {"type": "LogStrings", "path": ["monitoring", "stderr"], "values": [{"value": "  File \"main.py\", line 38, in main\n", "step": null, "ts": 1638962992.038181}]}, "version": 29}
{"obj": {"type": "LogStrings", "path": ["monitoring", "stderr"], "values": [{"value": "    ", "step": null, "ts": 1638962992.038407}]}, "version": 30}
{"obj": {"type": "LogStrings", "path": ["monitoring", "stderr"], "values": [{"value": "logger[\"sys/tags\"].add([meta_config[\"model\"], meta_config[\"dataset\"], meta_config[\"N\"], meta_config[\"K\"], meta_config[\"Q\"]])", "step": null, "ts": 1638962992.0385902}]}, "version": 31}
{"obj": {"type": "LogStrings", "path": ["monitoring", "stderr"], "values": [{"value": "\n", "step": null, "ts": 1638962992.0387366}]}, "version": 32}
{"obj": {"type": "LogStrings", "path": ["monitoring", "stderr"], "values": [{"value": "  File \"/home/ubuntu/anaconda3/envs/meta/lib/python3.8/site-packages/neptune/new/handler.py\", line 268, in add\n", "step": null, "ts": 1638962992.0388806}]}, "version": 33}
{"obj": {"type": "LogStrings", "path": ["monitoring", "stderr"], "values": [{"value": "    ", "step": null, "ts": 1638962992.039181}]}, "version": 34}
{"obj": {"type": "LogStrings", "path": ["monitoring", "stderr"], "values": [{"value": "attr.add(values, wait)", "step": null, "ts": 1638962992.0393016}]}, "version": 35}
{"obj": {"type": "LogStrings", "path": ["monitoring", "stderr"], "values": [{"value": "\n", "step": null, "ts": 1638962992.0394378}]}, "version": 36}
{"obj": {"type": "LogStrings", "path": ["monitoring", "stderr"], "values": [{"value": "  File \"/home/ubuntu/anaconda3/envs/meta/lib/python3.8/site-packages/neptune/new/attributes/sets/string_set.py\", line 42, in add\n", "step": null, "ts": 1638962992.0396872}]}, "version": 37}
{"obj": {"type": "LogStrings", "path": ["monitoring", "stderr"], "values": [{"value": "    ", "step": null, "ts": 1638962992.0399206}]}, "version": 38}
{"obj": {"type": "LogStrings", "path": ["monitoring", "stderr"], "values": [{"value": "values = self._to_proper_value_type(values)", "step": null, "ts": 1638962992.0400445}]}, "version": 39}
{"obj": {"type": "LogStrings", "path": ["monitoring", "stderr"], "values": [{"value": "\n", "step": null, "ts": 1638962992.0401843}]}, "version": 40}
{"obj": {"type": "LogStrings", "path": ["monitoring", "stderr"], "values": [{"value": "  File \"/home/ubuntu/anaconda3/envs/meta/lib/python3.8/site-packages/neptune/new/attributes/sets/string_set.py\", line 63, in _to_proper_value_type\n", "step": null, "ts": 1638962992.0403268}]}, "version": 41}
{"obj": {"type": "LogStrings", "path": ["monitoring", "stderr"], "values": [{"value": "    ", "step": null, "ts": 1638962992.040544}]}, "version": 42}
{"obj": {"type": "LogStrings", "path": ["monitoring", "stderr"], "values": [{"value": "verify_collection_type(\"values\", values, str)", "step": null, "ts": 1638962992.040665}]}, "version": 43}
{"obj": {"type": "LogStrings", "path": ["monitoring", "stderr"], "values": [{"value": "\n", "step": null, "ts": 1638962992.0408006}]}, "version": 44}
{"obj": {"type": "LogStrings", "path": ["monitoring", "stderr"], "values": [{"value": "  File \"/home/ubuntu/anaconda3/envs/meta/lib/python3.8/site-packages/neptune/new/internal/utils/__init__.py\", line 103, in verify_collection_type\n", "step": null, "ts": 1638962992.0409288}]}, "version": 45}
{"obj": {"type": "LogStrings", "path": ["monitoring", "stderr"], "values": [{"value": "    ", "step": null, "ts": 1638962992.0411487}]}, "version": 46}
{"obj": {"type": "LogStrings", "path": ["monitoring", "stderr"], "values": [{"value": "verify_type(", "step": null, "ts": 1638962992.0412772}]}, "version": 47}
{"obj": {"type": "LogStrings", "path": ["monitoring", "stderr"], "values": [{"value": "\n", "step": null, "ts": 1638962992.0415275}]}, "version": 48}
{"obj": {"type": "LogStrings", "path": ["monitoring", "stderr"], "values": [{"value": "  File \"/home/ubuntu/anaconda3/envs/meta/lib/python3.8/site-packages/neptune/new/internal/utils/__init__.py\", line 46, in verify_type\n", "step": null, "ts": 1638962992.0416813}]}, "version": 49}
{"obj": {"type": "LogStrings", "path": ["monitoring", "stderr"], "values": [{"value": "    ", "step": null, "ts": 1638962992.041896}]}, "version": 50}
{"obj": {"type": "LogStrings", "path": ["monitoring", "stderr"], "values": [{"value": "raise TypeError(", "step": null, "ts": 1638962992.0420203}]}, "version": 51}
{"obj": {"type": "LogStrings", "path": ["monitoring", "stderr"], "values": [{"value": "\n", "step": null, "ts": 1638962992.0421548}]}, "version": 52}
{"obj": {"type": "LogStrings", "path": ["monitoring", "stderr"], "values": [{"value": "TypeError", "step": null, "ts": 1638962992.042284}]}, "version": 53}
{"obj": {"type": "LogStrings", "path": ["monitoring", "stderr"], "values": [{"value": ": ", "step": null, "ts": 1638962992.042406}]}, "version": 54}
{"obj": {"type": "LogStrings", "path": ["monitoring", "stderr"], "values": [{"value": "elements of collection 'values' must be a str (was <class 'int'>)", "step": null, "ts": 1638962992.0425773}]}, "version": 55}
{"obj": {"type": "LogStrings", "path": ["monitoring", "stderr"], "values": [{"value": "\n", "step": null, "ts": 1638962992.0427067}]}, "version": 56}
{"obj": {"type": "LogStrings", "path": ["monitoring", "stdout"], "values": [{"value": "Shutting down background jobs, please wait a moment...\n", "step": null, "ts": 1638962992.0429301}]}, "version": 57}
